[ 2014-10-01T23:00:25+08:00 ] 127.0.0.1 /find/
INFO: [ app_begin ] --START--
INFO: Run ReadHtmlCache Behavior [ RunTime:0.005248s ]
INFO: [ app_begin ] --END-- [ RunTime:0.031471s ]
INFO: [ view_template ] --START--
INFO: Run LocationTemplate Behavior [ RunTime:0.015737s ]
INFO: [ view_template ] --END-- [ RunTime:0.016127s ]
INFO: [ view_parse ] --START--
NOTIC: [8] Use of undefined constant register - assumed 'register' G:\www\find\APP\Runtime\Cache\e5b19ddd3d471b21bbda02c5e4185b4b.php 第 17 行.
NOTIC: [8] Use of undefined constant checkEmail - assumed 'checkEmail' G:\www\find\APP\Runtime\Cache\e5b19ddd3d471b21bbda02c5e4185b4b.php 第 18 行.
NOTIC: [8] Use of undefined constant checkNicheng - assumed 'checkNicheng' G:\www\find\APP\Runtime\Cache\e5b19ddd3d471b21bbda02c5e4185b4b.php 第 19 行.
NOTIC: [8] Use of undefined constant checkUser - assumed 'checkUser' G:\www\find\APP\Runtime\Cache\e5b19ddd3d471b21bbda02c5e4185b4b.php 第 20 行.
NOTIC: [8] Use of undefined constant login - assumed 'login' G:\www\find\APP\Runtime\Cache\e5b19ddd3d471b21bbda02c5e4185b4b.php 第 21 行.
INFO: Run ParseTemplate Behavior [ RunTime:0.222713s ]
INFO: [ view_parse ] --END-- [ RunTime:0.223034s ]
INFO: [ view_filter ] --START--
INFO: Run ContentReplace Behavior [ RunTime:0.002870s ]
INFO: Run TokenBuild Behavior [ RunTime:0.003285s ]
INFO: Run WriteHtmlCache Behavior [ RunTime:0.014478s ]
INFO: Run ShowRuntime Behavior [ RunTime:0.003750s ]
INFO: [ view_filter ] --END-- [ RunTime:0.025288s ]
INFO: [ view_end ] --START--
INFO: Run ShowPageTrace Behavior [ RunTime:0.005305s ]
INFO: [ view_end ] --END-- [ RunTime:0.005755s ]

[ 2014-10-01T23:00:46+08:00 ] 127.0.0.1 /find/index.php/Member/index
INFO: [ route_check ] --START--
INFO: Run CheckRoute Behavior [ RunTime:0.026717s ]
INFO: [ route_check ] --END-- [ RunTime:0.026977s ]
INFO: [ app_begin ] --START--
INFO: Run ReadHtmlCache Behavior [ RunTime:0.001198s ]
INFO: [ app_begin ] --END-- [ RunTime:0.001355s ]
INFO: [ view_template ] --START--
INFO: Run LocationTemplate Behavior [ RunTime:0.001466s ]
INFO: [ view_template ] --END-- [ RunTime:0.001599s ]
INFO: [ view_parse ] --START--
NOTIC: [8] Use of undefined constant register - assumed 'register' G:\www\find\APP\Runtime\Cache\0b3707b7e303f2c6deb8da69852d9ce3.php 第 17 行.
NOTIC: [8] Use of undefined constant checkEmail - assumed 'checkEmail' G:\www\find\APP\Runtime\Cache\0b3707b7e303f2c6deb8da69852d9ce3.php 第 18 行.
NOTIC: [8] Use of undefined constant checkNicheng - assumed 'checkNicheng' G:\www\find\APP\Runtime\Cache\0b3707b7e303f2c6deb8da69852d9ce3.php 第 19 行.
NOTIC: [8] Use of undefined constant checkUser - assumed 'checkUser' G:\www\find\APP\Runtime\Cache\0b3707b7e303f2c6deb8da69852d9ce3.php 第 20 行.
NOTIC: [8] Use of undefined constant login - assumed 'login' G:\www\find\APP\Runtime\Cache\0b3707b7e303f2c6deb8da69852d9ce3.php 第 21 行.
INFO: Run ParseTemplate Behavior [ RunTime:0.063557s ]
INFO: [ view_parse ] --END-- [ RunTime:0.063805s ]
INFO: [ view_filter ] --START--
INFO: Run ContentReplace Behavior [ RunTime:0.001923s ]
INFO: Run TokenBuild Behavior [ RunTime:0.001779s ]
INFO: Run WriteHtmlCache Behavior [ RunTime:0.001338s ]
INFO: Run ShowRuntime Behavior [ RunTime:0.002020s ]
INFO: [ view_filter ] --END-- [ RunTime:0.007912s ]
INFO: [ view_end ] --START--
INFO: Run ShowPageTrace Behavior [ RunTime:0.002268s ]
INFO: [ view_end ] --END-- [ RunTime:0.002593s ]

[ 2014-10-01T23:16:33+08:00 ] 127.0.0.1 /find/
INFO: [ app_begin ] --START--
INFO: Run ReadHtmlCache Behavior [ RunTime:0.002410s ]
INFO: [ app_begin ] --END-- [ RunTime:0.002646s ]
INFO: [ view_template ] --START--
INFO: Run LocationTemplate Behavior [ RunTime:0.003282s ]
INFO: [ view_template ] --END-- [ RunTime:0.003507s ]
INFO: [ view_parse ] --START--
NOTIC: [8] Use of undefined constant register - assumed 'register' G:\www\find\APP\Runtime\Cache\e5b19ddd3d471b21bbda02c5e4185b4b.php 第 17 行.
NOTIC: [8] Use of undefined constant checkEmail - assumed 'checkEmail' G:\www\find\APP\Runtime\Cache\e5b19ddd3d471b21bbda02c5e4185b4b.php 第 18 行.
NOTIC: [8] Use of undefined constant checkNicheng - assumed 'checkNicheng' G:\www\find\APP\Runtime\Cache\e5b19ddd3d471b21bbda02c5e4185b4b.php 第 19 行.
NOTIC: [8] Use of undefined constant checkUser - assumed 'checkUser' G:\www\find\APP\Runtime\Cache\e5b19ddd3d471b21bbda02c5e4185b4b.php 第 20 行.
NOTIC: [8] Use of undefined constant login - assumed 'login' G:\www\find\APP\Runtime\Cache\e5b19ddd3d471b21bbda02c5e4185b4b.php 第 21 行.
INFO: Run ParseTemplate Behavior [ RunTime:0.092855s ]
INFO: [ view_parse ] --END-- [ RunTime:0.093111s ]
INFO: [ view_filter ] --START--
INFO: Run ContentReplace Behavior [ RunTime:0.002180s ]
INFO: Run TokenBuild Behavior [ RunTime:0.002331s ]
INFO: Run WriteHtmlCache Behavior [ RunTime:0.002241s ]
INFO: Run ShowRuntime Behavior [ RunTime:0.002395s ]
INFO: [ view_filter ] --END-- [ RunTime:0.010045s ]
INFO: [ view_end ] --START--
INFO: Run ShowPageTrace Behavior [ RunTime:0.002801s ]
INFO: [ view_end ] --END-- [ RunTime:0.003090s ]

[ 2014-10-01T23:17:00+08:00 ] 127.0.0.1 /find/index.php
INFO: [ app_begin ] --START--
INFO: Run ReadHtmlCache Behavior [ RunTime:0.004035s ]
INFO: [ app_begin ] --END-- [ RunTime:0.005244s ]
INFO: [ view_template ] --START--
INFO: Run LocationTemplate Behavior [ RunTime:0.002383s ]
INFO: [ view_template ] --END-- [ RunTime:0.002659s ]
INFO: [ view_parse ] --START--
NOTIC: [8] Use of undefined constant register - assumed 'register' G:\www\find\APP\Runtime\Cache\e5b19ddd3d471b21bbda02c5e4185b4b.php 第 17 行.
NOTIC: [8] Use of undefined constant checkEmail - assumed 'checkEmail' G:\www\find\APP\Runtime\Cache\e5b19ddd3d471b21bbda02c5e4185b4b.php 第 18 行.
NOTIC: [8] Use of undefined constant checkNicheng - assumed 'checkNicheng' G:\www\find\APP\Runtime\Cache\e5b19ddd3d471b21bbda02c5e4185b4b.php 第 19 行.
NOTIC: [8] Use of undefined constant checkUser - assumed 'checkUser' G:\www\find\APP\Runtime\Cache\e5b19ddd3d471b21bbda02c5e4185b4b.php 第 20 行.
NOTIC: [8] Use of undefined constant login - assumed 'login' G:\www\find\APP\Runtime\Cache\e5b19ddd3d471b21bbda02c5e4185b4b.php 第 21 行.
INFO: Run ParseTemplate Behavior [ RunTime:0.144210s ]
INFO: [ view_parse ] --END-- [ RunTime:0.144392s ]
INFO: [ view_filter ] --START--
INFO: Run ContentReplace Behavior [ RunTime:0.032505s ]
INFO: Run TokenBuild Behavior [ RunTime:0.002806s ]
INFO: Run WriteHtmlCache Behavior [ RunTime:0.015947s ]
INFO: Run ShowRuntime Behavior [ RunTime:0.007336s ]
INFO: [ view_filter ] --END-- [ RunTime:0.059707s ]
INFO: [ view_end ] --START--
INFO: Run ShowPageTrace Behavior [ RunTime:0.009370s ]
INFO: [ view_end ] --END-- [ RunTime:0.009578s ]

[ 2014-10-01T23:17:00+08:00 ] 127.0.0.1 /find/index.php/Member/index
INFO: [ route_check ] --START--
INFO: Run CheckRoute Behavior [ RunTime:0.002127s ]
INFO: [ route_check ] --END-- [ RunTime:0.002354s ]
INFO: [ app_begin ] --START--
INFO: Run ReadHtmlCache Behavior [ RunTime:0.001251s ]
INFO: [ app_begin ] --END-- [ RunTime:0.001443s ]
INFO: [ view_template ] --START--
INFO: Run LocationTemplate Behavior [ RunTime:0.002247s ]
INFO: [ view_template ] --END-- [ RunTime:0.002531s ]
INFO: [ view_parse ] --START--
NOTIC: [8] Use of undefined constant register - assumed 'register' G:\www\find\APP\Runtime\Cache\0b3707b7e303f2c6deb8da69852d9ce3.php 第 17 行.
NOTIC: [8] Use of undefined constant checkEmail - assumed 'checkEmail' G:\www\find\APP\Runtime\Cache\0b3707b7e303f2c6deb8da69852d9ce3.php 第 18 行.
NOTIC: [8] Use of undefined constant checkNicheng - assumed 'checkNicheng' G:\www\find\APP\Runtime\Cache\0b3707b7e303f2c6deb8da69852d9ce3.php 第 19 行.
NOTIC: [8] Use of undefined constant checkUser - assumed 'checkUser' G:\www\find\APP\Runtime\Cache\0b3707b7e303f2c6deb8da69852d9ce3.php 第 20 行.
NOTIC: [8] Use of undefined constant login - assumed 'login' G:\www\find\APP\Runtime\Cache\0b3707b7e303f2c6deb8da69852d9ce3.php 第 21 行.
INFO: Run ParseTemplate Behavior [ RunTime:0.047793s ]
INFO: [ view_parse ] --END-- [ RunTime:0.048017s ]
INFO: [ view_filter ] --START--
INFO: Run ContentReplace Behavior [ RunTime:0.001135s ]
INFO: Run TokenBuild Behavior [ RunTime:0.000986s ]
INFO: Run WriteHtmlCache Behavior [ RunTime:0.000757s ]
INFO: Run ShowRuntime Behavior [ RunTime:0.001159s ]
INFO: [ view_filter ] --END-- [ RunTime:0.004537s ]
INFO: [ view_end ] --START--
INFO: Run ShowPageTrace Behavior [ RunTime:0.001293s ]
INFO: [ view_end ] --END-- [ RunTime:0.001483s ]

[ 2014-10-01T23:18:05+08:00 ] 127.0.0.1 /find/index.php/Member/index
INFO: [ route_check ] --START--
INFO: Run CheckRoute Behavior [ RunTime:0.002216s ]
INFO: [ route_check ] --END-- [ RunTime:0.002373s ]
INFO: [ app_begin ] --START--
INFO: Run ReadHtmlCache Behavior [ RunTime:0.001352s ]
INFO: [ app_begin ] --END-- [ RunTime:0.001480s ]
INFO: [ view_template ] --START--
INFO: Run LocationTemplate Behavior [ RunTime:0.001578s ]
INFO: [ view_template ] --END-- [ RunTime:0.001794s ]
INFO: [ view_parse ] --START--
NOTIC: [8] Use of undefined constant register - assumed 'register' G:\www\find\APP\Runtime\Cache\0b3707b7e303f2c6deb8da69852d9ce3.php 第 17 行.
NOTIC: [8] Use of undefined constant checkEmail - assumed 'checkEmail' G:\www\find\APP\Runtime\Cache\0b3707b7e303f2c6deb8da69852d9ce3.php 第 18 行.
NOTIC: [8] Use of undefined constant checkNicheng - assumed 'checkNicheng' G:\www\find\APP\Runtime\Cache\0b3707b7e303f2c6deb8da69852d9ce3.php 第 19 行.
NOTIC: [8] Use of undefined constant checkUser - assumed 'checkUser' G:\www\find\APP\Runtime\Cache\0b3707b7e303f2c6deb8da69852d9ce3.php 第 20 行.
NOTIC: [8] Use of undefined constant login - assumed 'login' G:\www\find\APP\Runtime\Cache\0b3707b7e303f2c6deb8da69852d9ce3.php 第 21 行.
INFO: Run ParseTemplate Behavior [ RunTime:0.039099s ]
INFO: [ view_parse ] --END-- [ RunTime:0.039255s ]
INFO: [ view_filter ] --START--
INFO: Run ContentReplace Behavior [ RunTime:0.001276s ]
INFO: Run TokenBuild Behavior [ RunTime:0.001167s ]
INFO: Run WriteHtmlCache Behavior [ RunTime:0.001078s ]
INFO: Run ShowRuntime Behavior [ RunTime:0.001366s ]
INFO: [ view_filter ] --END-- [ RunTime:0.005341s ]
INFO: [ view_end ] --START--
INFO: Run ShowPageTrace Behavior [ RunTime:0.001370s ]
INFO: [ view_end ] --END-- [ RunTime:0.001540s ]

[ 2014-10-01T23:18:05+08:00 ] 127.0.0.1 /find/index.php/Member/index
INFO: [ route_check ] --START--
INFO: Run CheckRoute Behavior [ RunTime:0.002650s ]
INFO: [ route_check ] --END-- [ RunTime:0.002909s ]
INFO: [ app_begin ] --START--
INFO: Run ReadHtmlCache Behavior [ RunTime:0.001969s ]
INFO: [ app_begin ] --END-- [ RunTime:0.002216s ]
INFO: [ view_template ] --START--
INFO: Run LocationTemplate Behavior [ RunTime:0.002958s ]
INFO: [ view_template ] --END-- [ RunTime:0.003228s ]
INFO: [ view_parse ] --START--
NOTIC: [8] Use of undefined constant register - assumed 'register' G:\www\find\APP\Runtime\Cache\0b3707b7e303f2c6deb8da69852d9ce3.php 第 17 行.
NOTIC: [8] Use of undefined constant checkEmail - assumed 'checkEmail' G:\www\find\APP\Runtime\Cache\0b3707b7e303f2c6deb8da69852d9ce3.php 第 18 行.
NOTIC: [8] Use of undefined constant checkNicheng - assumed 'checkNicheng' G:\www\find\APP\Runtime\Cache\0b3707b7e303f2c6deb8da69852d9ce3.php 第 19 行.
NOTIC: [8] Use of undefined constant checkUser - assumed 'checkUser' G:\www\find\APP\Runtime\Cache\0b3707b7e303f2c6deb8da69852d9ce3.php 第 20 行.
NOTIC: [8] Use of undefined constant login - assumed 'login' G:\www\find\APP\Runtime\Cache\0b3707b7e303f2c6deb8da69852d9ce3.php 第 21 行.
INFO: Run ParseTemplate Behavior [ RunTime:0.022245s ]
INFO: [ view_parse ] --END-- [ RunTime:0.022479s ]
INFO: [ view_filter ] --START--
INFO: Run ContentReplace Behavior [ RunTime:0.001952s ]
INFO: Run TokenBuild Behavior [ RunTime:0.001493s ]
INFO: Run WriteHtmlCache Behavior [ RunTime:0.001194s ]
INFO: Run ShowRuntime Behavior [ RunTime:0.001575s ]
INFO: [ view_filter ] --END-- [ RunTime:0.006808s ]
INFO: [ view_end ] --START--
INFO: Run ShowPageTrace Behavior [ RunTime:0.001784s ]
INFO: [ view_end ] --END-- [ RunTime:0.001994s ]

[ 2014-10-01T23:18:05+08:00 ] 127.0.0.1 /find/index.php/Member/index
INFO: [ route_check ] --START--
INFO: Run CheckRoute Behavior [ RunTime:0.002258s ]
INFO: [ route_check ] --END-- [ RunTime:0.002484s ]
INFO: [ app_begin ] --START--
INFO: Run ReadHtmlCache Behavior [ RunTime:0.001915s ]
INFO: [ app_begin ] --END-- [ RunTime:0.002162s ]
INFO: [ view_template ] --START--
INFO: Run LocationTemplate Behavior [ RunTime:0.002176s ]
INFO: [ view_template ] --END-- [ RunTime:0.002394s ]
INFO: [ view_parse ] --START--
NOTIC: [8] Use of undefined constant register - assumed 'register' G:\www\find\APP\Runtime\Cache\0b3707b7e303f2c6deb8da69852d9ce3.php 第 17 行.
NOTIC: [8] Use of undefined constant checkEmail - assumed 'checkEmail' G:\www\find\APP\Runtime\Cache\0b3707b7e303f2c6deb8da69852d9ce3.php 第 18 行.
NOTIC: [8] Use of undefined constant checkNicheng - assumed 'checkNicheng' G:\www\find\APP\Runtime\Cache\0b3707b7e303f2c6deb8da69852d9ce3.php 第 19 行.
NOTIC: [8] Use of undefined constant checkUser - assumed 'checkUser' G:\www\find\APP\Runtime\Cache\0b3707b7e303f2c6deb8da69852d9ce3.php 第 20 行.
NOTIC: [8] Use of undefined constant login - assumed 'login' G:\www\find\APP\Runtime\Cache\0b3707b7e303f2c6deb8da69852d9ce3.php 第 21 行.
INFO: Run ParseTemplate Behavior [ RunTime:0.019884s ]
INFO: [ view_parse ] --END-- [ RunTime:0.020073s ]
INFO: [ view_filter ] --START--
INFO: Run ContentReplace Behavior [ RunTime:0.001555s ]
INFO: Run TokenBuild Behavior [ RunTime:0.001230s ]
INFO: Run WriteHtmlCache Behavior [ RunTime:0.001202s ]
INFO: Run ShowRuntime Behavior [ RunTime:0.001636s ]
INFO: [ view_filter ] --END-- [ RunTime:0.006258s ]
INFO: [ view_end ] --START--
INFO: Run ShowPageTrace Behavior [ RunTime:0.001805s ]
INFO: [ view_end ] --END-- [ RunTime:0.002037s ]

[ 2014-10-01T23:18:06+08:00 ] 127.0.0.1 /find/index.php/Member/index
INFO: [ route_check ] --START--
INFO: Run CheckRoute Behavior [ RunTime:0.002099s ]
INFO: [ route_check ] --END-- [ RunTime:0.002340s ]
INFO: [ app_begin ] --START--
INFO: Run ReadHtmlCache Behavior [ RunTime:0.001636s ]
INFO: [ app_begin ] --END-- [ RunTime:0.001861s ]
INFO: [ view_template ] --START--
INFO: Run LocationTemplate Behavior [ RunTime:0.001642s ]
INFO: [ view_template ] --END-- [ RunTime:0.001863s ]
INFO: [ view_parse ] --START--
NOTIC: [8] Use of undefined constant register - assumed 'register' G:\www\find\APP\Runtime\Cache\0b3707b7e303f2c6deb8da69852d9ce3.php 第 17 行.
NOTIC: [8] Use of undefined constant checkEmail - assumed 'checkEmail' G:\www\find\APP\Runtime\Cache\0b3707b7e303f2c6deb8da69852d9ce3.php 第 18 行.
NOTIC: [8] Use of undefined constant checkNicheng - assumed 'checkNicheng' G:\www\find\APP\Runtime\Cache\0b3707b7e303f2c6deb8da69852d9ce3.php 第 19 行.
NOTIC: [8] Use of undefined constant checkUser - assumed 'checkUser' G:\www\find\APP\Runtime\Cache\0b3707b7e303f2c6deb8da69852d9ce3.php 第 20 行.
NOTIC: [8] Use of undefined constant login - assumed 'login' G:\www\find\APP\Runtime\Cache\0b3707b7e303f2c6deb8da69852d9ce3.php 第 21 行.
INFO: Run ParseTemplate Behavior [ RunTime:0.020353s ]
INFO: [ view_parse ] --END-- [ RunTime:0.020542s ]
INFO: [ view_filter ] --START--
INFO: Run ContentReplace Behavior [ RunTime:0.001544s ]
INFO: Run TokenBuild Behavior [ RunTime:0.001265s ]
INFO: Run WriteHtmlCache Behavior [ RunTime:0.001139s ]
INFO: Run ShowRuntime Behavior [ RunTime:0.001629s ]
INFO: [ view_filter ] --END-- [ RunTime:0.006233s ]
INFO: [ view_end ] --START--
INFO: Run ShowPageTrace Behavior [ RunTime:0.001700s ]
INFO: [ view_end ] --END-- [ RunTime:0.001923s ]

[ 2014-10-01T23:18:06+08:00 ] 127.0.0.1 /find/index.php/Member/index
INFO: [ route_check ] --START--
INFO: Run CheckRoute Behavior [ RunTime:0.001652s ]
INFO: [ route_check ] --END-- [ RunTime:0.001905s ]
INFO: [ app_begin ] --START--
INFO: Run ReadHtmlCache Behavior [ RunTime:0.001255s ]
INFO: [ app_begin ] --END-- [ RunTime:0.001478s ]
INFO: [ view_template ] --START--
INFO: Run LocationTemplate Behavior [ RunTime:0.000905s ]
INFO: [ view_template ] --END-- [ RunTime:0.001142s ]
INFO: [ view_parse ] --START--
NOTIC: [8] Use of undefined constant register - assumed 'register' G:\www\find\APP\Runtime\Cache\0b3707b7e303f2c6deb8da69852d9ce3.php 第 17 行.
NOTIC: [8] Use of undefined constant checkEmail - assumed 'checkEmail' G:\www\find\APP\Runtime\Cache\0b3707b7e303f2c6deb8da69852d9ce3.php 第 18 行.
NOTIC: [8] Use of undefined constant checkNicheng - assumed 'checkNicheng' G:\www\find\APP\Runtime\Cache\0b3707b7e303f2c6deb8da69852d9ce3.php 第 19 行.
NOTIC: [8] Use of undefined constant checkUser - assumed 'checkUser' G:\www\find\APP\Runtime\Cache\0b3707b7e303f2c6deb8da69852d9ce3.php 第 20 行.
NOTIC: [8] Use of undefined constant login - assumed 'login' G:\www\find\APP\Runtime\Cache\0b3707b7e303f2c6deb8da69852d9ce3.php 第 21 行.
INFO: Run ParseTemplate Behavior [ RunTime:0.016482s ]
INFO: [ view_parse ] --END-- [ RunTime:0.016699s ]
INFO: [ view_filter ] --START--
INFO: Run ContentReplace Behavior [ RunTime:0.000985s ]
INFO: Run TokenBuild Behavior [ RunTime:0.000942s ]
INFO: Run WriteHtmlCache Behavior [ RunTime:0.000802s ]
INFO: Run ShowRuntime Behavior [ RunTime:0.000800s ]
INFO: [ view_filter ] --END-- [ RunTime:0.004050s ]
INFO: [ view_end ] --START--
INFO: Run ShowPageTrace Behavior [ RunTime:0.001007s ]
INFO: [ view_end ] --END-- [ RunTime:0.001171s ]

[ 2014-10-01T23:18:06+08:00 ] 127.0.0.1 /find/index.php/Member/index
INFO: [ route_check ] --START--
INFO: Run CheckRoute Behavior [ RunTime:0.002612s ]
INFO: [ route_check ] --END-- [ RunTime:0.002988s ]
INFO: [ app_begin ] --START--
INFO: Run ReadHtmlCache Behavior [ RunTime:0.001871s ]
INFO: [ app_begin ] --END-- [ RunTime:0.002083s ]
INFO: [ view_template ] --START--
INFO: Run LocationTemplate Behavior [ RunTime:0.002592s ]
INFO: [ view_template ] --END-- [ RunTime:0.002753s ]
INFO: [ view_parse ] --START--
NOTIC: [8] Use of undefined constant register - assumed 'register' G:\www\find\APP\Runtime\Cache\0b3707b7e303f2c6deb8da69852d9ce3.php 第 17 行.
NOTIC: [8] Use of undefined constant checkEmail - assumed 'checkEmail' G:\www\find\APP\Runtime\Cache\0b3707b7e303f2c6deb8da69852d9ce3.php 第 18 行.
NOTIC: [8] Use of undefined constant checkNicheng - assumed 'checkNicheng' G:\www\find\APP\Runtime\Cache\0b3707b7e303f2c6deb8da69852d9ce3.php 第 19 行.
NOTIC: [8] Use of undefined constant checkUser - assumed 'checkUser' G:\www\find\APP\Runtime\Cache\0b3707b7e303f2c6deb8da69852d9ce3.php 第 20 行.
NOTIC: [8] Use of undefined constant login - assumed 'login' G:\www\find\APP\Runtime\Cache\0b3707b7e303f2c6deb8da69852d9ce3.php 第 21 行.
INFO: Run ParseTemplate Behavior [ RunTime:0.014082s ]
INFO: [ view_parse ] --END-- [ RunTime:0.014236s ]
INFO: [ view_filter ] --START--
INFO: Run ContentReplace Behavior [ RunTime:0.001170s ]
INFO: Run TokenBuild Behavior [ RunTime:0.000981s ]
INFO: Run WriteHtmlCache Behavior [ RunTime:0.000720s ]
INFO: Run ShowRuntime Behavior [ RunTime:0.001029s ]
INFO: [ view_filter ] --END-- [ RunTime:0.004265s ]
INFO: [ view_end ] --START--
INFO: Run ShowPageTrace Behavior [ RunTime:0.001031s ]
INFO: [ view_end ] --END-- [ RunTime:0.001142s ]

[ 2014-10-01T23:18:06+08:00 ] 127.0.0.1 /find/index.php/Member/index
INFO: [ route_check ] --START--
INFO: Run CheckRoute Behavior [ RunTime:0.002539s ]
INFO: [ route_check ] --END-- [ RunTime:0.002781s ]
INFO: [ app_begin ] --START--
INFO: Run ReadHtmlCache Behavior [ RunTime:0.001908s ]
INFO: [ app_begin ] --END-- [ RunTime:0.002257s ]
INFO: [ view_template ] --START--
INFO: Run LocationTemplate Behavior [ RunTime:0.001620s ]
INFO: [ view_template ] --END-- [ RunTime:0.001794s ]
INFO: [ view_parse ] --START--
NOTIC: [8] Use of undefined constant register - assumed 'register' G:\www\find\APP\Runtime\Cache\0b3707b7e303f2c6deb8da69852d9ce3.php 第 17 行.
NOTIC: [8] Use of undefined constant checkEmail - assumed 'checkEmail' G:\www\find\APP\Runtime\Cache\0b3707b7e303f2c6deb8da69852d9ce3.php 第 18 行.
NOTIC: [8] Use of undefined constant checkNicheng - assumed 'checkNicheng' G:\www\find\APP\Runtime\Cache\0b3707b7e303f2c6deb8da69852d9ce3.php 第 19 行.
NOTIC: [8] Use of undefined constant checkUser - assumed 'checkUser' G:\www\find\APP\Runtime\Cache\0b3707b7e303f2c6deb8da69852d9ce3.php 第 20 行.
NOTIC: [8] Use of undefined constant login - assumed 'login' G:\www\find\APP\Runtime\Cache\0b3707b7e303f2c6deb8da69852d9ce3.php 第 21 行.
INFO: Run ParseTemplate Behavior [ RunTime:0.014141s ]
INFO: [ view_parse ] --END-- [ RunTime:0.014280s ]
INFO: [ view_filter ] --START--
INFO: Run ContentReplace Behavior [ RunTime:0.001049s ]
INFO: Run TokenBuild Behavior [ RunTime:0.000886s ]
INFO: Run WriteHtmlCache Behavior [ RunTime:0.000806s ]
INFO: Run ShowRuntime Behavior [ RunTime:0.001443s ]
INFO: [ view_filter ] --END-- [ RunTime:0.004628s ]
INFO: [ view_end ] --START--
INFO: Run ShowPageTrace Behavior [ RunTime:0.002019s ]
INFO: [ view_end ] --END-- [ RunTime:0.002183s ]

[ 2014-10-01T23:18:06+08:00 ] 127.0.0.1 /find/index.php/Member/index
INFO: [ route_check ] --START--
INFO: Run CheckRoute Behavior [ RunTime:0.001967s ]
INFO: [ route_check ] --END-- [ RunTime:0.002200s ]
INFO: [ app_begin ] --START--
INFO: Run ReadHtmlCache Behavior [ RunTime:0.001745s ]
INFO: [ app_begin ] --END-- [ RunTime:0.001985s ]
INFO: [ view_template ] --START--
INFO: Run LocationTemplate Behavior [ RunTime:0.001497s ]
INFO: [ view_template ] --END-- [ RunTime:0.001676s ]
INFO: [ view_parse ] --START--
NOTIC: [8] Use of undefined constant register - assumed 'register' G:\www\find\APP\Runtime\Cache\0b3707b7e303f2c6deb8da69852d9ce3.php 第 17 行.
NOTIC: [8] Use of undefined constant checkEmail - assumed 'checkEmail' G:\www\find\APP\Runtime\Cache\0b3707b7e303f2c6deb8da69852d9ce3.php 第 18 行.
NOTIC: [8] Use of undefined constant checkNicheng - assumed 'checkNicheng' G:\www\find\APP\Runtime\Cache\0b3707b7e303f2c6deb8da69852d9ce3.php 第 19 行.
NOTIC: [8] Use of undefined constant checkUser - assumed 'checkUser' G:\www\find\APP\Runtime\Cache\0b3707b7e303f2c6deb8da69852d9ce3.php 第 20 行.
NOTIC: [8] Use of undefined constant login - assumed 'login' G:\www\find\APP\Runtime\Cache\0b3707b7e303f2c6deb8da69852d9ce3.php 第 21 行.
INFO: Run ParseTemplate Behavior [ RunTime:0.015187s ]
INFO: [ view_parse ] --END-- [ RunTime:0.015326s ]
INFO: [ view_filter ] --START--
INFO: Run ContentReplace Behavior [ RunTime:0.001006s ]
INFO: Run TokenBuild Behavior [ RunTime:0.000722s ]
INFO: Run WriteHtmlCache Behavior [ RunTime:0.000724s ]
INFO: Run ShowRuntime Behavior [ RunTime:0.000966s ]
INFO: [ view_filter ] --END-- [ RunTime:0.003769s ]
INFO: [ view_end ] --START--
INFO: Run ShowPageTrace Behavior [ RunTime:0.001178s ]
INFO: [ view_end ] --END-- [ RunTime:0.001333s ]

[ 2014-10-01T23:18:14+08:00 ] 127.0.0.1 /find/index.php
INFO: [ app_begin ] --START--
INFO: Run ReadHtmlCache Behavior [ RunTime:0.001162s ]
INFO: [ app_begin ] --END-- [ RunTime:0.001335s ]
INFO: [ view_template ] --START--
INFO: Run LocationTemplate Behavior [ RunTime:0.001375s ]
INFO: [ view_template ] --END-- [ RunTime:0.001510s ]
INFO: [ view_parse ] --START--
NOTIC: [8] Use of undefined constant register - assumed 'register' G:\www\find\APP\Runtime\Cache\e5b19ddd3d471b21bbda02c5e4185b4b.php 第 17 行.
NOTIC: [8] Use of undefined constant checkEmail - assumed 'checkEmail' G:\www\find\APP\Runtime\Cache\e5b19ddd3d471b21bbda02c5e4185b4b.php 第 18 行.
NOTIC: [8] Use of undefined constant checkNicheng - assumed 'checkNicheng' G:\www\find\APP\Runtime\Cache\e5b19ddd3d471b21bbda02c5e4185b4b.php 第 19 行.
NOTIC: [8] Use of undefined constant checkUser - assumed 'checkUser' G:\www\find\APP\Runtime\Cache\e5b19ddd3d471b21bbda02c5e4185b4b.php 第 20 行.
NOTIC: [8] Use of undefined constant login - assumed 'login' G:\www\find\APP\Runtime\Cache\e5b19ddd3d471b21bbda02c5e4185b4b.php 第 21 行.
INFO: Run ParseTemplate Behavior [ RunTime:0.015969s ]
INFO: [ view_parse ] --END-- [ RunTime:0.016097s ]
INFO: [ view_filter ] --START--
INFO: Run ContentReplace Behavior [ RunTime:0.000992s ]
INFO: Run TokenBuild Behavior [ RunTime:0.000884s ]
INFO: Run WriteHtmlCache Behavior [ RunTime:0.000669s ]
INFO: Run ShowRuntime Behavior [ RunTime:0.000953s ]
INFO: [ view_filter ] --END-- [ RunTime:0.003840s ]
INFO: [ view_end ] --START--
INFO: Run ShowPageTrace Behavior [ RunTime:0.001065s ]
INFO: [ view_end ] --END-- [ RunTime:0.001196s ]

[ 2014-10-01T23:19:02+08:00 ] 127.0.0.1 /find/index.php
INFO: [ app_begin ] --START--
INFO: Run ReadHtmlCache Behavior [ RunTime:0.001132s ]
INFO: [ app_begin ] --END-- [ RunTime:0.001279s ]
INFO: [ view_template ] --START--
INFO: Run LocationTemplate Behavior [ RunTime:0.001527s ]
INFO: [ view_template ] --END-- [ RunTime:0.001676s ]
INFO: [ view_parse ] --START--
NOTIC: [8] Use of undefined constant register - assumed 'register' G:\www\find\APP\Runtime\Cache\e5b19ddd3d471b21bbda02c5e4185b4b.php 第 17 行.
NOTIC: [8] Use of undefined constant checkEmail - assumed 'checkEmail' G:\www\find\APP\Runtime\Cache\e5b19ddd3d471b21bbda02c5e4185b4b.php 第 18 行.
NOTIC: [8] Use of undefined constant checkNicheng - assumed 'checkNicheng' G:\www\find\APP\Runtime\Cache\e5b19ddd3d471b21bbda02c5e4185b4b.php 第 19 行.
NOTIC: [8] Use of undefined constant checkUser - assumed 'checkUser' G:\www\find\APP\Runtime\Cache\e5b19ddd3d471b21bbda02c5e4185b4b.php 第 20 行.
NOTIC: [8] Use of undefined constant login - assumed 'login' G:\www\find\APP\Runtime\Cache\e5b19ddd3d471b21bbda02c5e4185b4b.php 第 21 行.
INFO: Run ParseTemplate Behavior [ RunTime:0.016679s ]
INFO: [ view_parse ] --END-- [ RunTime:0.016810s ]
INFO: [ view_filter ] --START--
INFO: Run ContentReplace Behavior [ RunTime:0.001105s ]
INFO: Run TokenBuild Behavior [ RunTime:0.000898s ]
INFO: Run WriteHtmlCache Behavior [ RunTime:0.000685s ]
INFO: Run ShowRuntime Behavior [ RunTime:0.000963s ]
INFO: [ view_filter ] --END-- [ RunTime:0.004004s ]
INFO: [ view_end ] --START--
INFO: Run ShowPageTrace Behavior [ RunTime:0.001084s ]
INFO: [ view_end ] --END-- [ RunTime:0.001218s ]

[ 2014-10-01T23:19:02+08:00 ] 127.0.0.1 /find/index.php
INFO: [ app_begin ] --START--
INFO: Run ReadHtmlCache Behavior [ RunTime:0.001880s ]
INFO: [ app_begin ] --END-- [ RunTime:0.002149s ]
INFO: [ view_template ] --START--
INFO: Run LocationTemplate Behavior [ RunTime:0.004440s ]
INFO: [ view_template ] --END-- [ RunTime:0.004744s ]
INFO: [ view_parse ] --START--
NOTIC: [8] Use of undefined constant register - assumed 'register' G:\www\find\APP\Runtime\Cache\e5b19ddd3d471b21bbda02c5e4185b4b.php 第 17 行.
NOTIC: [8] Use of undefined constant checkEmail - assumed 'checkEmail' G:\www\find\APP\Runtime\Cache\e5b19ddd3d471b21bbda02c5e4185b4b.php 第 18 行.
NOTIC: [8] Use of undefined constant checkNicheng - assumed 'checkNicheng' G:\www\find\APP\Runtime\Cache\e5b19ddd3d471b21bbda02c5e4185b4b.php 第 19 行.
NOTIC: [8] Use of undefined constant checkUser - assumed 'checkUser' G:\www\find\APP\Runtime\Cache\e5b19ddd3d471b21bbda02c5e4185b4b.php 第 20 行.
NOTIC: [8] Use of undefined constant login - assumed 'login' G:\www\find\APP\Runtime\Cache\e5b19ddd3d471b21bbda02c5e4185b4b.php 第 21 行.
INFO: Run ParseTemplate Behavior [ RunTime:0.020428s ]
INFO: [ view_parse ] --END-- [ RunTime:0.020623s ]
INFO: [ view_filter ] --START--
INFO: Run ContentReplace Behavior [ RunTime:0.001043s ]
INFO: Run TokenBuild Behavior [ RunTime:0.000756s ]
INFO: Run WriteHtmlCache Behavior [ RunTime:0.000769s ]
INFO: Run ShowRuntime Behavior [ RunTime:0.001006s ]
INFO: [ view_filter ] --END-- [ RunTime:0.003961s ]
INFO: [ view_end ] --START--
INFO: Run ShowPageTrace Behavior [ RunTime:0.001071s ]
INFO: [ view_end ] --END-- [ RunTime:0.001207s ]

[ 2014-10-01T23:19:02+08:00 ] 127.0.0.1 /find/index.php
INFO: [ app_begin ] --START--
INFO: Run ReadHtmlCache Behavior [ RunTime:0.001735s ]
INFO: [ app_begin ] --END-- [ RunTime:0.001969s ]
INFO: [ view_template ] --START--
INFO: Run LocationTemplate Behavior [ RunTime:0.001440s ]
INFO: [ view_template ] --END-- [ RunTime:0.001595s ]
INFO: [ view_parse ] --START--
NOTIC: [8] Use of undefined constant register - assumed 'register' G:\www\find\APP\Runtime\Cache\e5b19ddd3d471b21bbda02c5e4185b4b.php 第 17 行.
NOTIC: [8] Use of undefined constant checkEmail - assumed 'checkEmail' G:\www\find\APP\Runtime\Cache\e5b19ddd3d471b21bbda02c5e4185b4b.php 第 18 行.
NOTIC: [8] Use of undefined constant checkNicheng - assumed 'checkNicheng' G:\www\find\APP\Runtime\Cache\e5b19ddd3d471b21bbda02c5e4185b4b.php 第 19 行.
NOTIC: [8] Use of undefined constant checkUser - assumed 'checkUser' G:\www\find\APP\Runtime\Cache\e5b19ddd3d471b21bbda02c5e4185b4b.php 第 20 行.
NOTIC: [8] Use of undefined constant login - assumed 'login' G:\www\find\APP\Runtime\Cache\e5b19ddd3d471b21bbda02c5e4185b4b.php 第 21 行.
INFO: Run ParseTemplate Behavior [ RunTime:0.016437s ]
INFO: [ view_parse ] --END-- [ RunTime:0.016570s ]
INFO: [ view_filter ] --START--
INFO: Run ContentReplace Behavior [ RunTime:0.000962s ]
INFO: Run TokenBuild Behavior [ RunTime:0.000857s ]
INFO: Run WriteHtmlCache Behavior [ RunTime:0.000665s ]
INFO: Run ShowRuntime Behavior [ RunTime:0.000929s ]
INFO: [ view_filter ] --END-- [ RunTime:0.003755s ]
INFO: [ view_end ] --START--
INFO: Run ShowPageTrace Behavior [ RunTime:0.001024s ]
INFO: [ view_end ] --END-- [ RunTime:0.001144s ]

[ 2014-10-01T23:19:02+08:00 ] 127.0.0.1 /find/index.php
INFO: [ app_begin ] --START--
INFO: Run ReadHtmlCache Behavior [ RunTime:0.001432s ]
INFO: [ app_begin ] --END-- [ RunTime:0.001611s ]
INFO: [ view_template ] --START--
INFO: Run LocationTemplate Behavior [ RunTime:0.001062s ]
INFO: [ view_template ] --END-- [ RunTime:0.001195s ]
INFO: [ view_parse ] --START--
NOTIC: [8] Use of undefined constant register - assumed 'register' G:\www\find\APP\Runtime\Cache\e5b19ddd3d471b21bbda02c5e4185b4b.php 第 17 行.
NOTIC: [8] Use of undefined constant checkEmail - assumed 'checkEmail' G:\www\find\APP\Runtime\Cache\e5b19ddd3d471b21bbda02c5e4185b4b.php 第 18 行.
NOTIC: [8] Use of undefined constant checkNicheng - assumed 'checkNicheng' G:\www\find\APP\Runtime\Cache\e5b19ddd3d471b21bbda02c5e4185b4b.php 第 19 行.
NOTIC: [8] Use of undefined constant checkUser - assumed 'checkUser' G:\www\find\APP\Runtime\Cache\e5b19ddd3d471b21bbda02c5e4185b4b.php 第 20 行.
NOTIC: [8] Use of undefined constant login - assumed 'login' G:\www\find\APP\Runtime\Cache\e5b19ddd3d471b21bbda02c5e4185b4b.php 第 21 行.
INFO: Run ParseTemplate Behavior [ RunTime:0.015870s ]
INFO: [ view_parse ] --END-- [ RunTime:0.015988s ]
INFO: [ view_filter ] --START--
INFO: Run ContentReplace Behavior [ RunTime:0.001046s ]
INFO: Run TokenBuild Behavior [ RunTime:0.000751s ]
INFO: Run WriteHtmlCache Behavior [ RunTime:0.000580s ]
INFO: Run ShowRuntime Behavior [ RunTime:0.000832s ]
INFO: [ view_filter ] --END-- [ RunTime:0.003517s ]
INFO: [ view_end ] --START--
INFO: Run ShowPageTrace Behavior [ RunTime:0.000897s ]
INFO: [ view_end ] --END-- [ RunTime:0.001006s ]

[ 2014-10-01T23:19:06+08:00 ] 127.0.0.1 /find/index.php
INFO: [ app_begin ] --START--
INFO: Run ReadHtmlCache Behavior [ RunTime:0.001711s ]
INFO: [ app_begin ] --END-- [ RunTime:0.001953s ]
INFO: [ view_template ] --START--
INFO: Run LocationTemplate Behavior [ RunTime:0.002701s ]
INFO: [ view_template ] --END-- [ RunTime:0.003040s ]
INFO: [ view_parse ] --START--
NOTIC: [8] Use of undefined constant register - assumed 'register' G:\www\find\APP\Runtime\Cache\e5b19ddd3d471b21bbda02c5e4185b4b.php 第 17 行.
NOTIC: [8] Use of undefined constant checkEmail - assumed 'checkEmail' G:\www\find\APP\Runtime\Cache\e5b19ddd3d471b21bbda02c5e4185b4b.php 第 18 行.
NOTIC: [8] Use of undefined constant checkNicheng - assumed 'checkNicheng' G:\www\find\APP\Runtime\Cache\e5b19ddd3d471b21bbda02c5e4185b4b.php 第 19 行.
NOTIC: [8] Use of undefined constant checkUser - assumed 'checkUser' G:\www\find\APP\Runtime\Cache\e5b19ddd3d471b21bbda02c5e4185b4b.php 第 20 行.
NOTIC: [8] Use of undefined constant login - assumed 'login' G:\www\find\APP\Runtime\Cache\e5b19ddd3d471b21bbda02c5e4185b4b.php 第 21 行.
INFO: Run ParseTemplate Behavior [ RunTime:0.017813s ]
INFO: [ view_parse ] --END-- [ RunTime:0.017988s ]
INFO: [ view_filter ] --START--
INFO: Run ContentReplace Behavior [ RunTime:0.001000s ]
INFO: Run TokenBuild Behavior [ RunTime:0.000874s ]
INFO: Run WriteHtmlCache Behavior [ RunTime:0.000675s ]
INFO: Run ShowRuntime Behavior [ RunTime:0.000921s ]
INFO: [ view_filter ] --END-- [ RunTime:0.003824s ]
INFO: [ view_end ] --START--
INFO: Run ShowPageTrace Behavior [ RunTime:0.001058s ]
INFO: [ view_end ] --END-- [ RunTime:0.001186s ]

[ 2014-10-01T23:19:08+08:00 ] 127.0.0.1 /find/index.php
INFO: [ app_begin ] --START--
INFO: Run ReadHtmlCache Behavior [ RunTime:0.001646s ]
INFO: [ app_begin ] --END-- [ RunTime:0.001882s ]
INFO: [ view_template ] --START--
INFO: Run LocationTemplate Behavior [ RunTime:0.002686s ]
INFO: [ view_template ] --END-- [ RunTime:0.002970s ]
INFO: [ view_parse ] --START--
NOTIC: [8] Use of undefined constant register - assumed 'register' G:\www\find\APP\Runtime\Cache\e5b19ddd3d471b21bbda02c5e4185b4b.php 第 17 行.
NOTIC: [8] Use of undefined constant checkEmail - assumed 'checkEmail' G:\www\find\APP\Runtime\Cache\e5b19ddd3d471b21bbda02c5e4185b4b.php 第 18 行.
NOTIC: [8] Use of undefined constant checkNicheng - assumed 'checkNicheng' G:\www\find\APP\Runtime\Cache\e5b19ddd3d471b21bbda02c5e4185b4b.php 第 19 行.
NOTIC: [8] Use of undefined constant checkUser - assumed 'checkUser' G:\www\find\APP\Runtime\Cache\e5b19ddd3d471b21bbda02c5e4185b4b.php 第 20 行.
NOTIC: [8] Use of undefined constant login - assumed 'login' G:\www\find\APP\Runtime\Cache\e5b19ddd3d471b21bbda02c5e4185b4b.php 第 21 行.
INFO: Run ParseTemplate Behavior [ RunTime:0.016376s ]
INFO: [ view_parse ] --END-- [ RunTime:0.016547s ]
INFO: [ view_filter ] --START--
INFO: Run ContentReplace Behavior [ RunTime:0.000953s ]
INFO: Run TokenBuild Behavior [ RunTime:0.000853s ]
INFO: Run WriteHtmlCache Behavior [ RunTime:0.000649s ]
INFO: Run ShowRuntime Behavior [ RunTime:0.000896s ]
INFO: [ view_filter ] --END-- [ RunTime:0.003693s ]
INFO: [ view_end ] --START--
INFO: Run ShowPageTrace Behavior [ RunTime:0.001021s ]
INFO: [ view_end ] --END-- [ RunTime:0.001148s ]

[ 2014-10-01T23:19:13+08:00 ] 127.0.0.1 /find/index.php/Member/index
INFO: [ route_check ] --START--
INFO: Run CheckRoute Behavior [ RunTime:0.031025s ]
INFO: [ route_check ] --END-- [ RunTime:0.031347s ]
INFO: [ app_begin ] --START--
INFO: Run ReadHtmlCache Behavior [ RunTime:0.002985s ]
INFO: [ app_begin ] --END-- [ RunTime:0.003362s ]
INFO: [ view_template ] --START--
INFO: Run LocationTemplate Behavior [ RunTime:0.003842s ]
INFO: [ view_template ] --END-- [ RunTime:0.004312s ]
INFO: [ view_parse ] --START--
NOTIC: [8] Use of undefined constant register - assumed 'register' G:\www\find\APP\Runtime\Cache\0b3707b7e303f2c6deb8da69852d9ce3.php 第 17 行.
NOTIC: [8] Use of undefined constant checkEmail - assumed 'checkEmail' G:\www\find\APP\Runtime\Cache\0b3707b7e303f2c6deb8da69852d9ce3.php 第 18 行.
NOTIC: [8] Use of undefined constant checkNicheng - assumed 'checkNicheng' G:\www\find\APP\Runtime\Cache\0b3707b7e303f2c6deb8da69852d9ce3.php 第 19 行.
NOTIC: [8] Use of undefined constant checkUser - assumed 'checkUser' G:\www\find\APP\Runtime\Cache\0b3707b7e303f2c6deb8da69852d9ce3.php 第 20 行.
NOTIC: [8] Use of undefined constant login - assumed 'login' G:\www\find\APP\Runtime\Cache\0b3707b7e303f2c6deb8da69852d9ce3.php 第 21 行.
INFO: Run ParseTemplate Behavior [ RunTime:0.030231s ]
INFO: [ view_parse ] --END-- [ RunTime:0.030520s ]
INFO: [ view_filter ] --START--
INFO: Run ContentReplace Behavior [ RunTime:0.002031s ]
INFO: Run TokenBuild Behavior [ RunTime:0.001156s ]
INFO: Run WriteHtmlCache Behavior [ RunTime:0.001191s ]
INFO: Run ShowRuntime Behavior [ RunTime:0.001557s ]
INFO: [ view_filter ] --END-- [ RunTime:0.006600s ]
INFO: [ view_end ] --START--
INFO: Run ShowPageTrace Behavior [ RunTime:0.002051s ]
INFO: [ view_end ] --END-- [ RunTime:0.002269s ]

[ 2014-10-01T23:19:17+08:00 ] 127.0.0.1 /find/index.php
INFO: [ app_begin ] --START--
INFO: Run ReadHtmlCache Behavior [ RunTime:0.001342s ]
INFO: [ app_begin ] --END-- [ RunTime:0.001571s ]
INFO: [ view_template ] --START--
INFO: Run LocationTemplate Behavior [ RunTime:0.000911s ]
INFO: [ view_template ] --END-- [ RunTime:0.001092s ]
INFO: [ view_parse ] --START--
NOTIC: [8] Use of undefined constant register - assumed 'register' G:\www\find\APP\Runtime\Cache\e5b19ddd3d471b21bbda02c5e4185b4b.php 第 17 行.
NOTIC: [8] Use of undefined constant checkEmail - assumed 'checkEmail' G:\www\find\APP\Runtime\Cache\e5b19ddd3d471b21bbda02c5e4185b4b.php 第 18 行.
NOTIC: [8] Use of undefined constant checkNicheng - assumed 'checkNicheng' G:\www\find\APP\Runtime\Cache\e5b19ddd3d471b21bbda02c5e4185b4b.php 第 19 行.
NOTIC: [8] Use of undefined constant checkUser - assumed 'checkUser' G:\www\find\APP\Runtime\Cache\e5b19ddd3d471b21bbda02c5e4185b4b.php 第 20 行.
NOTIC: [8] Use of undefined constant login - assumed 'login' G:\www\find\APP\Runtime\Cache\e5b19ddd3d471b21bbda02c5e4185b4b.php 第 21 行.
INFO: Run ParseTemplate Behavior [ RunTime:0.014615s ]
INFO: [ view_parse ] --END-- [ RunTime:0.014752s ]
INFO: [ view_filter ] --START--
INFO: Run ContentReplace Behavior [ RunTime:0.000792s ]
INFO: Run TokenBuild Behavior [ RunTime:0.000688s ]
INFO: Run WriteHtmlCache Behavior [ RunTime:0.000496s ]
INFO: Run ShowRuntime Behavior [ RunTime:0.000750s ]
INFO: [ view_filter ] --END-- [ RunTime:0.003062s ]
INFO: [ view_end ] --START--
INFO: Run ShowPageTrace Behavior [ RunTime:0.000821s ]
INFO: [ view_end ] --END-- [ RunTime:0.000944s ]

[ 2014-10-01T23:19:23+08:00 ] 127.0.0.1 /find/index.php/Index/checkEmail
INFO: [ route_check ] --START--
INFO: Run CheckRoute Behavior [ RunTime:0.001090s ]
INFO: [ route_check ] --END-- [ RunTime:0.001234s ]
INFO: [ app_begin ] --START--
INFO: Run ReadHtmlCache Behavior [ RunTime:0.000772s ]
INFO: [ app_begin ] --END-- [ RunTime:0.000877s ]
SQL: SHOW COLUMNS FROM `find_user` [ RunTime:0.051727s ]
SQL: SELECT * FROM `find_user` WHERE ( `email` = '1551460034@qq.com' )  [ RunTime:0.000968s ]

[ 2014-10-01T23:21:04+08:00 ] 127.0.0.1 /find/index.php/Member
INFO: [ route_check ] --START--
INFO: Run CheckRoute Behavior [ RunTime:0.002410s ]
INFO: [ route_check ] --END-- [ RunTime:0.002684s ]
INFO: [ app_begin ] --START--
INFO: Run ReadHtmlCache Behavior [ RunTime:0.001564s ]
INFO: [ app_begin ] --END-- [ RunTime:0.001707s ]
INFO: [ view_template ] --START--
INFO: Run LocationTemplate Behavior [ RunTime:0.001898s ]
INFO: [ view_template ] --END-- [ RunTime:0.002039s ]
INFO: [ view_parse ] --START--
NOTIC: [8] Use of undefined constant register - assumed 'register' G:\www\find\APP\Runtime\Cache\0b3707b7e303f2c6deb8da69852d9ce3.php 第 17 行.
NOTIC: [8] Use of undefined constant checkEmail - assumed 'checkEmail' G:\www\find\APP\Runtime\Cache\0b3707b7e303f2c6deb8da69852d9ce3.php 第 18 行.
NOTIC: [8] Use of undefined constant checkNicheng - assumed 'checkNicheng' G:\www\find\APP\Runtime\Cache\0b3707b7e303f2c6deb8da69852d9ce3.php 第 19 行.
NOTIC: [8] Use of undefined constant checkUser - assumed 'checkUser' G:\www\find\APP\Runtime\Cache\0b3707b7e303f2c6deb8da69852d9ce3.php 第 20 行.
NOTIC: [8] Use of undefined constant login - assumed 'login' G:\www\find\APP\Runtime\Cache\0b3707b7e303f2c6deb8da69852d9ce3.php 第 21 行.
INFO: Run ParseTemplate Behavior [ RunTime:0.103148s ]
INFO: [ view_parse ] --END-- [ RunTime:0.103388s ]
INFO: [ view_filter ] --START--
INFO: Run ContentReplace Behavior [ RunTime:0.002743s ]
INFO: Run TokenBuild Behavior [ RunTime:0.003060s ]
INFO: Run WriteHtmlCache Behavior [ RunTime:0.002316s ]
INFO: Run ShowRuntime Behavior [ RunTime:0.003033s ]
INFO: [ view_filter ] --END-- [ RunTime:0.011949s ]
INFO: [ view_end ] --START--
INFO: Run ShowPageTrace Behavior [ RunTime:0.003682s ]
INFO: [ view_end ] --END-- [ RunTime:0.003980s ]

[ 2014-10-01T23:21:13+08:00 ] ERR: (ThinkException) 非法操作:checkEmail
[ 2014-10-01T23:21:37+08:00 ] ERR: (ThinkException) 非法操作:checkNicheng
[ 2014-10-01T23:21:50+08:00 ] ERR: (ThinkException) 非法操作:checkNicheng
[ 2014-10-01T23:23:44+08:00 ] 127.0.0.1 /find/index.php/Member
INFO: [ route_check ] --START--
INFO: Run CheckRoute Behavior [ RunTime:0.001329s ]
INFO: [ route_check ] --END-- [ RunTime:0.001494s ]
INFO: [ app_begin ] --START--
INFO: Run ReadHtmlCache Behavior [ RunTime:0.000969s ]
INFO: [ app_begin ] --END-- [ RunTime:0.001178s ]
INFO: [ view_template ] --START--
INFO: Run LocationTemplate Behavior [ RunTime:0.001109s ]
INFO: [ view_template ] --END-- [ RunTime:0.001259s ]
INFO: [ view_parse ] --START--
NOTIC: [8] Use of undefined constant register - assumed 'register' G:\www\find\APP\Runtime\Cache\0b3707b7e303f2c6deb8da69852d9ce3.php 第 17 行.
NOTIC: [8] Use of undefined constant checkEmail - assumed 'checkEmail' G:\www\find\APP\Runtime\Cache\0b3707b7e303f2c6deb8da69852d9ce3.php 第 18 行.
NOTIC: [8] Use of undefined constant checkNicheng - assumed 'checkNicheng' G:\www\find\APP\Runtime\Cache\0b3707b7e303f2c6deb8da69852d9ce3.php 第 19 行.
NOTIC: [8] Use of undefined constant checkUser - assumed 'checkUser' G:\www\find\APP\Runtime\Cache\0b3707b7e303f2c6deb8da69852d9ce3.php 第 20 行.
NOTIC: [8] Use of undefined constant login - assumed 'login' G:\www\find\APP\Runtime\Cache\0b3707b7e303f2c6deb8da69852d9ce3.php 第 21 行.
INFO: Run ParseTemplate Behavior [ RunTime:0.014324s ]
INFO: [ view_parse ] --END-- [ RunTime:0.014475s ]
INFO: [ view_filter ] --START--
INFO: Run ContentReplace Behavior [ RunTime:0.000864s ]
INFO: Run TokenBuild Behavior [ RunTime:0.000755s ]
INFO: Run WriteHtmlCache Behavior [ RunTime:0.000591s ]
INFO: Run ShowRuntime Behavior [ RunTime:0.000856s ]
INFO: [ view_filter ] --END-- [ RunTime:0.003411s ]
INFO: [ view_end ] --START--
INFO: Run ShowPageTrace Behavior [ RunTime:0.000958s ]
INFO: [ view_end ] --END-- [ RunTime:0.001094s ]

[ 2014-10-01T23:23:51+08:00 ] ERR: (ThinkException) 非法操作:checkUser
[ 2014-10-01T23:23:51+08:00 ] ERR: (ThinkException) 非法操作:checkUser
[ 2014-10-01T23:23:51+08:00 ] ERR: (ThinkException) 非法操作:checkUser
[ 2014-10-01T23:24:01+08:00 ] ERR: (ThinkException) 非法操作:checkEmail
[ 2014-10-01T23:25:54+08:00 ] 127.0.0.1 /find/index.php
INFO: [ app_begin ] --START--
INFO: Run ReadHtmlCache Behavior [ RunTime:0.001904s ]
INFO: [ app_begin ] --END-- [ RunTime:0.002137s ]
INFO: [ view_template ] --START--
INFO: Run LocationTemplate Behavior [ RunTime:0.017078s ]
INFO: [ view_template ] --END-- [ RunTime:0.017248s ]
INFO: [ view_parse ] --START--
NOTIC: [8] Use of undefined constant register - assumed 'register' G:\www\find\APP\Runtime\Cache\e5b19ddd3d471b21bbda02c5e4185b4b.php 第 17 行.
NOTIC: [8] Use of undefined constant checkEmail - assumed 'checkEmail' G:\www\find\APP\Runtime\Cache\e5b19ddd3d471b21bbda02c5e4185b4b.php 第 18 行.
NOTIC: [8] Use of undefined constant checkNicheng - assumed 'checkNicheng' G:\www\find\APP\Runtime\Cache\e5b19ddd3d471b21bbda02c5e4185b4b.php 第 19 行.
NOTIC: [8] Use of undefined constant checkUser - assumed 'checkUser' G:\www\find\APP\Runtime\Cache\e5b19ddd3d471b21bbda02c5e4185b4b.php 第 20 行.
NOTIC: [8] Use of undefined constant login - assumed 'login' G:\www\find\APP\Runtime\Cache\e5b19ddd3d471b21bbda02c5e4185b4b.php 第 21 行.
INFO: Run ParseTemplate Behavior [ RunTime:0.121193s ]
INFO: [ view_parse ] --END-- [ RunTime:0.121367s ]
INFO: [ view_filter ] --START--
INFO: Run ContentReplace Behavior [ RunTime:0.001700s ]
INFO: Run TokenBuild Behavior [ RunTime:0.001334s ]
INFO: Run WriteHtmlCache Behavior [ RunTime:0.001169s ]
INFO: Run ShowRuntime Behavior [ RunTime:0.001551s ]
INFO: [ view_filter ] --END-- [ RunTime:0.006314s ]
INFO: [ view_end ] --START--
INFO: Run ShowPageTrace Behavior [ RunTime:0.001704s ]
INFO: [ view_end ] --END-- [ RunTime:0.001919s ]

[ 2014-10-01T23:25:59+08:00 ] 127.0.0.1 /find/index.php/Index/checkEmail
INFO: [ route_check ] --START--
INFO: Run CheckRoute Behavior [ RunTime:0.001207s ]
INFO: [ route_check ] --END-- [ RunTime:0.001344s ]
INFO: [ app_begin ] --START--
INFO: Run ReadHtmlCache Behavior [ RunTime:0.001471s ]
INFO: [ app_begin ] --END-- [ RunTime:0.001587s ]
SQL: SHOW COLUMNS FROM `find_user` [ RunTime:0.009643s ]
SQL: SELECT * FROM `find_user` WHERE ( `email` = '1551460034@qq.com' )  [ RunTime:0.000951s ]

[ 2014-10-01T23:26:07+08:00 ] 127.0.0.1 /find/index.php/Member
INFO: [ route_check ] --START--
INFO: Run CheckRoute Behavior [ RunTime:0.001398s ]
INFO: [ route_check ] --END-- [ RunTime:0.001560s ]
INFO: [ app_begin ] --START--
INFO: Run ReadHtmlCache Behavior [ RunTime:0.001130s ]
INFO: [ app_begin ] --END-- [ RunTime:0.001275s ]
INFO: [ view_template ] --START--
INFO: Run LocationTemplate Behavior [ RunTime:0.001473s ]
INFO: [ view_template ] --END-- [ RunTime:0.001630s ]
INFO: [ view_parse ] --START--
NOTIC: [8] Use of undefined constant register - assumed 'register' G:\www\find\APP\Runtime\Cache\0b3707b7e303f2c6deb8da69852d9ce3.php 第 17 行.
NOTIC: [8] Use of undefined constant checkEmail - assumed 'checkEmail' G:\www\find\APP\Runtime\Cache\0b3707b7e303f2c6deb8da69852d9ce3.php 第 18 行.
NOTIC: [8] Use of undefined constant checkNicheng - assumed 'checkNicheng' G:\www\find\APP\Runtime\Cache\0b3707b7e303f2c6deb8da69852d9ce3.php 第 19 行.
NOTIC: [8] Use of undefined constant checkUser - assumed 'checkUser' G:\www\find\APP\Runtime\Cache\0b3707b7e303f2c6deb8da69852d9ce3.php 第 20 行.
NOTIC: [8] Use of undefined constant login - assumed 'login' G:\www\find\APP\Runtime\Cache\0b3707b7e303f2c6deb8da69852d9ce3.php 第 21 行.
INFO: Run ParseTemplate Behavior [ RunTime:0.015154s ]
INFO: [ view_parse ] --END-- [ RunTime:0.015310s ]
INFO: [ view_filter ] --START--
INFO: Run ContentReplace Behavior [ RunTime:0.001048s ]
INFO: Run TokenBuild Behavior [ RunTime:0.000784s ]
INFO: Run WriteHtmlCache Behavior [ RunTime:0.001024s ]
INFO: Run ShowRuntime Behavior [ RunTime:0.001088s ]
INFO: [ view_filter ] --END-- [ RunTime:0.004382s ]
INFO: [ view_end ] --START--
INFO: Run ShowPageTrace Behavior [ RunTime:0.001155s ]
INFO: [ view_end ] --END-- [ RunTime:0.001293s ]

[ 2014-10-01T23:26:13+08:00 ] ERR: (ThinkException) 非法操作:checkEmail
[ 2014-10-01T23:26:26+08:00 ] ERR: (ThinkException) 无法加载模块:member
[ 2014-10-01T23:26:29+08:00 ] ERR: (ThinkException) 无法加载模块:member
[ 2014-10-01T23:26:34+08:00 ] 127.0.0.1 /find/index.php/Member
INFO: [ route_check ] --START--
INFO: Run CheckRoute Behavior [ RunTime:0.001639s ]
INFO: [ route_check ] --END-- [ RunTime:0.001842s ]
INFO: [ app_begin ] --START--
INFO: Run ReadHtmlCache Behavior [ RunTime:0.001372s ]
INFO: [ app_begin ] --END-- [ RunTime:0.001536s ]
INFO: [ view_template ] --START--
INFO: Run LocationTemplate Behavior [ RunTime:0.001805s ]
INFO: [ view_template ] --END-- [ RunTime:0.001988s ]
INFO: [ view_parse ] --START--
NOTIC: [8] Use of undefined constant register - assumed 'register' G:\www\find\APP\Runtime\Cache\0b3707b7e303f2c6deb8da69852d9ce3.php 第 17 行.
NOTIC: [8] Use of undefined constant checkEmail - assumed 'checkEmail' G:\www\find\APP\Runtime\Cache\0b3707b7e303f2c6deb8da69852d9ce3.php 第 18 行.
NOTIC: [8] Use of undefined constant checkNicheng - assumed 'checkNicheng' G:\www\find\APP\Runtime\Cache\0b3707b7e303f2c6deb8da69852d9ce3.php 第 19 行.
NOTIC: [8] Use of undefined constant checkUser - assumed 'checkUser' G:\www\find\APP\Runtime\Cache\0b3707b7e303f2c6deb8da69852d9ce3.php 第 20 行.
NOTIC: [8] Use of undefined constant login - assumed 'login' G:\www\find\APP\Runtime\Cache\0b3707b7e303f2c6deb8da69852d9ce3.php 第 21 行.
INFO: Run ParseTemplate Behavior [ RunTime:0.018123s ]
INFO: [ view_parse ] --END-- [ RunTime:0.018285s ]
INFO: [ view_filter ] --START--
INFO: Run ContentReplace Behavior [ RunTime:0.000981s ]
INFO: Run TokenBuild Behavior [ RunTime:0.000846s ]
INFO: Run WriteHtmlCache Behavior [ RunTime:0.000706s ]
INFO: Run ShowRuntime Behavior [ RunTime:0.000946s ]
INFO: [ view_filter ] --END-- [ RunTime:0.003805s ]
INFO: [ view_end ] --START--
INFO: Run ShowPageTrace Behavior [ RunTime:0.001044s ]
INFO: [ view_end ] --END-- [ RunTime:0.001172s ]

[ 2014-10-01T23:26:40+08:00 ] ERR: (ThinkException) 非法操作:checkEmail
[ 2014-10-01T23:27:44+08:00 ] 127.0.0.1 /find/index.php/Member
INFO: [ route_check ] --START--
INFO: Run CheckRoute Behavior [ RunTime:0.001515s ]
INFO: [ route_check ] --END-- [ RunTime:0.001696s ]
INFO: [ app_begin ] --START--
INFO: Run ReadHtmlCache Behavior [ RunTime:0.001326s ]
INFO: [ app_begin ] --END-- [ RunTime:0.001503s ]
INFO: [ view_template ] --START--
INFO: Run LocationTemplate Behavior [ RunTime:0.001822s ]
INFO: [ view_template ] --END-- [ RunTime:0.002023s ]
INFO: [ view_parse ] --START--
NOTIC: [8] Use of undefined constant Index - assumed 'Index' G:\www\find\APP\Runtime\Cache\0b3707b7e303f2c6deb8da69852d9ce3.php 第 17 行.
NOTIC: [8] Use of undefined constant register - assumed 'register' G:\www\find\APP\Runtime\Cache\0b3707b7e303f2c6deb8da69852d9ce3.php 第 17 行.
NOTIC: [2] Division by zero G:\www\find\APP\Runtime\Cache\0b3707b7e303f2c6deb8da69852d9ce3.php 第 17 行.
NOTIC: [8] Use of undefined constant Index - assumed 'Index' G:\www\find\APP\Runtime\Cache\0b3707b7e303f2c6deb8da69852d9ce3.php 第 18 行.
NOTIC: [8] Use of undefined constant checkEmail - assumed 'checkEmail' G:\www\find\APP\Runtime\Cache\0b3707b7e303f2c6deb8da69852d9ce3.php 第 18 行.
NOTIC: [2] Division by zero G:\www\find\APP\Runtime\Cache\0b3707b7e303f2c6deb8da69852d9ce3.php 第 18 行.
NOTIC: [8] Use of undefined constant Index - assumed 'Index' G:\www\find\APP\Runtime\Cache\0b3707b7e303f2c6deb8da69852d9ce3.php 第 19 行.
NOTIC: [8] Use of undefined constant checkNicheng - assumed 'checkNicheng' G:\www\find\APP\Runtime\Cache\0b3707b7e303f2c6deb8da69852d9ce3.php 第 19 行.
NOTIC: [2] Division by zero G:\www\find\APP\Runtime\Cache\0b3707b7e303f2c6deb8da69852d9ce3.php 第 19 行.
NOTIC: [8] Use of undefined constant Index - assumed 'Index' G:\www\find\APP\Runtime\Cache\0b3707b7e303f2c6deb8da69852d9ce3.php 第 20 行.
NOTIC: [8] Use of undefined constant checkUser - assumed 'checkUser' G:\www\find\APP\Runtime\Cache\0b3707b7e303f2c6deb8da69852d9ce3.php 第 20 行.
NOTIC: [2] Division by zero G:\www\find\APP\Runtime\Cache\0b3707b7e303f2c6deb8da69852d9ce3.php 第 20 行.
NOTIC: [8] Use of undefined constant Index - assumed 'Index' G:\www\find\APP\Runtime\Cache\0b3707b7e303f2c6deb8da69852d9ce3.php 第 21 行.
NOTIC: [8] Use of undefined constant login - assumed 'login' G:\www\find\APP\Runtime\Cache\0b3707b7e303f2c6deb8da69852d9ce3.php 第 21 行.
NOTIC: [2] Division by zero G:\www\find\APP\Runtime\Cache\0b3707b7e303f2c6deb8da69852d9ce3.php 第 21 行.
INFO: Run ParseTemplate Behavior [ RunTime:0.018843s ]
INFO: [ view_parse ] --END-- [ RunTime:0.019110s ]
INFO: [ view_filter ] --START--
INFO: Run ContentReplace Behavior [ RunTime:0.001660s ]
INFO: Run TokenBuild Behavior [ RunTime:0.001247s ]
INFO: Run WriteHtmlCache Behavior [ RunTime:0.001188s ]
INFO: Run ShowRuntime Behavior [ RunTime:0.001553s ]
INFO: [ view_filter ] --END-- [ RunTime:0.006285s ]
INFO: [ view_end ] --START--
INFO: Run ShowPageTrace Behavior [ RunTime:0.001781s ]
INFO: [ view_end ] --END-- [ RunTime:0.002015s ]

[ 2014-10-01T23:27:44+08:00 ] 127.0.0.1 /find/index.php/Member
INFO: [ route_check ] --START--
INFO: Run CheckRoute Behavior [ RunTime:0.002256s ]
INFO: [ route_check ] --END-- [ RunTime:0.002479s ]
INFO: [ app_begin ] --START--
INFO: Run ReadHtmlCache Behavior [ RunTime:0.001727s ]
INFO: [ app_begin ] --END-- [ RunTime:0.001943s ]
INFO: [ view_template ] --START--
INFO: Run LocationTemplate Behavior [ RunTime:0.001396s ]
INFO: [ view_template ] --END-- [ RunTime:0.001543s ]
INFO: [ view_parse ] --START--
NOTIC: [8] Use of undefined constant Index - assumed 'Index' G:\www\find\APP\Runtime\Cache\0b3707b7e303f2c6deb8da69852d9ce3.php 第 17 行.
NOTIC: [8] Use of undefined constant register - assumed 'register' G:\www\find\APP\Runtime\Cache\0b3707b7e303f2c6deb8da69852d9ce3.php 第 17 行.
NOTIC: [2] Division by zero G:\www\find\APP\Runtime\Cache\0b3707b7e303f2c6deb8da69852d9ce3.php 第 17 行.
NOTIC: [8] Use of undefined constant Index - assumed 'Index' G:\www\find\APP\Runtime\Cache\0b3707b7e303f2c6deb8da69852d9ce3.php 第 18 行.
NOTIC: [8] Use of undefined constant checkEmail - assumed 'checkEmail' G:\www\find\APP\Runtime\Cache\0b3707b7e303f2c6deb8da69852d9ce3.php 第 18 行.
NOTIC: [2] Division by zero G:\www\find\APP\Runtime\Cache\0b3707b7e303f2c6deb8da69852d9ce3.php 第 18 行.
NOTIC: [8] Use of undefined constant Index - assumed 'Index' G:\www\find\APP\Runtime\Cache\0b3707b7e303f2c6deb8da69852d9ce3.php 第 19 行.
NOTIC: [8] Use of undefined constant checkNicheng - assumed 'checkNicheng' G:\www\find\APP\Runtime\Cache\0b3707b7e303f2c6deb8da69852d9ce3.php 第 19 行.
NOTIC: [2] Division by zero G:\www\find\APP\Runtime\Cache\0b3707b7e303f2c6deb8da69852d9ce3.php 第 19 行.
NOTIC: [8] Use of undefined constant Index - assumed 'Index' G:\www\find\APP\Runtime\Cache\0b3707b7e303f2c6deb8da69852d9ce3.php 第 20 行.
NOTIC: [8] Use of undefined constant checkUser - assumed 'checkUser' G:\www\find\APP\Runtime\Cache\0b3707b7e303f2c6deb8da69852d9ce3.php 第 20 行.
NOTIC: [2] Division by zero G:\www\find\APP\Runtime\Cache\0b3707b7e303f2c6deb8da69852d9ce3.php 第 20 行.
NOTIC: [8] Use of undefined constant Index - assumed 'Index' G:\www\find\APP\Runtime\Cache\0b3707b7e303f2c6deb8da69852d9ce3.php 第 21 行.
NOTIC: [8] Use of undefined constant login - assumed 'login' G:\www\find\APP\Runtime\Cache\0b3707b7e303f2c6deb8da69852d9ce3.php 第 21 行.
NOTIC: [2] Division by zero G:\www\find\APP\Runtime\Cache\0b3707b7e303f2c6deb8da69852d9ce3.php 第 21 行.
INFO: Run ParseTemplate Behavior [ RunTime:0.016043s ]
INFO: [ view_parse ] --END-- [ RunTime:0.016255s ]
INFO: [ view_filter ] --START--
INFO: Run ContentReplace Behavior [ RunTime:0.001445s ]
INFO: Run TokenBuild Behavior [ RunTime:0.001419s ]
INFO: Run WriteHtmlCache Behavior [ RunTime:0.001139s ]
INFO: Run ShowRuntime Behavior [ RunTime:0.001837s ]
INFO: [ view_filter ] --END-- [ RunTime:0.006447s ]
INFO: [ view_end ] --START--
INFO: Run ShowPageTrace Behavior [ RunTime:0.002258s ]
INFO: [ view_end ] --END-- [ RunTime:0.002722s ]

[ 2014-10-01T23:27:44+08:00 ] 127.0.0.1 /find/index.php/Member
INFO: [ route_check ] --START--
INFO: Run CheckRoute Behavior [ RunTime:0.001203s ]
INFO: [ route_check ] --END-- [ RunTime:0.001337s ]
INFO: [ app_begin ] --START--
INFO: Run ReadHtmlCache Behavior [ RunTime:0.005551s ]
INFO: [ app_begin ] --END-- [ RunTime:0.005706s ]
INFO: [ view_template ] --START--
INFO: Run LocationTemplate Behavior [ RunTime:0.001404s ]
INFO: [ view_template ] --END-- [ RunTime:0.001549s ]
INFO: [ view_parse ] --START--
NOTIC: [8] Use of undefined constant Index - assumed 'Index' G:\www\find\APP\Runtime\Cache\0b3707b7e303f2c6deb8da69852d9ce3.php 第 17 行.
NOTIC: [8] Use of undefined constant register - assumed 'register' G:\www\find\APP\Runtime\Cache\0b3707b7e303f2c6deb8da69852d9ce3.php 第 17 行.
NOTIC: [2] Division by zero G:\www\find\APP\Runtime\Cache\0b3707b7e303f2c6deb8da69852d9ce3.php 第 17 行.
NOTIC: [8] Use of undefined constant Index - assumed 'Index' G:\www\find\APP\Runtime\Cache\0b3707b7e303f2c6deb8da69852d9ce3.php 第 18 行.
NOTIC: [8] Use of undefined constant checkEmail - assumed 'checkEmail' G:\www\find\APP\Runtime\Cache\0b3707b7e303f2c6deb8da69852d9ce3.php 第 18 行.
NOTIC: [2] Division by zero G:\www\find\APP\Runtime\Cache\0b3707b7e303f2c6deb8da69852d9ce3.php 第 18 行.
NOTIC: [8] Use of undefined constant Index - assumed 'Index' G:\www\find\APP\Runtime\Cache\0b3707b7e303f2c6deb8da69852d9ce3.php 第 19 行.
NOTIC: [8] Use of undefined constant checkNicheng - assumed 'checkNicheng' G:\www\find\APP\Runtime\Cache\0b3707b7e303f2c6deb8da69852d9ce3.php 第 19 行.
NOTIC: [2] Division by zero G:\www\find\APP\Runtime\Cache\0b3707b7e303f2c6deb8da69852d9ce3.php 第 19 行.
NOTIC: [8] Use of undefined constant Index - assumed 'Index' G:\www\find\APP\Runtime\Cache\0b3707b7e303f2c6deb8da69852d9ce3.php 第 20 行.
NOTIC: [8] Use of undefined constant checkUser - assumed 'checkUser' G:\www\find\APP\Runtime\Cache\0b3707b7e303f2c6deb8da69852d9ce3.php 第 20 行.
NOTIC: [2] Division by zero G:\www\find\APP\Runtime\Cache\0b3707b7e303f2c6deb8da69852d9ce3.php 第 20 行.
NOTIC: [8] Use of undefined constant Index - assumed 'Index' G:\www\find\APP\Runtime\Cache\0b3707b7e303f2c6deb8da69852d9ce3.php 第 21 行.
NOTIC: [8] Use of undefined constant login - assumed 'login' G:\www\find\APP\Runtime\Cache\0b3707b7e303f2c6deb8da69852d9ce3.php 第 21 行.
NOTIC: [2] Division by zero G:\www\find\APP\Runtime\Cache\0b3707b7e303f2c6deb8da69852d9ce3.php 第 21 行.
INFO: Run ParseTemplate Behavior [ RunTime:0.017301s ]
INFO: [ view_parse ] --END-- [ RunTime:0.017446s ]
INFO: [ view_filter ] --START--
INFO: Run ContentReplace Behavior [ RunTime:0.000950s ]
INFO: Run TokenBuild Behavior [ RunTime:0.000696s ]
INFO: Run WriteHtmlCache Behavior [ RunTime:0.000668s ]
INFO: Run ShowRuntime Behavior [ RunTime:0.000988s ]
INFO: [ view_filter ] --END-- [ RunTime:0.003634s ]
INFO: [ view_end ] --START--
INFO: Run ShowPageTrace Behavior [ RunTime:0.001392s ]
INFO: [ view_end ] --END-- [ RunTime:0.001568s ]

[ 2014-10-01T23:27:44+08:00 ] 127.0.0.1 /find/index.php/Member
INFO: [ route_check ] --START--
INFO: Run CheckRoute Behavior [ RunTime:0.001902s ]
INFO: [ route_check ] --END-- [ RunTime:0.002131s ]
INFO: [ app_begin ] --START--
INFO: Run ReadHtmlCache Behavior [ RunTime:0.001247s ]
INFO: [ app_begin ] --END-- [ RunTime:0.001387s ]
INFO: [ view_template ] --START--
INFO: Run LocationTemplate Behavior [ RunTime:0.001376s ]
INFO: [ view_template ] --END-- [ RunTime:0.001514s ]
INFO: [ view_parse ] --START--
NOTIC: [8] Use of undefined constant Index - assumed 'Index' G:\www\find\APP\Runtime\Cache\0b3707b7e303f2c6deb8da69852d9ce3.php 第 17 行.
NOTIC: [8] Use of undefined constant register - assumed 'register' G:\www\find\APP\Runtime\Cache\0b3707b7e303f2c6deb8da69852d9ce3.php 第 17 行.
NOTIC: [2] Division by zero G:\www\find\APP\Runtime\Cache\0b3707b7e303f2c6deb8da69852d9ce3.php 第 17 行.
NOTIC: [8] Use of undefined constant Index - assumed 'Index' G:\www\find\APP\Runtime\Cache\0b3707b7e303f2c6deb8da69852d9ce3.php 第 18 行.
NOTIC: [8] Use of undefined constant checkEmail - assumed 'checkEmail' G:\www\find\APP\Runtime\Cache\0b3707b7e303f2c6deb8da69852d9ce3.php 第 18 行.
NOTIC: [2] Division by zero G:\www\find\APP\Runtime\Cache\0b3707b7e303f2c6deb8da69852d9ce3.php 第 18 行.
NOTIC: [8] Use of undefined constant Index - assumed 'Index' G:\www\find\APP\Runtime\Cache\0b3707b7e303f2c6deb8da69852d9ce3.php 第 19 行.
NOTIC: [8] Use of undefined constant checkNicheng - assumed 'checkNicheng' G:\www\find\APP\Runtime\Cache\0b3707b7e303f2c6deb8da69852d9ce3.php 第 19 行.
NOTIC: [2] Division by zero G:\www\find\APP\Runtime\Cache\0b3707b7e303f2c6deb8da69852d9ce3.php 第 19 行.
NOTIC: [8] Use of undefined constant Index - assumed 'Index' G:\www\find\APP\Runtime\Cache\0b3707b7e303f2c6deb8da69852d9ce3.php 第 20 行.
NOTIC: [8] Use of undefined constant checkUser - assumed 'checkUser' G:\www\find\APP\Runtime\Cache\0b3707b7e303f2c6deb8da69852d9ce3.php 第 20 行.
NOTIC: [2] Division by zero G:\www\find\APP\Runtime\Cache\0b3707b7e303f2c6deb8da69852d9ce3.php 第 20 行.
NOTIC: [8] Use of undefined constant Index - assumed 'Index' G:\www\find\APP\Runtime\Cache\0b3707b7e303f2c6deb8da69852d9ce3.php 第 21 行.
NOTIC: [8] Use of undefined constant login - assumed 'login' G:\www\find\APP\Runtime\Cache\0b3707b7e303f2c6deb8da69852d9ce3.php 第 21 行.
NOTIC: [2] Division by zero G:\www\find\APP\Runtime\Cache\0b3707b7e303f2c6deb8da69852d9ce3.php 第 21 行.
INFO: Run ParseTemplate Behavior [ RunTime:0.014673s ]
INFO: [ view_parse ] --END-- [ RunTime:0.014822s ]
INFO: [ view_filter ] --START--
INFO: Run ContentReplace Behavior [ RunTime:0.000964s ]
INFO: Run TokenBuild Behavior [ RunTime:0.000797s ]
INFO: Run WriteHtmlCache Behavior [ RunTime:0.000648s ]
INFO: Run ShowRuntime Behavior [ RunTime:0.000950s ]
INFO: [ view_filter ] --END-- [ RunTime:0.003684s ]
INFO: [ view_end ] --START--
INFO: Run ShowPageTrace Behavior [ RunTime:0.001134s ]
INFO: [ view_end ] --END-- [ RunTime:0.001325s ]

[ 2014-10-01T23:27:50+08:00 ] 127.0.0.1 /find/index.php/Member/index
INFO: [ route_check ] --START--
INFO: Run CheckRoute Behavior [ RunTime:0.001211s ]
INFO: [ route_check ] --END-- [ RunTime:0.001362s ]
INFO: [ app_begin ] --START--
INFO: Run ReadHtmlCache Behavior [ RunTime:0.000989s ]
INFO: [ app_begin ] --END-- [ RunTime:0.001089s ]
INFO: [ view_template ] --START--
INFO: Run LocationTemplate Behavior [ RunTime:0.001409s ]
INFO: [ view_template ] --END-- [ RunTime:0.001544s ]
INFO: [ view_parse ] --START--
NOTIC: [8] Use of undefined constant Index - assumed 'Index' G:\www\find\APP\Runtime\Cache\0b3707b7e303f2c6deb8da69852d9ce3.php 第 17 行.
NOTIC: [8] Use of undefined constant register - assumed 'register' G:\www\find\APP\Runtime\Cache\0b3707b7e303f2c6deb8da69852d9ce3.php 第 17 行.
NOTIC: [2] Division by zero G:\www\find\APP\Runtime\Cache\0b3707b7e303f2c6deb8da69852d9ce3.php 第 17 行.
NOTIC: [8] Use of undefined constant Index - assumed 'Index' G:\www\find\APP\Runtime\Cache\0b3707b7e303f2c6deb8da69852d9ce3.php 第 18 行.
NOTIC: [8] Use of undefined constant checkEmail - assumed 'checkEmail' G:\www\find\APP\Runtime\Cache\0b3707b7e303f2c6deb8da69852d9ce3.php 第 18 行.
NOTIC: [2] Division by zero G:\www\find\APP\Runtime\Cache\0b3707b7e303f2c6deb8da69852d9ce3.php 第 18 行.
NOTIC: [8] Use of undefined constant Index - assumed 'Index' G:\www\find\APP\Runtime\Cache\0b3707b7e303f2c6deb8da69852d9ce3.php 第 19 行.
NOTIC: [8] Use of undefined constant checkNicheng - assumed 'checkNicheng' G:\www\find\APP\Runtime\Cache\0b3707b7e303f2c6deb8da69852d9ce3.php 第 19 行.
NOTIC: [2] Division by zero G:\www\find\APP\Runtime\Cache\0b3707b7e303f2c6deb8da69852d9ce3.php 第 19 行.
NOTIC: [8] Use of undefined constant Index - assumed 'Index' G:\www\find\APP\Runtime\Cache\0b3707b7e303f2c6deb8da69852d9ce3.php 第 20 行.
NOTIC: [8] Use of undefined constant checkUser - assumed 'checkUser' G:\www\find\APP\Runtime\Cache\0b3707b7e303f2c6deb8da69852d9ce3.php 第 20 行.
NOTIC: [2] Division by zero G:\www\find\APP\Runtime\Cache\0b3707b7e303f2c6deb8da69852d9ce3.php 第 20 行.
NOTIC: [8] Use of undefined constant Index - assumed 'Index' G:\www\find\APP\Runtime\Cache\0b3707b7e303f2c6deb8da69852d9ce3.php 第 21 行.
NOTIC: [8] Use of undefined constant login - assumed 'login' G:\www\find\APP\Runtime\Cache\0b3707b7e303f2c6deb8da69852d9ce3.php 第 21 行.
NOTIC: [2] Division by zero G:\www\find\APP\Runtime\Cache\0b3707b7e303f2c6deb8da69852d9ce3.php 第 21 行.
INFO: Run ParseTemplate Behavior [ RunTime:0.014158s ]
INFO: [ view_parse ] --END-- [ RunTime:0.014263s ]
INFO: [ view_filter ] --START--
INFO: Run ContentReplace Behavior [ RunTime:0.000925s ]
INFO: Run TokenBuild Behavior [ RunTime:0.000787s ]
INFO: Run WriteHtmlCache Behavior [ RunTime:0.000650s ]
INFO: Run ShowRuntime Behavior [ RunTime:0.000939s ]
INFO: [ view_filter ] --END-- [ RunTime:0.003575s ]
INFO: [ view_end ] --START--
INFO: Run ShowPageTrace Behavior [ RunTime:0.001027s ]
INFO: [ view_end ] --END-- [ RunTime:0.001136s ]

[ 2014-10-01T23:54:39+08:00 ] 127.0.0.1 /find/index.php/Member
INFO: [ route_check ] --START--
INFO: Run CheckRoute Behavior [ RunTime:0.002621s ]
INFO: [ route_check ] --END-- [ RunTime:0.002992s ]
INFO: [ app_begin ] --START--
INFO: Run ReadHtmlCache Behavior [ RunTime:0.001731s ]
INFO: [ app_begin ] --END-- [ RunTime:0.001957s ]
INFO: [ view_template ] --START--
INFO: Run LocationTemplate Behavior [ RunTime:0.002641s ]
INFO: [ view_template ] --END-- [ RunTime:0.002895s ]
INFO: [ view_parse ] --START--
NOTIC: [8] Use of undefined constant checkEmail - assumed 'checkEmail' G:\www\find\APP\Runtime\Cache\0b3707b7e303f2c6deb8da69852d9ce3.php 第 18 行.
NOTIC: [8] Use of undefined constant checkNicheng - assumed 'checkNicheng' G:\www\find\APP\Runtime\Cache\0b3707b7e303f2c6deb8da69852d9ce3.php 第 19 行.
NOTIC: [8] Use of undefined constant checkUser - assumed 'checkUser' G:\www\find\APP\Runtime\Cache\0b3707b7e303f2c6deb8da69852d9ce3.php 第 20 行.
NOTIC: [8] Use of undefined constant login - assumed 'login' G:\www\find\APP\Runtime\Cache\0b3707b7e303f2c6deb8da69852d9ce3.php 第 21 行.
INFO: Run ParseTemplate Behavior [ RunTime:0.022524s ]
INFO: [ view_parse ] --END-- [ RunTime:0.022818s ]
INFO: [ view_filter ] --START--
INFO: Run ContentReplace Behavior [ RunTime:0.001657s ]
INFO: Run TokenBuild Behavior [ RunTime:0.001388s ]
INFO: Run WriteHtmlCache Behavior [ RunTime:0.001347s ]
INFO: Run ShowRuntime Behavior [ RunTime:0.001796s ]
INFO: [ view_filter ] --END-- [ RunTime:0.006892s ]
INFO: [ view_end ] --START--
INFO: Run ShowPageTrace Behavior [ RunTime:0.001839s ]
INFO: [ view_end ] --END-- [ RunTime:0.002089s ]

[ 2014-10-01T23:55:17+08:00 ] 127.0.0.1 /find/index.php/Member
INFO: [ route_check ] --START--
INFO: Run CheckRoute Behavior [ RunTime:0.003501s ]
INFO: [ route_check ] --END-- [ RunTime:0.003758s ]
INFO: [ app_begin ] --START--
INFO: Run ReadHtmlCache Behavior [ RunTime:0.000980s ]
INFO: [ app_begin ] --END-- [ RunTime:0.001124s ]
INFO: [ view_template ] --START--
INFO: Run LocationTemplate Behavior [ RunTime:0.001107s ]
INFO: [ view_template ] --END-- [ RunTime:0.001261s ]
INFO: [ view_parse ] --START--
NOTIC: [8] Use of undefined constant checkEmail - assumed 'checkEmail' G:\www\find\APP\Runtime\Cache\0b3707b7e303f2c6deb8da69852d9ce3.php 第 18 行.
NOTIC: [8] Use of undefined constant checkNicheng - assumed 'checkNicheng' G:\www\find\APP\Runtime\Cache\0b3707b7e303f2c6deb8da69852d9ce3.php 第 19 行.
NOTIC: [8] Use of undefined constant checkUser - assumed 'checkUser' G:\www\find\APP\Runtime\Cache\0b3707b7e303f2c6deb8da69852d9ce3.php 第 20 行.
NOTIC: [8] Use of undefined constant login - assumed 'login' G:\www\find\APP\Runtime\Cache\0b3707b7e303f2c6deb8da69852d9ce3.php 第 21 行.
INFO: Run ParseTemplate Behavior [ RunTime:0.014034s ]
INFO: [ view_parse ] --END-- [ RunTime:0.014207s ]
INFO: [ view_filter ] --START--
INFO: Run ContentReplace Behavior [ RunTime:0.000825s ]
INFO: Run TokenBuild Behavior [ RunTime:0.000765s ]
INFO: Run WriteHtmlCache Behavior [ RunTime:0.000588s ]
INFO: Run ShowRuntime Behavior [ RunTime:0.000880s ]
INFO: [ view_filter ] --END-- [ RunTime:0.003401s ]
INFO: [ view_end ] --START--
INFO: Run ShowPageTrace Behavior [ RunTime:0.000934s ]
INFO: [ view_end ] --END-- [ RunTime:0.001076s ]

[ 2014-10-01T23:55:17+08:00 ] 127.0.0.1 /find/index.php/Member
INFO: [ route_check ] --START--
INFO: Run CheckRoute Behavior [ RunTime:0.002371s ]
INFO: [ route_check ] --END-- [ RunTime:0.002616s ]
INFO: [ app_begin ] --START--
INFO: Run ReadHtmlCache Behavior [ RunTime:0.001740s ]
INFO: [ app_begin ] --END-- [ RunTime:0.001990s ]
INFO: [ view_template ] --START--
INFO: Run LocationTemplate Behavior [ RunTime:0.002265s ]
INFO: [ view_template ] --END-- [ RunTime:0.002522s ]
INFO: [ view_parse ] --START--
NOTIC: [8] Use of undefined constant checkEmail - assumed 'checkEmail' G:\www\find\APP\Runtime\Cache\0b3707b7e303f2c6deb8da69852d9ce3.php 第 18 行.
NOTIC: [8] Use of undefined constant checkNicheng - assumed 'checkNicheng' G:\www\find\APP\Runtime\Cache\0b3707b7e303f2c6deb8da69852d9ce3.php 第 19 行.
NOTIC: [8] Use of undefined constant checkUser - assumed 'checkUser' G:\www\find\APP\Runtime\Cache\0b3707b7e303f2c6deb8da69852d9ce3.php 第 20 行.
NOTIC: [8] Use of undefined constant login - assumed 'login' G:\www\find\APP\Runtime\Cache\0b3707b7e303f2c6deb8da69852d9ce3.php 第 21 行.
INFO: Run ParseTemplate Behavior [ RunTime:0.025858s ]
INFO: [ view_parse ] --END-- [ RunTime:0.026136s ]
INFO: [ view_filter ] --START--
INFO: Run ContentReplace Behavior [ RunTime:0.001449s ]
INFO: Run TokenBuild Behavior [ RunTime:0.001364s ]
INFO: Run WriteHtmlCache Behavior [ RunTime:0.001227s ]
INFO: Run ShowRuntime Behavior [ RunTime:0.001495s ]
INFO: [ view_filter ] --END-- [ RunTime:0.006134s ]
INFO: [ view_end ] --START--
INFO: Run ShowPageTrace Behavior [ RunTime:0.001114s ]
INFO: [ view_end ] --END-- [ RunTime:0.001229s ]

[ 2014-10-01T23:55:17+08:00 ] 127.0.0.1 /find/index.php/Member
INFO: [ route_check ] --START--
INFO: Run CheckRoute Behavior [ RunTime:0.001388s ]
INFO: [ route_check ] --END-- [ RunTime:0.001532s ]
INFO: [ app_begin ] --START--
INFO: Run ReadHtmlCache Behavior [ RunTime:0.001592s ]
INFO: [ app_begin ] --END-- [ RunTime:0.001780s ]
INFO: [ view_template ] --START--
INFO: Run LocationTemplate Behavior [ RunTime:0.001520s ]
INFO: [ view_template ] --END-- [ RunTime:0.001710s ]
INFO: [ view_parse ] --START--
NOTIC: [8] Use of undefined constant checkEmail - assumed 'checkEmail' G:\www\find\APP\Runtime\Cache\0b3707b7e303f2c6deb8da69852d9ce3.php 第 18 行.
NOTIC: [8] Use of undefined constant checkNicheng - assumed 'checkNicheng' G:\www\find\APP\Runtime\Cache\0b3707b7e303f2c6deb8da69852d9ce3.php 第 19 行.
NOTIC: [8] Use of undefined constant checkUser - assumed 'checkUser' G:\www\find\APP\Runtime\Cache\0b3707b7e303f2c6deb8da69852d9ce3.php 第 20 行.
NOTIC: [8] Use of undefined constant login - assumed 'login' G:\www\find\APP\Runtime\Cache\0b3707b7e303f2c6deb8da69852d9ce3.php 第 21 行.
INFO: Run ParseTemplate Behavior [ RunTime:0.014123s ]
INFO: [ view_parse ] --END-- [ RunTime:0.014294s ]
INFO: [ view_filter ] --START--
INFO: Run ContentReplace Behavior [ RunTime:0.001030s ]
INFO: Run TokenBuild Behavior [ RunTime:0.000831s ]
INFO: Run WriteHtmlCache Behavior [ RunTime:0.000716s ]
INFO: Run ShowRuntime Behavior [ RunTime:0.000952s ]
INFO: [ view_filter ] --END-- [ RunTime:0.003886s ]
INFO: [ view_end ] --START--
INFO: Run ShowPageTrace Behavior [ RunTime:0.001048s ]
INFO: [ view_end ] --END-- [ RunTime:0.001172s ]

[ 2014-10-01T23:55:32+08:00 ] 127.0.0.1 /find/index.php/Member
INFO: [ route_check ] --START--
INFO: Run CheckRoute Behavior [ RunTime:0.001746s ]
INFO: [ route_check ] --END-- [ RunTime:0.001937s ]
INFO: [ app_begin ] --START--
INFO: Run ReadHtmlCache Behavior [ RunTime:0.001059s ]
INFO: [ app_begin ] --END-- [ RunTime:0.001180s ]
INFO: [ view_template ] --START--
INFO: Run LocationTemplate Behavior [ RunTime:0.001427s ]
INFO: [ view_template ] --END-- [ RunTime:0.001571s ]
INFO: [ view_parse ] --START--
NOTIC: [8] Use of undefined constant checkEmail - assumed 'checkEmail' G:\www\find\APP\Runtime\Cache\0b3707b7e303f2c6deb8da69852d9ce3.php 第 18 行.
NOTIC: [8] Use of undefined constant checkNicheng - assumed 'checkNicheng' G:\www\find\APP\Runtime\Cache\0b3707b7e303f2c6deb8da69852d9ce3.php 第 19 行.
NOTIC: [8] Use of undefined constant checkUser - assumed 'checkUser' G:\www\find\APP\Runtime\Cache\0b3707b7e303f2c6deb8da69852d9ce3.php 第 20 行.
NOTIC: [8] Use of undefined constant login - assumed 'login' G:\www\find\APP\Runtime\Cache\0b3707b7e303f2c6deb8da69852d9ce3.php 第 21 行.
INFO: Run ParseTemplate Behavior [ RunTime:0.014216s ]
INFO: [ view_parse ] --END-- [ RunTime:0.014357s ]
INFO: [ view_filter ] --START--
INFO: Run ContentReplace Behavior [ RunTime:0.000889s ]
INFO: Run TokenBuild Behavior [ RunTime:0.000832s ]
INFO: Run WriteHtmlCache Behavior [ RunTime:0.000736s ]
INFO: Run ShowRuntime Behavior [ RunTime:0.000987s ]
INFO: [ view_filter ] --END-- [ RunTime:0.003788s ]
INFO: [ view_end ] --START--
INFO: Run ShowPageTrace Behavior [ RunTime:0.001332s ]
INFO: [ view_end ] --END-- [ RunTime:0.001495s ]

[ 2014-10-01T23:55:32+08:00 ] 127.0.0.1 /find/index.php/Member
INFO: [ route_check ] --START--
INFO: Run CheckRoute Behavior [ RunTime:0.001908s ]
INFO: [ route_check ] --END-- [ RunTime:0.002131s ]
INFO: [ app_begin ] --START--
INFO: Run ReadHtmlCache Behavior [ RunTime:0.001636s ]
INFO: [ app_begin ] --END-- [ RunTime:0.001852s ]
INFO: [ view_template ] --START--
INFO: Run LocationTemplate Behavior [ RunTime:0.007255s ]
INFO: [ view_template ] --END-- [ RunTime:0.007468s ]
INFO: [ view_parse ] --START--
NOTIC: [8] Use of undefined constant checkEmail - assumed 'checkEmail' G:\www\find\APP\Runtime\Cache\0b3707b7e303f2c6deb8da69852d9ce3.php 第 18 行.
NOTIC: [8] Use of undefined constant checkNicheng - assumed 'checkNicheng' G:\www\find\APP\Runtime\Cache\0b3707b7e303f2c6deb8da69852d9ce3.php 第 19 行.
NOTIC: [8] Use of undefined constant checkUser - assumed 'checkUser' G:\www\find\APP\Runtime\Cache\0b3707b7e303f2c6deb8da69852d9ce3.php 第 20 行.
NOTIC: [8] Use of undefined constant login - assumed 'login' G:\www\find\APP\Runtime\Cache\0b3707b7e303f2c6deb8da69852d9ce3.php 第 21 行.
INFO: Run ParseTemplate Behavior [ RunTime:0.021250s ]
INFO: [ view_parse ] --END-- [ RunTime:0.021450s ]
INFO: [ view_filter ] --START--
INFO: Run ContentReplace Behavior [ RunTime:0.000923s ]
INFO: Run TokenBuild Behavior [ RunTime:0.000829s ]
INFO: Run WriteHtmlCache Behavior [ RunTime:0.000838s ]
INFO: Run ShowRuntime Behavior [ RunTime:0.001050s ]
INFO: [ view_filter ] --END-- [ RunTime:0.004070s ]
INFO: [ view_end ] --START--
INFO: Run ShowPageTrace Behavior [ RunTime:0.001192s ]
INFO: [ view_end ] --END-- [ RunTime:0.001335s ]

[ 2014-10-01T23:55:32+08:00 ] 127.0.0.1 /find/index.php/Member
INFO: [ route_check ] --START--
INFO: Run CheckRoute Behavior [ RunTime:0.001593s ]
INFO: [ route_check ] --END-- [ RunTime:0.001831s ]
INFO: [ app_begin ] --START--
INFO: Run ReadHtmlCache Behavior [ RunTime:0.001163s ]
INFO: [ app_begin ] --END-- [ RunTime:0.001355s ]
INFO: [ view_template ] --START--
INFO: Run LocationTemplate Behavior [ RunTime:0.000716s ]
INFO: [ view_template ] --END-- [ RunTime:0.000877s ]
INFO: [ view_parse ] --START--
NOTIC: [8] Use of undefined constant checkEmail - assumed 'checkEmail' G:\www\find\APP\Runtime\Cache\0b3707b7e303f2c6deb8da69852d9ce3.php 第 18 行.
NOTIC: [8] Use of undefined constant checkNicheng - assumed 'checkNicheng' G:\www\find\APP\Runtime\Cache\0b3707b7e303f2c6deb8da69852d9ce3.php 第 19 行.
NOTIC: [8] Use of undefined constant checkUser - assumed 'checkUser' G:\www\find\APP\Runtime\Cache\0b3707b7e303f2c6deb8da69852d9ce3.php 第 20 行.
NOTIC: [8] Use of undefined constant login - assumed 'login' G:\www\find\APP\Runtime\Cache\0b3707b7e303f2c6deb8da69852d9ce3.php 第 21 行.
INFO: Run ParseTemplate Behavior [ RunTime:0.012859s ]
INFO: [ view_parse ] --END-- [ RunTime:0.012998s ]
INFO: [ view_filter ] --START--
INFO: Run ContentReplace Behavior [ RunTime:0.000666s ]
INFO: Run TokenBuild Behavior [ RunTime:0.000612s ]
INFO: Run WriteHtmlCache Behavior [ RunTime:0.000462s ]
INFO: Run ShowRuntime Behavior [ RunTime:0.000713s ]
INFO: [ view_filter ] --END-- [ RunTime:0.002770s ]
INFO: [ view_end ] --START--
INFO: Run ShowPageTrace Behavior [ RunTime:0.000788s ]
INFO: [ view_end ] --END-- [ RunTime:0.000899s ]

[ 2014-10-01T23:55:49+08:00 ] 127.0.0.1 /find/index.php/Member
INFO: [ route_check ] --START--
INFO: Run CheckRoute Behavior [ RunTime:0.001525s ]
INFO: [ route_check ] --END-- [ RunTime:0.001681s ]
INFO: [ app_begin ] --START--
INFO: Run ReadHtmlCache Behavior [ RunTime:0.001095s ]
INFO: [ app_begin ] --END-- [ RunTime:0.001244s ]
INFO: [ view_template ] --START--
INFO: Run LocationTemplate Behavior [ RunTime:0.001401s ]
INFO: [ view_template ] --END-- [ RunTime:0.001548s ]
INFO: [ view_parse ] --START--
NOTIC: [8] Use of undefined constant Index - assumed 'Index' G:\www\find\APP\Runtime\Cache\0b3707b7e303f2c6deb8da69852d9ce3.php 第 17 行.
NOTIC: [8] Use of undefined constant register - assumed 'register' G:\www\find\APP\Runtime\Cache\0b3707b7e303f2c6deb8da69852d9ce3.php 第 17 行.
NOTIC: [2] Division by zero G:\www\find\APP\Runtime\Cache\0b3707b7e303f2c6deb8da69852d9ce3.php 第 17 行.
NOTIC: [8] Use of undefined constant checkEmail - assumed 'checkEmail' G:\www\find\APP\Runtime\Cache\0b3707b7e303f2c6deb8da69852d9ce3.php 第 18 行.
NOTIC: [8] Use of undefined constant checkNicheng - assumed 'checkNicheng' G:\www\find\APP\Runtime\Cache\0b3707b7e303f2c6deb8da69852d9ce3.php 第 19 行.
NOTIC: [8] Use of undefined constant checkUser - assumed 'checkUser' G:\www\find\APP\Runtime\Cache\0b3707b7e303f2c6deb8da69852d9ce3.php 第 20 行.
NOTIC: [8] Use of undefined constant login - assumed 'login' G:\www\find\APP\Runtime\Cache\0b3707b7e303f2c6deb8da69852d9ce3.php 第 21 行.
INFO: Run ParseTemplate Behavior [ RunTime:0.015379s ]
INFO: [ view_parse ] --END-- [ RunTime:0.015524s ]
INFO: [ view_filter ] --START--
INFO: Run ContentReplace Behavior [ RunTime:0.000955s ]
INFO: Run TokenBuild Behavior [ RunTime:0.000856s ]
INFO: Run WriteHtmlCache Behavior [ RunTime:0.000719s ]
INFO: Run ShowRuntime Behavior [ RunTime:0.000990s ]
INFO: [ view_filter ] --END-- [ RunTime:0.003857s ]
INFO: [ view_end ] --START--
INFO: Run ShowPageTrace Behavior [ RunTime:0.001149s ]
INFO: [ view_end ] --END-- [ RunTime:0.001283s ]

[ 2014-10-01T23:57:06+08:00 ] 127.0.0.1 /find/index.php/Member
INFO: [ route_check ] --START--
INFO: Run CheckRoute Behavior [ RunTime:0.002013s ]
INFO: [ route_check ] --END-- [ RunTime:0.002249s ]
INFO: [ app_begin ] --START--
INFO: Run ReadHtmlCache Behavior [ RunTime:0.001355s ]
INFO: [ app_begin ] --END-- [ RunTime:0.001534s ]
INFO: [ view_template ] --START--
INFO: Run LocationTemplate Behavior [ RunTime:0.001842s ]
INFO: [ view_template ] --END-- [ RunTime:0.002058s ]
INFO: [ view_parse ] --START--
NOTIC: [8] Use of undefined constant register - assumed 'register' G:\www\find\APP\Runtime\Cache\0b3707b7e303f2c6deb8da69852d9ce3.php 第 17 行.
NOTIC: [8] Use of undefined constant checkEmail - assumed 'checkEmail' G:\www\find\APP\Runtime\Cache\0b3707b7e303f2c6deb8da69852d9ce3.php 第 18 行.
NOTIC: [8] Use of undefined constant checkNicheng - assumed 'checkNicheng' G:\www\find\APP\Runtime\Cache\0b3707b7e303f2c6deb8da69852d9ce3.php 第 19 行.
NOTIC: [8] Use of undefined constant checkUser - assumed 'checkUser' G:\www\find\APP\Runtime\Cache\0b3707b7e303f2c6deb8da69852d9ce3.php 第 20 行.
NOTIC: [8] Use of undefined constant login - assumed 'login' G:\www\find\APP\Runtime\Cache\0b3707b7e303f2c6deb8da69852d9ce3.php 第 21 行.
INFO: Run ParseTemplate Behavior [ RunTime:0.013891s ]
INFO: [ view_parse ] --END-- [ RunTime:0.014050s ]
INFO: [ view_filter ] --START--
INFO: Run ContentReplace Behavior [ RunTime:0.000964s ]
INFO: Run TokenBuild Behavior [ RunTime:0.000849s ]
INFO: Run WriteHtmlCache Behavior [ RunTime:0.000646s ]
INFO: Run ShowRuntime Behavior [ RunTime:0.000899s ]
INFO: [ view_filter ] --END-- [ RunTime:0.003717s ]
INFO: [ view_end ] --START--
INFO: Run ShowPageTrace Behavior [ RunTime:0.001040s ]
INFO: [ view_end ] --END-- [ RunTime:0.001167s ]

[ 2014-10-01T23:57:07+08:00 ] 127.0.0.1 /find/index.php/Member
INFO: [ route_check ] --START--
INFO: Run CheckRoute Behavior [ RunTime:0.001050s ]
INFO: [ route_check ] --END-- [ RunTime:0.001203s ]
INFO: [ app_begin ] --START--
INFO: Run ReadHtmlCache Behavior [ RunTime:0.000822s ]
INFO: [ app_begin ] --END-- [ RunTime:0.000946s ]
INFO: [ view_template ] --START--
INFO: Run LocationTemplate Behavior [ RunTime:0.000682s ]
INFO: [ view_template ] --END-- [ RunTime:0.000846s ]
INFO: [ view_parse ] --START--
NOTIC: [8] Use of undefined constant register - assumed 'register' G:\www\find\APP\Runtime\Cache\0b3707b7e303f2c6deb8da69852d9ce3.php 第 17 行.
NOTIC: [8] Use of undefined constant checkEmail - assumed 'checkEmail' G:\www\find\APP\Runtime\Cache\0b3707b7e303f2c6deb8da69852d9ce3.php 第 18 行.
NOTIC: [8] Use of undefined constant checkNicheng - assumed 'checkNicheng' G:\www\find\APP\Runtime\Cache\0b3707b7e303f2c6deb8da69852d9ce3.php 第 19 行.
NOTIC: [8] Use of undefined constant checkUser - assumed 'checkUser' G:\www\find\APP\Runtime\Cache\0b3707b7e303f2c6deb8da69852d9ce3.php 第 20 行.
NOTIC: [8] Use of undefined constant login - assumed 'login' G:\www\find\APP\Runtime\Cache\0b3707b7e303f2c6deb8da69852d9ce3.php 第 21 行.
INFO: Run ParseTemplate Behavior [ RunTime:0.012085s ]
INFO: [ view_parse ] --END-- [ RunTime:0.012233s ]
INFO: [ view_filter ] --START--
INFO: Run ContentReplace Behavior [ RunTime:0.002617s ]
INFO: Run TokenBuild Behavior [ RunTime:0.018319s ]
INFO: Run WriteHtmlCache Behavior [ RunTime:0.000813s ]
INFO: Run ShowRuntime Behavior [ RunTime:0.000747s ]
INFO: [ view_filter ] --END-- [ RunTime:0.022955s ]
INFO: [ view_end ] --START--
INFO: Run ShowPageTrace Behavior [ RunTime:0.001447s ]
INFO: [ view_end ] --END-- [ RunTime:0.001582s ]

[ 2014-10-01T23:57:07+08:00 ] 127.0.0.1 /find/index.php/Member
INFO: [ route_check ] --START--
INFO: Run CheckRoute Behavior [ RunTime:0.001254s ]
INFO: [ route_check ] --END-- [ RunTime:0.001411s ]
INFO: [ app_begin ] --START--
INFO: Run ReadHtmlCache Behavior [ RunTime:0.001649s ]
INFO: [ app_begin ] --END-- [ RunTime:0.001823s ]
INFO: [ view_template ] --START--
INFO: Run LocationTemplate Behavior [ RunTime:0.002245s ]
INFO: [ view_template ] --END-- [ RunTime:0.002478s ]
INFO: [ view_parse ] --START--
NOTIC: [8] Use of undefined constant register - assumed 'register' G:\www\find\APP\Runtime\Cache\0b3707b7e303f2c6deb8da69852d9ce3.php 第 17 行.
NOTIC: [8] Use of undefined constant checkEmail - assumed 'checkEmail' G:\www\find\APP\Runtime\Cache\0b3707b7e303f2c6deb8da69852d9ce3.php 第 18 行.
NOTIC: [8] Use of undefined constant checkNicheng - assumed 'checkNicheng' G:\www\find\APP\Runtime\Cache\0b3707b7e303f2c6deb8da69852d9ce3.php 第 19 行.
NOTIC: [8] Use of undefined constant checkUser - assumed 'checkUser' G:\www\find\APP\Runtime\Cache\0b3707b7e303f2c6deb8da69852d9ce3.php 第 20 行.
NOTIC: [8] Use of undefined constant login - assumed 'login' G:\www\find\APP\Runtime\Cache\0b3707b7e303f2c6deb8da69852d9ce3.php 第 21 行.
INFO: Run ParseTemplate Behavior [ RunTime:0.015775s ]
INFO: [ view_parse ] --END-- [ RunTime:0.015963s ]
INFO: [ view_filter ] --START--
INFO: Run ContentReplace Behavior [ RunTime:0.001021s ]
INFO: Run TokenBuild Behavior [ RunTime:0.000839s ]
INFO: Run WriteHtmlCache Behavior [ RunTime:0.000661s ]
INFO: Run ShowRuntime Behavior [ RunTime:0.000942s ]
INFO: [ view_filter ] --END-- [ RunTime:0.003787s ]
INFO: [ view_end ] --START--
INFO: Run ShowPageTrace Behavior [ RunTime:0.001063s ]
INFO: [ view_end ] --END-- [ RunTime:0.001191s ]

[ 2014-10-01T23:57:07+08:00 ] 127.0.0.1 /find/index.php/Member
INFO: [ route_check ] --START--
INFO: Run CheckRoute Behavior [ RunTime:0.001395s ]
INFO: [ route_check ] --END-- [ RunTime:0.001541s ]
INFO: [ app_begin ] --START--
INFO: Run ReadHtmlCache Behavior [ RunTime:0.001039s ]
INFO: [ app_begin ] --END-- [ RunTime:0.001169s ]
INFO: [ view_template ] --START--
INFO: Run LocationTemplate Behavior [ RunTime:0.001396s ]
INFO: [ view_template ] --END-- [ RunTime:0.001543s ]
INFO: [ view_parse ] --START--
NOTIC: [8] Use of undefined constant register - assumed 'register' G:\www\find\APP\Runtime\Cache\0b3707b7e303f2c6deb8da69852d9ce3.php 第 17 行.
NOTIC: [8] Use of undefined constant checkEmail - assumed 'checkEmail' G:\www\find\APP\Runtime\Cache\0b3707b7e303f2c6deb8da69852d9ce3.php 第 18 行.
NOTIC: [8] Use of undefined constant checkNicheng - assumed 'checkNicheng' G:\www\find\APP\Runtime\Cache\0b3707b7e303f2c6deb8da69852d9ce3.php 第 19 行.
NOTIC: [8] Use of undefined constant checkUser - assumed 'checkUser' G:\www\find\APP\Runtime\Cache\0b3707b7e303f2c6deb8da69852d9ce3.php 第 20 行.
NOTIC: [8] Use of undefined constant login - assumed 'login' G:\www\find\APP\Runtime\Cache\0b3707b7e303f2c6deb8da69852d9ce3.php 第 21 行.
INFO: Run ParseTemplate Behavior [ RunTime:0.014183s ]
INFO: [ view_parse ] --END-- [ RunTime:0.014324s ]
INFO: [ view_filter ] --START--
INFO: Run ContentReplace Behavior [ RunTime:0.000926s ]
INFO: Run TokenBuild Behavior [ RunTime:0.000751s ]
INFO: Run WriteHtmlCache Behavior [ RunTime:0.000709s ]
INFO: Run ShowRuntime Behavior [ RunTime:0.000960s ]
INFO: [ view_filter ] --END-- [ RunTime:0.003698s ]
INFO: [ view_end ] --START--
INFO: Run ShowPageTrace Behavior [ RunTime:0.001034s ]
INFO: [ view_end ] --END-- [ RunTime:0.001158s ]

[ 2014-10-01T23:57:07+08:00 ] 127.0.0.1 /find/index.php/Member
INFO: [ route_check ] --START--
INFO: Run CheckRoute Behavior [ RunTime:0.001247s ]
INFO: [ route_check ] --END-- [ RunTime:0.001393s ]
INFO: [ app_begin ] --START--
INFO: Run ReadHtmlCache Behavior [ RunTime:0.001088s ]
INFO: [ app_begin ] --END-- [ RunTime:0.001226s ]
INFO: [ view_template ] --START--
INFO: Run LocationTemplate Behavior [ RunTime:0.001450s ]
INFO: [ view_template ] --END-- [ RunTime:0.001618s ]
INFO: [ view_parse ] --START--
NOTIC: [8] Use of undefined constant register - assumed 'register' G:\www\find\APP\Runtime\Cache\0b3707b7e303f2c6deb8da69852d9ce3.php 第 17 行.
NOTIC: [8] Use of undefined constant checkEmail - assumed 'checkEmail' G:\www\find\APP\Runtime\Cache\0b3707b7e303f2c6deb8da69852d9ce3.php 第 18 行.
NOTIC: [8] Use of undefined constant checkNicheng - assumed 'checkNicheng' G:\www\find\APP\Runtime\Cache\0b3707b7e303f2c6deb8da69852d9ce3.php 第 19 行.
NOTIC: [8] Use of undefined constant checkUser - assumed 'checkUser' G:\www\find\APP\Runtime\Cache\0b3707b7e303f2c6deb8da69852d9ce3.php 第 20 行.
NOTIC: [8] Use of undefined constant login - assumed 'login' G:\www\find\APP\Runtime\Cache\0b3707b7e303f2c6deb8da69852d9ce3.php 第 21 行.
INFO: Run ParseTemplate Behavior [ RunTime:0.015087s ]
INFO: [ view_parse ] --END-- [ RunTime:0.015317s ]
INFO: [ view_filter ] --START--
INFO: Run ContentReplace Behavior [ RunTime:0.001246s ]
INFO: Run TokenBuild Behavior [ RunTime:0.000826s ]
INFO: Run WriteHtmlCache Behavior [ RunTime:0.000783s ]
INFO: Run ShowRuntime Behavior [ RunTime:0.001311s ]
INFO: [ view_filter ] --END-- [ RunTime:0.004540s ]
INFO: [ view_end ] --START--
INFO: Run ShowPageTrace Behavior [ RunTime:0.001078s ]
INFO: [ view_end ] --END-- [ RunTime:0.001203s ]

