[ 2014-10-07T18:52:17+08:00 ] 127.0.0.1 /find/
INFO: [ app_begin ] --START--
INFO: Run ReadHtmlCache Behavior [ RunTime:0.001857s ]
INFO: [ app_begin ] --END-- [ RunTime:0.080723s ]
SQL: SHOW COLUMNS FROM `find_category` [ RunTime:0.137745s ]
SQL: SELECT * FROM `find_category`  [ RunTime:0.013237s ]
SQL: SHOW COLUMNS FROM `find_huati` [ RunTime:0.088151s ]
SQL: SELECT COUNT(*) AS tp_count FROM `find_huati` LIMIT 1   [ RunTime:0.037570s ]
SQL: SELECT * FROM `find_huati` ORDER BY htime desc LIMIT 0,20   [ RunTime:0.023325s ]
SQL: SHOW COLUMNS FROM `find_group` [ RunTime:0.053934s ]
SQL: SELECT * FROM `find_group` WHERE ( 1=1 AND gid='5' ) LIMIT 1   [ RunTime:0.032251s ]
SQL: SELECT * FROM `find_group` WHERE ( 1=1 AND gid='1' ) LIMIT 1   [ RunTime:0.000360s ]
SQL: SELECT * FROM `find_group` WHERE ( 1=1 AND gid='1' ) LIMIT 1   [ RunTime:0.000310s ]
SQL: SELECT * FROM `find_group` WHERE ( 1=1 AND gid='1' ) LIMIT 1   [ RunTime:0.000305s ]
SQL: SELECT * FROM `find_group` WHERE ( 1=1 AND gid='5' ) LIMIT 1   [ RunTime:0.000300s ]
SQL: SELECT * FROM `find_group` WHERE ( 1=1 AND gid='6' ) LIMIT 1   [ RunTime:0.000323s ]
SQL: SELECT * FROM `find_group` WHERE ( 1=1 AND gid='1' ) LIMIT 1   [ RunTime:0.000297s ]
SQL: SELECT * FROM `find_group` WHERE ( 1=1 AND gid='1' ) LIMIT 1   [ RunTime:0.000298s ]
SQL: SELECT * FROM `find_group` WHERE ( 1=1 AND gid='1' ) LIMIT 1   [ RunTime:0.000321s ]
SQL: SELECT * FROM `find_group` WHERE ( 1=1 AND gid='5' ) LIMIT 1   [ RunTime:0.000294s ]
SQL: SELECT * FROM `find_group` WHERE ( 1=1 AND gid='0' ) LIMIT 1   [ RunTime:0.000268s ]
SQL: SELECT * FROM `find_group` WHERE ( 1=1 AND gid='1' ) LIMIT 1   [ RunTime:0.000282s ]
SQL: SELECT * FROM `find_group` WHERE ( 1=1 AND gid='1' ) LIMIT 1   [ RunTime:0.000284s ]
SQL: SELECT * FROM `find_group` WHERE ( 1=1 AND gid='1' ) LIMIT 1   [ RunTime:0.000284s ]
SQL: SELECT * FROM `find_group` WHERE ( 1=1 AND gid='1' ) LIMIT 1   [ RunTime:0.000283s ]
INFO: [ view_template ] --START--
INFO: Run LocationTemplate Behavior [ RunTime:0.086866s ]
INFO: [ view_template ] --END-- [ RunTime:0.087154s ]
INFO: [ view_parse ] --START--
NOTIC: [8] Use of undefined constant dianZan - assumed 'dianZan' G:\www\find\APP\Runtime\Cache\e5b19ddd3d471b21bbda02c5e4185b4b.php 第 19 行.
NOTIC: [8] Use of undefined constant index - assumed 'index' G:\www\find\APP\Runtime\Cache\e5b19ddd3d471b21bbda02c5e4185b4b.php 第 27 行.
INFO: Run ParseTemplate Behavior [ RunTime:0.237075s ]
INFO: [ view_parse ] --END-- [ RunTime:0.237331s ]
INFO: [ view_filter ] --START--
INFO: Run ContentReplace Behavior [ RunTime:0.001623s ]
INFO: Run TokenBuild Behavior [ RunTime:0.020954s ]
INFO: Run WriteHtmlCache Behavior [ RunTime:0.000859s ]
INFO: Run ShowRuntime Behavior [ RunTime:0.001308s ]
INFO: [ view_filter ] --END-- [ RunTime:0.025160s ]
INFO: [ view_end ] --START--
INFO: Run ShowPageTrace Behavior [ RunTime:0.001419s ]
INFO: [ view_end ] --END-- [ RunTime:0.001574s ]

[ 2014-10-07T18:52:50+08:00 ] 127.0.0.1 /find/
INFO: [ app_begin ] --START--
INFO: Run ReadHtmlCache Behavior [ RunTime:0.001115s ]
INFO: [ app_begin ] --END-- [ RunTime:0.001253s ]
SQL: SHOW COLUMNS FROM `find_category` [ RunTime:0.024908s ]
SQL: SELECT * FROM `find_category`  [ RunTime:0.000459s ]
SQL: SHOW COLUMNS FROM `find_huati` [ RunTime:0.006422s ]
SQL: SELECT COUNT(*) AS tp_count FROM `find_huati` LIMIT 1   [ RunTime:0.000392s ]
SQL: SELECT * FROM `find_huati` ORDER BY htime desc LIMIT 0,20   [ RunTime:0.000653s ]
SQL: SHOW COLUMNS FROM `find_group` [ RunTime:0.005504s ]
SQL: SELECT * FROM `find_group` WHERE ( 1=1 AND gid='5' ) LIMIT 1   [ RunTime:0.000414s ]
SQL: SELECT * FROM `find_group` WHERE ( 1=1 AND gid='1' ) LIMIT 1   [ RunTime:0.000335s ]
SQL: SELECT * FROM `find_group` WHERE ( 1=1 AND gid='1' ) LIMIT 1   [ RunTime:0.000328s ]
SQL: SELECT * FROM `find_group` WHERE ( 1=1 AND gid='1' ) LIMIT 1   [ RunTime:0.000323s ]
SQL: SELECT * FROM `find_group` WHERE ( 1=1 AND gid='5' ) LIMIT 1   [ RunTime:0.000323s ]
SQL: SELECT * FROM `find_group` WHERE ( 1=1 AND gid='6' ) LIMIT 1   [ RunTime:0.000334s ]
SQL: SELECT * FROM `find_group` WHERE ( 1=1 AND gid='1' ) LIMIT 1   [ RunTime:0.000319s ]
SQL: SELECT * FROM `find_group` WHERE ( 1=1 AND gid='1' ) LIMIT 1   [ RunTime:0.000325s ]
SQL: SELECT * FROM `find_group` WHERE ( 1=1 AND gid='1' ) LIMIT 1   [ RunTime:0.000321s ]
SQL: SELECT * FROM `find_group` WHERE ( 1=1 AND gid='5' ) LIMIT 1   [ RunTime:0.000321s ]
SQL: SELECT * FROM `find_group` WHERE ( 1=1 AND gid='0' ) LIMIT 1   [ RunTime:0.000295s ]
SQL: SELECT * FROM `find_group` WHERE ( 1=1 AND gid='1' ) LIMIT 1   [ RunTime:0.000318s ]
SQL: SELECT * FROM `find_group` WHERE ( 1=1 AND gid='1' ) LIMIT 1   [ RunTime:0.000319s ]
SQL: SELECT * FROM `find_group` WHERE ( 1=1 AND gid='1' ) LIMIT 1   [ RunTime:0.000318s ]
SQL: SELECT * FROM `find_group` WHERE ( 1=1 AND gid='1' ) LIMIT 1   [ RunTime:0.000316s ]
INFO: [ view_template ] --START--
INFO: Run LocationTemplate Behavior [ RunTime:0.001397s ]
INFO: [ view_template ] --END-- [ RunTime:0.001558s ]
INFO: [ view_parse ] --START--
NOTIC: [8] Use of undefined constant dianZan - assumed 'dianZan' G:\www\find\APP\Runtime\Cache\e5b19ddd3d471b21bbda02c5e4185b4b.php 第 19 行.
NOTIC: [8] Use of undefined constant index - assumed 'index' G:\www\find\APP\Runtime\Cache\e5b19ddd3d471b21bbda02c5e4185b4b.php 第 27 行.
INFO: Run ParseTemplate Behavior [ RunTime:0.017159s ]
INFO: [ view_parse ] --END-- [ RunTime:0.017330s ]
INFO: [ view_filter ] --START--
INFO: Run ContentReplace Behavior [ RunTime:0.000861s ]
INFO: Run TokenBuild Behavior [ RunTime:0.000742s ]
INFO: Run WriteHtmlCache Behavior [ RunTime:0.000576s ]
INFO: Run ShowRuntime Behavior [ RunTime:0.000841s ]
INFO: [ view_filter ] --END-- [ RunTime:0.003340s ]
INFO: [ view_end ] --START--
INFO: Run ShowPageTrace Behavior [ RunTime:0.000902s ]
INFO: [ view_end ] --END-- [ RunTime:0.001012s ]

[ 2014-10-07T18:53:53+08:00 ] 127.0.0.1 /find/index.php/Index/checkUser
INFO: [ route_check ] --START--
INFO: Run CheckRoute Behavior [ RunTime:0.029090s ]
INFO: [ route_check ] --END-- [ RunTime:0.029349s ]
INFO: [ app_begin ] --START--
INFO: Run ReadHtmlCache Behavior [ RunTime:0.001867s ]
INFO: [ app_begin ] --END-- [ RunTime:0.002183s ]
SQL: SHOW COLUMNS FROM `find_category` [ RunTime:0.006607s ]
SQL: SELECT * FROM `find_category`  [ RunTime:0.000458s ]
SQL: SHOW COLUMNS FROM `find_user` [ RunTime:0.076952s ]
SQL: SELECT `password` FROM `find_user` WHERE ( `email` = '15764225780@169.com' ) LIMIT 1   [ RunTime:0.010248s ]

[ 2014-10-07T18:53:53+08:00 ] 127.0.0.1 /find/index.php/Index/login
INFO: [ route_check ] --START--
INFO: Run CheckRoute Behavior [ RunTime:0.000979s ]
INFO: [ route_check ] --END-- [ RunTime:0.001130s ]
INFO: [ app_begin ] --START--
INFO: Run ReadHtmlCache Behavior [ RunTime:0.000778s ]
INFO: [ app_begin ] --END-- [ RunTime:0.000884s ]
SQL: SHOW COLUMNS FROM `find_category` [ RunTime:0.006026s ]
SQL: SELECT * FROM `find_category`  [ RunTime:0.000307s ]
SQL: SHOW COLUMNS FROM `find_user` [ RunTime:0.006835s ]
SQL: SELECT * FROM `find_user` WHERE ( `email` = '15764225780@169.com' ) AND ( `password` = '111111' ) LIMIT 1   [ RunTime:0.000443s ]
SQL: SELECT * FROM `find_user` WHERE ( `id` = 38 ) AND ( `email` = '15764225780@169.com' ) AND ( `nicheng` = 'ma' ) AND ( `password` = '111111' ) LIMIT 1   [ RunTime:0.000407s ]

[ 2014-10-07T18:53:54+08:00 ] 127.0.0.1 /find/index.php/Index/index/gid/undefined
INFO: [ route_check ] --START--
INFO: Run CheckRoute Behavior [ RunTime:0.000947s ]
INFO: [ route_check ] --END-- [ RunTime:0.001090s ]
INFO: [ app_begin ] --START--
INFO: Run ReadHtmlCache Behavior [ RunTime:0.000749s ]
INFO: [ app_begin ] --END-- [ RunTime:0.000878s ]
SQL: SHOW COLUMNS FROM `find_user` [ RunTime:0.004535s ]
SQL: SELECT * FROM `find_user` WHERE ( `id` = 38 ) LIMIT 1   [ RunTime:0.000395s ]
SQL: SHOW COLUMNS FROM `find_category` [ RunTime:0.005274s ]
SQL: SELECT * FROM `find_category`  [ RunTime:0.000312s ]
SQL: SHOW COLUMNS FROM `find_huati` [ RunTime:0.004496s ]
SQL: SELECT COUNT(*) AS tp_count FROM `find_huati` LIMIT 1   [ RunTime:0.000471s ]
SQL: SELECT * FROM `find_huati` ORDER BY htime desc LIMIT 0,20   [ RunTime:0.000615s ]
SQL: SHOW COLUMNS FROM `find_group` [ RunTime:0.004337s ]
SQL: SELECT * FROM `find_group` WHERE ( 1=1 AND gid='5' ) LIMIT 1   [ RunTime:0.000340s ]
SQL: SELECT * FROM `find_group` WHERE ( 1=1 AND gid='1' ) LIMIT 1   [ RunTime:0.000283s ]
SQL: SELECT * FROM `find_group` WHERE ( 1=1 AND gid='1' ) LIMIT 1   [ RunTime:0.000278s ]
SQL: SELECT * FROM `find_group` WHERE ( 1=1 AND gid='1' ) LIMIT 1   [ RunTime:0.000274s ]
SQL: SELECT * FROM `find_group` WHERE ( 1=1 AND gid='5' ) LIMIT 1   [ RunTime:0.000273s ]
SQL: SELECT * FROM `find_group` WHERE ( 1=1 AND gid='6' ) LIMIT 1   [ RunTime:0.000281s ]
SQL: SELECT * FROM `find_group` WHERE ( 1=1 AND gid='1' ) LIMIT 1   [ RunTime:0.000259s ]
SQL: SELECT * FROM `find_group` WHERE ( 1=1 AND gid='1' ) LIMIT 1   [ RunTime:0.000272s ]
SQL: SELECT * FROM `find_group` WHERE ( 1=1 AND gid='1' ) LIMIT 1   [ RunTime:0.000267s ]
SQL: SELECT * FROM `find_group` WHERE ( 1=1 AND gid='5' ) LIMIT 1   [ RunTime:0.000268s ]
SQL: SELECT * FROM `find_group` WHERE ( 1=1 AND gid='0' ) LIMIT 1   [ RunTime:0.000243s ]
SQL: SELECT * FROM `find_group` WHERE ( 1=1 AND gid='1' ) LIMIT 1   [ RunTime:0.000266s ]
SQL: SELECT * FROM `find_group` WHERE ( 1=1 AND gid='1' ) LIMIT 1   [ RunTime:0.000336s ]
SQL: SELECT * FROM `find_group` WHERE ( 1=1 AND gid='1' ) LIMIT 1   [ RunTime:0.000351s ]
SQL: SELECT * FROM `find_group` WHERE ( 1=1 AND gid='1' ) LIMIT 1   [ RunTime:0.000272s ]
INFO: [ view_template ] --START--
INFO: Run LocationTemplate Behavior [ RunTime:0.001206s ]
INFO: [ view_template ] --END-- [ RunTime:0.001327s ]
INFO: [ view_parse ] --START--
NOTIC: [8] Use of undefined constant dianZan - assumed 'dianZan' G:\www\find\APP\Runtime\Cache\e5b19ddd3d471b21bbda02c5e4185b4b.php 第 19 行.
NOTIC: [8] Use of undefined constant index - assumed 'index' G:\www\find\APP\Runtime\Cache\e5b19ddd3d471b21bbda02c5e4185b4b.php 第 27 行.
INFO: Run ParseTemplate Behavior [ RunTime:0.016867s ]
INFO: [ view_parse ] --END-- [ RunTime:0.016989s ]
INFO: [ view_filter ] --START--
INFO: Run ContentReplace Behavior [ RunTime:0.000849s ]
INFO: Run TokenBuild Behavior [ RunTime:0.000734s ]
INFO: Run WriteHtmlCache Behavior [ RunTime:0.000574s ]
INFO: Run ShowRuntime Behavior [ RunTime:0.000837s ]
INFO: [ view_filter ] --END-- [ RunTime:0.003290s ]
INFO: [ view_end ] --START--
INFO: Run ShowPageTrace Behavior [ RunTime:0.000880s ]
INFO: [ view_end ] --END-- [ RunTime:0.000989s ]

[ 2014-10-07T18:54:03+08:00 ] 127.0.0.1 /find/index.php/Member/index
INFO: [ route_check ] --START--
INFO: Run CheckRoute Behavior [ RunTime:0.001503s ]
INFO: [ route_check ] --END-- [ RunTime:0.001713s ]
INFO: [ app_begin ] --START--
INFO: Run ReadHtmlCache Behavior [ RunTime:0.001051s ]
INFO: [ app_begin ] --END-- [ RunTime:0.001242s ]
SQL: SHOW COLUMNS FROM `find_user` [ RunTime:0.045200s ]
SQL: SELECT * FROM `find_user` WHERE ( `id` = 38 ) LIMIT 1   [ RunTime:0.002328s ]
SQL: SHOW COLUMNS FROM `find_category` [ RunTime:0.005826s ]
SQL: SELECT * FROM `find_category`  [ RunTime:0.000391s ]
SQL: SHOW COLUMNS FROM `find_group` [ RunTime:0.005758s ]
SQL: SELECT * FROM `find_group` WHERE ( `uid` = 38 )  [ RunTime:0.000487s ]
INFO: [ view_template ] --START--
INFO: Run LocationTemplate Behavior [ RunTime:0.025280s ]
INFO: [ view_template ] --END-- [ RunTime:0.025509s ]
INFO: [ view_parse ] --START--
NOTIC: [8] Use of undefined constant checkGroup - assumed 'checkGroup' G:\www\find\APP\Runtime\Cache\0b3707b7e303f2c6deb8da69852d9ce3.php 第 19 行.
NOTIC: [8] Use of undefined constant addGroup - assumed 'addGroup' G:\www\find\APP\Runtime\Cache\0b3707b7e303f2c6deb8da69852d9ce3.php 第 20 行.
NOTIC: [8] Use of undefined constant index - assumed 'index' G:\www\find\APP\Runtime\Cache\0b3707b7e303f2c6deb8da69852d9ce3.php 第 28 行.
INFO: Run ParseTemplate Behavior [ RunTime:0.036542s ]
INFO: [ view_parse ] --END-- [ RunTime:0.037920s ]
INFO: [ view_filter ] --START--
INFO: Run ContentReplace Behavior [ RunTime:0.001182s ]
INFO: Run TokenBuild Behavior [ RunTime:0.000902s ]
INFO: Run WriteHtmlCache Behavior [ RunTime:0.000633s ]
INFO: Run ShowRuntime Behavior [ RunTime:0.001006s ]
INFO: [ view_filter ] --END-- [ RunTime:0.004191s ]
INFO: [ view_end ] --START--
INFO: Run ShowPageTrace Behavior [ RunTime:0.001251s ]
INFO: [ view_end ] --END-- [ RunTime:0.001431s ]

[ 2014-10-07T18:54:25+08:00 ] 127.0.0.1 /find/index.php
INFO: [ app_begin ] --START--
INFO: Run ReadHtmlCache Behavior [ RunTime:0.000797s ]
INFO: [ app_begin ] --END-- [ RunTime:0.000976s ]
SQL: SHOW COLUMNS FROM `find_user` [ RunTime:0.004848s ]
SQL: SELECT * FROM `find_user` WHERE ( `id` = 38 ) LIMIT 1   [ RunTime:0.000363s ]
SQL: SHOW COLUMNS FROM `find_category` [ RunTime:0.004286s ]
SQL: SELECT * FROM `find_category`  [ RunTime:0.000366s ]
SQL: SHOW COLUMNS FROM `find_huati` [ RunTime:0.004737s ]
SQL: SELECT COUNT(*) AS tp_count FROM `find_huati` LIMIT 1   [ RunTime:0.000402s ]
SQL: SELECT * FROM `find_huati` ORDER BY htime desc LIMIT 0,20   [ RunTime:0.000532s ]
SQL: SHOW COLUMNS FROM `find_group` [ RunTime:0.004232s ]
SQL: SELECT * FROM `find_group` WHERE ( 1=1 AND gid='5' ) LIMIT 1   [ RunTime:0.000437s ]
SQL: SELECT * FROM `find_group` WHERE ( 1=1 AND gid='1' ) LIMIT 1   [ RunTime:0.000378s ]
SQL: SELECT * FROM `find_group` WHERE ( 1=1 AND gid='1' ) LIMIT 1   [ RunTime:0.000284s ]
SQL: SELECT * FROM `find_group` WHERE ( 1=1 AND gid='1' ) LIMIT 1   [ RunTime:0.000279s ]
SQL: SELECT * FROM `find_group` WHERE ( 1=1 AND gid='5' ) LIMIT 1   [ RunTime:0.000277s ]
SQL: SELECT * FROM `find_group` WHERE ( 1=1 AND gid='6' ) LIMIT 1   [ RunTime:0.000315s ]
SQL: SELECT * FROM `find_group` WHERE ( 1=1 AND gid='1' ) LIMIT 1   [ RunTime:0.000293s ]
SQL: SELECT * FROM `find_group` WHERE ( 1=1 AND gid='1' ) LIMIT 1   [ RunTime:0.000311s ]
SQL: SELECT * FROM `find_group` WHERE ( 1=1 AND gid='1' ) LIMIT 1   [ RunTime:0.000309s ]
SQL: SELECT * FROM `find_group` WHERE ( 1=1 AND gid='5' ) LIMIT 1   [ RunTime:0.000308s ]
SQL: SELECT * FROM `find_group` WHERE ( 1=1 AND gid='0' ) LIMIT 1   [ RunTime:0.000284s ]
SQL: SELECT * FROM `find_group` WHERE ( 1=1 AND gid='1' ) LIMIT 1   [ RunTime:0.000303s ]
SQL: SELECT * FROM `find_group` WHERE ( 1=1 AND gid='1' ) LIMIT 1   [ RunTime:0.000322s ]
SQL: SELECT * FROM `find_group` WHERE ( 1=1 AND gid='1' ) LIMIT 1   [ RunTime:0.000287s ]
SQL: SELECT * FROM `find_group` WHERE ( 1=1 AND gid='1' ) LIMIT 1   [ RunTime:0.000340s ]
INFO: [ view_template ] --START--
INFO: Run LocationTemplate Behavior [ RunTime:0.000784s ]
INFO: [ view_template ] --END-- [ RunTime:0.000916s ]
INFO: [ view_parse ] --START--
NOTIC: [8] Use of undefined constant dianZan - assumed 'dianZan' G:\www\find\APP\Runtime\Cache\e5b19ddd3d471b21bbda02c5e4185b4b.php 第 19 行.
NOTIC: [8] Use of undefined constant index - assumed 'index' G:\www\find\APP\Runtime\Cache\e5b19ddd3d471b21bbda02c5e4185b4b.php 第 27 行.
INFO: Run ParseTemplate Behavior [ RunTime:0.016933s ]
INFO: [ view_parse ] --END-- [ RunTime:0.017055s ]
INFO: [ view_filter ] --START--
INFO: Run ContentReplace Behavior [ RunTime:0.000742s ]
INFO: Run TokenBuild Behavior [ RunTime:0.000606s ]
INFO: Run WriteHtmlCache Behavior [ RunTime:0.000595s ]
INFO: Run ShowRuntime Behavior [ RunTime:0.001029s ]
INFO: [ view_filter ] --END-- [ RunTime:0.003320s ]
INFO: [ view_end ] --START--
INFO: Run ShowPageTrace Behavior [ RunTime:0.000975s ]
INFO: [ view_end ] --END-- [ RunTime:0.001092s ]

[ 2014-10-07T18:54:30+08:00 ] 127.0.0.1 /find/index.php/Group/index/gid/5
INFO: [ route_check ] --START--
INFO: Run CheckRoute Behavior [ RunTime:0.000977s ]
INFO: [ route_check ] --END-- [ RunTime:0.001126s ]
INFO: [ app_begin ] --START--
INFO: Run ReadHtmlCache Behavior [ RunTime:0.000751s ]
INFO: [ app_begin ] --END-- [ RunTime:0.000879s ]
SQL: SHOW COLUMNS FROM `find_user` [ RunTime:0.004612s ]
SQL: SELECT * FROM `find_user` WHERE ( `id` = 38 ) LIMIT 1   [ RunTime:0.000388s ]
SQL: SHOW COLUMNS FROM `find_category` [ RunTime:0.004940s ]
SQL: SELECT * FROM `find_category`  [ RunTime:0.000409s ]
SQL: SHOW COLUMNS FROM `find_group` [ RunTime:0.005041s ]
SQL: SELECT * FROM `find_group` WHERE ( `gid` = 5 ) LIMIT 1   [ RunTime:0.000438s ]
SQL: SHOW COLUMNS FROM `find_huati` [ RunTime:0.004477s ]
SQL: SELECT COUNT(*) AS tp_count FROM `find_huati` LIMIT 1   [ RunTime:0.000402s ]
SQL: SELECT * FROM `find_huati` WHERE ( `gid` = 5 ) ORDER BY htime desc LIMIT 0,5   [ RunTime:0.000486s ]
INFO: [ view_template ] --START--
INFO: Run LocationTemplate Behavior [ RunTime:0.001055s ]
INFO: [ view_template ] --END-- [ RunTime:0.001177s ]
INFO: [ view_parse ] --START--
NOTIC: [8] Use of undefined constant addHuati - assumed 'addHuati' G:\www\find\APP\Runtime\Cache\c5d2135988943b3878092a0e7cd8c23f.php 第 20 行.
NOTIC: [8] Use of undefined constant index - assumed 'index' G:\www\find\APP\Runtime\Cache\c5d2135988943b3878092a0e7cd8c23f.php 第 29 行.
INFO: Run ParseTemplate Behavior [ RunTime:0.024899s ]
INFO: [ view_parse ] --END-- [ RunTime:0.025017s ]
INFO: [ view_filter ] --START--
INFO: Run ContentReplace Behavior [ RunTime:0.000642s ]
INFO: Run TokenBuild Behavior [ RunTime:0.000599s ]
INFO: Run WriteHtmlCache Behavior [ RunTime:0.000461s ]
INFO: Run ShowRuntime Behavior [ RunTime:0.000703s ]
INFO: [ view_filter ] --END-- [ RunTime:0.002710s ]
INFO: [ view_end ] --START--
INFO: Run ShowPageTrace Behavior [ RunTime:0.000826s ]
INFO: [ view_end ] --END-- [ RunTime:0.000934s ]

[ 2014-10-07T18:54:43+08:00 ] 127.0.0.1 /find/index.php/Group/addHuati
INFO: [ route_check ] --START--
INFO: Run CheckRoute Behavior [ RunTime:0.000950s ]
INFO: [ route_check ] --END-- [ RunTime:0.001095s ]
INFO: [ app_begin ] --START--
INFO: Run ReadHtmlCache Behavior [ RunTime:0.000753s ]
INFO: [ app_begin ] --END-- [ RunTime:0.000857s ]
SQL: SHOW COLUMNS FROM `find_user` [ RunTime:0.004457s ]
SQL: SELECT * FROM `find_user` WHERE ( `id` = 38 ) LIMIT 1   [ RunTime:0.000402s ]
SQL: SHOW COLUMNS FROM `find_category` [ RunTime:0.004159s ]
SQL: SELECT * FROM `find_category`  [ RunTime:0.000323s ]
SQL: SHOW COLUMNS FROM `find_huati` [ RunTime:0.004420s ]
SQL: INSERT INTO `find_huati` (`title`,`content`,`gid`,`uid`,`htime`) VALUES ('你好吗','斯洛伐克撒',5,38,'2014-10-07 18:10:43') [ RunTime:0.059506s ]

[ 2014-10-07T18:54:44+08:00 ] 127.0.0.1 /find/index.php/Group/index/gid/5
INFO: [ route_check ] --START--
INFO: Run CheckRoute Behavior [ RunTime:0.001297s ]
INFO: [ route_check ] --END-- [ RunTime:0.001472s ]
INFO: [ app_begin ] --START--
INFO: Run ReadHtmlCache Behavior [ RunTime:0.000790s ]
INFO: [ app_begin ] --END-- [ RunTime:0.000931s ]
SQL: SHOW COLUMNS FROM `find_user` [ RunTime:0.004518s ]
SQL: SELECT * FROM `find_user` WHERE ( `id` = 38 ) LIMIT 1   [ RunTime:0.000380s ]
SQL: SHOW COLUMNS FROM `find_category` [ RunTime:0.004271s ]
SQL: SELECT * FROM `find_category`  [ RunTime:0.000353s ]
SQL: SHOW COLUMNS FROM `find_group` [ RunTime:0.004475s ]
SQL: SELECT * FROM `find_group` WHERE ( `gid` = 5 ) LIMIT 1   [ RunTime:0.000435s ]
SQL: SHOW COLUMNS FROM `find_huati` [ RunTime:0.005371s ]
SQL: SELECT COUNT(*) AS tp_count FROM `find_huati` LIMIT 1   [ RunTime:0.000404s ]
SQL: SELECT * FROM `find_huati` WHERE ( `gid` = 5 ) ORDER BY htime desc LIMIT 0,5   [ RunTime:0.000493s ]
INFO: [ view_template ] --START--
INFO: Run LocationTemplate Behavior [ RunTime:0.000969s ]
INFO: [ view_template ] --END-- [ RunTime:0.001091s ]
INFO: [ view_parse ] --START--
NOTIC: [8] Use of undefined constant addHuati - assumed 'addHuati' G:\www\find\APP\Runtime\Cache\c5d2135988943b3878092a0e7cd8c23f.php 第 20 行.
NOTIC: [8] Use of undefined constant index - assumed 'index' G:\www\find\APP\Runtime\Cache\c5d2135988943b3878092a0e7cd8c23f.php 第 29 行.
INFO: Run ParseTemplate Behavior [ RunTime:0.014571s ]
INFO: [ view_parse ] --END-- [ RunTime:0.014692s ]
INFO: [ view_filter ] --START--
INFO: Run ContentReplace Behavior [ RunTime:0.000635s ]
INFO: Run TokenBuild Behavior [ RunTime:0.000592s ]
INFO: Run WriteHtmlCache Behavior [ RunTime:0.000451s ]
INFO: Run ShowRuntime Behavior [ RunTime:0.000695s ]
INFO: [ view_filter ] --END-- [ RunTime:0.002673s ]
INFO: [ view_end ] --START--
INFO: Run ShowPageTrace Behavior [ RunTime:0.000779s ]
INFO: [ view_end ] --END-- [ RunTime:0.000889s ]

[ 2014-10-07T18:54:58+08:00 ] 127.0.0.1 /find/index.php/Group/index/gid/5/p/2
INFO: [ route_check ] --START--
INFO: Run CheckRoute Behavior [ RunTime:0.000968s ]
INFO: [ route_check ] --END-- [ RunTime:0.001117s ]
INFO: [ app_begin ] --START--
INFO: Run ReadHtmlCache Behavior [ RunTime:0.000763s ]
INFO: [ app_begin ] --END-- [ RunTime:0.000892s ]
SQL: SHOW COLUMNS FROM `find_user` [ RunTime:0.004676s ]
SQL: SELECT * FROM `find_user` WHERE ( `id` = 38 ) LIMIT 1   [ RunTime:0.000399s ]
SQL: SHOW COLUMNS FROM `find_category` [ RunTime:0.004347s ]
SQL: SELECT * FROM `find_category`  [ RunTime:0.000354s ]
SQL: SHOW COLUMNS FROM `find_group` [ RunTime:0.005303s ]
SQL: SELECT * FROM `find_group` WHERE ( `gid` = 5 ) LIMIT 1   [ RunTime:0.000372s ]
SQL: SHOW COLUMNS FROM `find_huati` [ RunTime:0.004596s ]
SQL: SELECT COUNT(*) AS tp_count FROM `find_huati` LIMIT 1   [ RunTime:0.000369s ]
SQL: SELECT * FROM `find_huati` WHERE ( `gid` = 5 ) ORDER BY htime desc LIMIT 5,5   [ RunTime:0.000422s ]
INFO: [ view_template ] --START--
INFO: Run LocationTemplate Behavior [ RunTime:0.000723s ]
INFO: [ view_template ] --END-- [ RunTime:0.000839s ]
INFO: [ view_parse ] --START--
NOTIC: [8] Use of undefined constant addHuati - assumed 'addHuati' G:\www\find\APP\Runtime\Cache\c5d2135988943b3878092a0e7cd8c23f.php 第 20 行.
NOTIC: [8] Use of undefined constant index - assumed 'index' G:\www\find\APP\Runtime\Cache\c5d2135988943b3878092a0e7cd8c23f.php 第 29 行.
INFO: Run ParseTemplate Behavior [ RunTime:0.015113s ]
INFO: [ view_parse ] --END-- [ RunTime:0.015236s ]
INFO: [ view_filter ] --START--
INFO: Run ContentReplace Behavior [ RunTime:0.000655s ]
INFO: Run TokenBuild Behavior [ RunTime:0.000596s ]
INFO: Run WriteHtmlCache Behavior [ RunTime:0.000456s ]
INFO: Run ShowRuntime Behavior [ RunTime:0.000709s ]
INFO: [ view_filter ] --END-- [ RunTime:0.002719s ]
INFO: [ view_end ] --START--
INFO: Run ShowPageTrace Behavior [ RunTime:0.000928s ]
INFO: [ view_end ] --END-- [ RunTime:0.001039s ]

[ 2014-10-07T18:55:00+08:00 ] 127.0.0.1 /find/index.php/Group/index/gid/5/p/1
INFO: [ route_check ] --START--
INFO: Run CheckRoute Behavior [ RunTime:0.001004s ]
INFO: [ route_check ] --END-- [ RunTime:0.001157s ]
INFO: [ app_begin ] --START--
INFO: Run ReadHtmlCache Behavior [ RunTime:0.000845s ]
INFO: [ app_begin ] --END-- [ RunTime:0.000986s ]
SQL: SHOW COLUMNS FROM `find_user` [ RunTime:0.004502s ]
SQL: SELECT * FROM `find_user` WHERE ( `id` = 38 ) LIMIT 1   [ RunTime:0.000386s ]
SQL: SHOW COLUMNS FROM `find_category` [ RunTime:0.004139s ]
SQL: SELECT * FROM `find_category`  [ RunTime:0.000320s ]
SQL: SHOW COLUMNS FROM `find_group` [ RunTime:0.004412s ]
SQL: SELECT * FROM `find_group` WHERE ( `gid` = 5 ) LIMIT 1   [ RunTime:0.000732s ]
SQL: SHOW COLUMNS FROM `find_huati` [ RunTime:0.004570s ]
SQL: SELECT COUNT(*) AS tp_count FROM `find_huati` LIMIT 1   [ RunTime:0.000366s ]
SQL: SELECT * FROM `find_huati` WHERE ( `gid` = 5 ) ORDER BY htime desc LIMIT 0,5   [ RunTime:0.000455s ]
INFO: [ view_template ] --START--
INFO: Run LocationTemplate Behavior [ RunTime:0.000750s ]
INFO: [ view_template ] --END-- [ RunTime:0.000868s ]
INFO: [ view_parse ] --START--
NOTIC: [8] Use of undefined constant addHuati - assumed 'addHuati' G:\www\find\APP\Runtime\Cache\c5d2135988943b3878092a0e7cd8c23f.php 第 20 行.
NOTIC: [8] Use of undefined constant index - assumed 'index' G:\www\find\APP\Runtime\Cache\c5d2135988943b3878092a0e7cd8c23f.php 第 29 行.
INFO: Run ParseTemplate Behavior [ RunTime:0.014451s ]
INFO: [ view_parse ] --END-- [ RunTime:0.014572s ]
INFO: [ view_filter ] --START--
INFO: Run ContentReplace Behavior [ RunTime:0.000695s ]
INFO: Run TokenBuild Behavior [ RunTime:0.000639s ]
INFO: Run WriteHtmlCache Behavior [ RunTime:0.000457s ]
INFO: Run ShowRuntime Behavior [ RunTime:0.000709s ]
INFO: [ view_filter ] --END-- [ RunTime:0.002811s ]
INFO: [ view_end ] --START--
INFO: Run ShowPageTrace Behavior [ RunTime:0.000792s ]
INFO: [ view_end ] --END-- [ RunTime:0.000901s ]

[ 2014-10-07T18:55:12+08:00 ] 127.0.0.1 /find/index.php
INFO: [ app_begin ] --START--
INFO: Run ReadHtmlCache Behavior [ RunTime:0.001010s ]
INFO: [ app_begin ] --END-- [ RunTime:0.001160s ]
SQL: SHOW COLUMNS FROM `find_user` [ RunTime:0.004897s ]
SQL: SELECT * FROM `find_user` WHERE ( `id` = 38 ) LIMIT 1   [ RunTime:0.000407s ]
SQL: SHOW COLUMNS FROM `find_category` [ RunTime:0.004334s ]
SQL: SELECT * FROM `find_category`  [ RunTime:0.000322s ]
SQL: SHOW COLUMNS FROM `find_huati` [ RunTime:0.010135s ]
SQL: SELECT COUNT(*) AS tp_count FROM `find_huati` LIMIT 1   [ RunTime:0.000741s ]
SQL: SELECT * FROM `find_huati` ORDER BY htime desc LIMIT 0,20   [ RunTime:0.001216s ]
SQL: SHOW COLUMNS FROM `find_group` [ RunTime:0.010045s ]
SQL: SELECT * FROM `find_group` WHERE ( 1=1 AND gid='5' ) LIMIT 1   [ RunTime:0.000759s ]
SQL: SELECT * FROM `find_group` WHERE ( 1=1 AND gid='5' ) LIMIT 1   [ RunTime:0.000731s ]
SQL: SELECT * FROM `find_group` WHERE ( 1=1 AND gid='1' ) LIMIT 1   [ RunTime:0.000681s ]
SQL: SELECT * FROM `find_group` WHERE ( 1=1 AND gid='1' ) LIMIT 1   [ RunTime:0.000749s ]
SQL: SELECT * FROM `find_group` WHERE ( 1=1 AND gid='1' ) LIMIT 1   [ RunTime:0.000768s ]
SQL: SELECT * FROM `find_group` WHERE ( 1=1 AND gid='5' ) LIMIT 1   [ RunTime:0.000826s ]
SQL: SELECT * FROM `find_group` WHERE ( 1=1 AND gid='6' ) LIMIT 1   [ RunTime:0.000800s ]
SQL: SELECT * FROM `find_group` WHERE ( 1=1 AND gid='1' ) LIMIT 1   [ RunTime:0.000678s ]
SQL: SELECT * FROM `find_group` WHERE ( 1=1 AND gid='1' ) LIMIT 1   [ RunTime:0.000776s ]
SQL: SELECT * FROM `find_group` WHERE ( 1=1 AND gid='1' ) LIMIT 1   [ RunTime:0.003179s ]
SQL: SELECT * FROM `find_group` WHERE ( 1=1 AND gid='5' ) LIMIT 1   [ RunTime:0.000937s ]
SQL: SELECT * FROM `find_group` WHERE ( 1=1 AND gid='0' ) LIMIT 1   [ RunTime:0.000765s ]
SQL: SELECT * FROM `find_group` WHERE ( 1=1 AND gid='1' ) LIMIT 1   [ RunTime:0.000803s ]
SQL: SELECT * FROM `find_group` WHERE ( 1=1 AND gid='1' ) LIMIT 1   [ RunTime:0.001248s ]
SQL: SELECT * FROM `find_group` WHERE ( 1=1 AND gid='1' ) LIMIT 1   [ RunTime:0.000848s ]
SQL: SELECT * FROM `find_group` WHERE ( 1=1 AND gid='1' ) LIMIT 1   [ RunTime:0.001108s ]
INFO: [ view_template ] --START--
INFO: Run LocationTemplate Behavior [ RunTime:0.002888s ]
INFO: [ view_template ] --END-- [ RunTime:0.003171s ]
INFO: [ view_parse ] --START--
NOTIC: [8] Use of undefined constant dianZan - assumed 'dianZan' G:\www\find\APP\Runtime\Cache\e5b19ddd3d471b21bbda02c5e4185b4b.php 第 19 行.
NOTIC: [8] Use of undefined constant index - assumed 'index' G:\www\find\APP\Runtime\Cache\e5b19ddd3d471b21bbda02c5e4185b4b.php 第 27 行.
INFO: Run ParseTemplate Behavior [ RunTime:0.041017s ]
INFO: [ view_parse ] --END-- [ RunTime:0.041292s ]
INFO: [ view_filter ] --START--
INFO: Run ContentReplace Behavior [ RunTime:0.002559s ]
INFO: Run TokenBuild Behavior [ RunTime:0.001876s ]
INFO: Run WriteHtmlCache Behavior [ RunTime:0.001583s ]
INFO: Run ShowRuntime Behavior [ RunTime:0.001912s ]
INFO: [ view_filter ] --END-- [ RunTime:0.008701s ]
INFO: [ view_end ] --START--
INFO: Run ShowPageTrace Behavior [ RunTime:0.002008s ]
INFO: [ view_end ] --END-- [ RunTime:0.002265s ]

[ 2014-10-07T18:55:23+08:00 ] 127.0.0.1 /find/index.php/Index/index
INFO: [ route_check ] --START--
INFO: Run CheckRoute Behavior [ RunTime:0.000968s ]
INFO: [ route_check ] --END-- [ RunTime:0.001112s ]
INFO: [ app_begin ] --START--
INFO: Run ReadHtmlCache Behavior [ RunTime:0.000797s ]
INFO: [ app_begin ] --END-- [ RunTime:0.000972s ]
SQL: SHOW COLUMNS FROM `find_category` [ RunTime:0.004878s ]
SQL: SELECT * FROM `find_category`  [ RunTime:0.000403s ]
SQL: SHOW COLUMNS FROM `find_huati` [ RunTime:0.004628s ]
SQL: SELECT COUNT(*) AS tp_count FROM `find_huati` LIMIT 1   [ RunTime:0.000364s ]
SQL: SELECT * FROM `find_huati` ORDER BY htime desc LIMIT 0,20   [ RunTime:0.000550s ]
SQL: SHOW COLUMNS FROM `find_group` [ RunTime:0.005187s ]
SQL: SELECT * FROM `find_group` WHERE ( 1=1 AND gid='5' ) LIMIT 1   [ RunTime:0.000391s ]
SQL: SELECT * FROM `find_group` WHERE ( 1=1 AND gid='5' ) LIMIT 1   [ RunTime:0.000317s ]
SQL: SELECT * FROM `find_group` WHERE ( 1=1 AND gid='1' ) LIMIT 1   [ RunTime:0.000314s ]
SQL: SELECT * FROM `find_group` WHERE ( 1=1 AND gid='1' ) LIMIT 1   [ RunTime:0.000310s ]
SQL: SELECT * FROM `find_group` WHERE ( 1=1 AND gid='1' ) LIMIT 1   [ RunTime:0.000309s ]
SQL: SELECT * FROM `find_group` WHERE ( 1=1 AND gid='5' ) LIMIT 1   [ RunTime:0.000326s ]
SQL: SELECT * FROM `find_group` WHERE ( 1=1 AND gid='6' ) LIMIT 1   [ RunTime:0.000290s ]
SQL: SELECT * FROM `find_group` WHERE ( 1=1 AND gid='1' ) LIMIT 1   [ RunTime:0.000350s ]
SQL: SELECT * FROM `find_group` WHERE ( 1=1 AND gid='1' ) LIMIT 1   [ RunTime:0.000323s ]
SQL: SELECT * FROM `find_group` WHERE ( 1=1 AND gid='1' ) LIMIT 1   [ RunTime:0.000320s ]
SQL: SELECT * FROM `find_group` WHERE ( 1=1 AND gid='5' ) LIMIT 1   [ RunTime:0.000317s ]
SQL: SELECT * FROM `find_group` WHERE ( 1=1 AND gid='0' ) LIMIT 1   [ RunTime:0.000292s ]
SQL: SELECT * FROM `find_group` WHERE ( 1=1 AND gid='1' ) LIMIT 1   [ RunTime:0.000316s ]
SQL: SELECT * FROM `find_group` WHERE ( 1=1 AND gid='1' ) LIMIT 1   [ RunTime:0.000318s ]
SQL: SELECT * FROM `find_group` WHERE ( 1=1 AND gid='1' ) LIMIT 1   [ RunTime:0.000317s ]
SQL: SELECT * FROM `find_group` WHERE ( 1=1 AND gid='1' ) LIMIT 1   [ RunTime:0.000318s ]
INFO: [ view_template ] --START--
INFO: Run LocationTemplate Behavior [ RunTime:0.000759s ]
INFO: [ view_template ] --END-- [ RunTime:0.000902s ]
INFO: [ view_parse ] --START--
NOTIC: [8] Use of undefined constant dianZan - assumed 'dianZan' G:\www\find\APP\Runtime\Cache\e5b19ddd3d471b21bbda02c5e4185b4b.php 第 19 行.
NOTIC: [8] Use of undefined constant index - assumed 'index' G:\www\find\APP\Runtime\Cache\e5b19ddd3d471b21bbda02c5e4185b4b.php 第 27 行.
INFO: Run ParseTemplate Behavior [ RunTime:0.015871s ]
INFO: [ view_parse ] --END-- [ RunTime:0.015992s ]
INFO: [ view_filter ] --START--
INFO: Run ContentReplace Behavior [ RunTime:0.000849s ]
INFO: Run TokenBuild Behavior [ RunTime:0.000616s ]
INFO: Run WriteHtmlCache Behavior [ RunTime:0.000452s ]
INFO: Run ShowRuntime Behavior [ RunTime:0.000712s ]
INFO: [ view_filter ] --END-- [ RunTime:0.002927s ]
INFO: [ view_end ] --START--
INFO: Run ShowPageTrace Behavior [ RunTime:0.000764s ]
INFO: [ view_end ] --END-- [ RunTime:0.000872s ]

[ 2014-10-07T18:55:25+08:00 ] 127.0.0.1 /find/index.php/Group/index/gid/5
INFO: [ route_check ] --START--
INFO: Run CheckRoute Behavior [ RunTime:0.000961s ]
INFO: [ route_check ] --END-- [ RunTime:0.001110s ]
INFO: [ app_begin ] --START--
INFO: Run ReadHtmlCache Behavior [ RunTime:0.000774s ]
INFO: [ app_begin ] --END-- [ RunTime:0.000905s ]
SQL: SHOW COLUMNS FROM `find_category` [ RunTime:0.004530s ]
SQL: SELECT * FROM `find_category`  [ RunTime:0.000314s ]
SQL: SHOW COLUMNS FROM `find_group` [ RunTime:0.004324s ]
SQL: SELECT * FROM `find_group` WHERE ( `gid` = 5 ) LIMIT 1   [ RunTime:0.000352s ]
SQL: SHOW COLUMNS FROM `find_huati` [ RunTime:0.004770s ]
SQL: SELECT COUNT(*) AS tp_count FROM `find_huati` LIMIT 1   [ RunTime:0.000337s ]
SQL: SELECT * FROM `find_huati` WHERE ( `gid` = 5 ) ORDER BY htime desc LIMIT 0,5   [ RunTime:0.000432s ]
INFO: [ view_template ] --START--
INFO: Run LocationTemplate Behavior [ RunTime:0.000724s ]
INFO: [ view_template ] --END-- [ RunTime:0.000840s ]
INFO: [ view_parse ] --START--
NOTIC: [8] Use of undefined constant addHuati - assumed 'addHuati' G:\www\find\APP\Runtime\Cache\c5d2135988943b3878092a0e7cd8c23f.php 第 20 行.
NOTIC: [8] Use of undefined constant index - assumed 'index' G:\www\find\APP\Runtime\Cache\c5d2135988943b3878092a0e7cd8c23f.php 第 29 行.
INFO: Run ParseTemplate Behavior [ RunTime:0.014174s ]
INFO: [ view_parse ] --END-- [ RunTime:0.014293s ]
INFO: [ view_filter ] --START--
INFO: Run ContentReplace Behavior [ RunTime:0.000632s ]
INFO: Run TokenBuild Behavior [ RunTime:0.000598s ]
INFO: Run WriteHtmlCache Behavior [ RunTime:0.000456s ]
INFO: Run ShowRuntime Behavior [ RunTime:0.000697s ]
INFO: [ view_filter ] --END-- [ RunTime:0.002685s ]
INFO: [ view_end ] --START--
INFO: Run ShowPageTrace Behavior [ RunTime:0.000841s ]
INFO: [ view_end ] --END-- [ RunTime:0.000959s ]

