[ 2014-10-09T19:38:59+08:00 ] 127.0.0.1 /find/
INFO: [ app_begin ] --START--
INFO: Run ReadHtmlCache Behavior [ RunTime:0.001662s ]
INFO: [ app_begin ] --END-- [ RunTime:0.014688s ]
SQL: SHOW COLUMNS FROM `find_category` [ RunTime:0.450268s ]
SQL: SELECT * FROM `find_category`  [ RunTime:0.053821s ]
SQL: SHOW COLUMNS FROM `find_huati` [ RunTime:0.388036s ]
SQL: SELECT COUNT(*) AS tp_count FROM `find_huati` LIMIT 1   [ RunTime:0.024156s ]
SQL: SELECT * FROM `find_huati` ORDER BY htime desc LIMIT 0,20   [ RunTime:0.013125s ]
SQL: SHOW COLUMNS FROM `find_group` [ RunTime:0.134092s ]
SQL: SELECT * FROM `find_group` WHERE ( 1=1 AND gid='5' ) LIMIT 1   [ RunTime:0.263292s ]
SQL: SELECT * FROM `find_group` WHERE ( 1=1 AND gid='5' ) LIMIT 1   [ RunTime:0.000576s ]
SQL: SELECT * FROM `find_group` WHERE ( 1=1 AND gid='6' ) LIMIT 1   [ RunTime:0.000960s ]
SQL: SELECT * FROM `find_group` WHERE ( 1=1 AND gid='6' ) LIMIT 1   [ RunTime:0.000550s ]
SQL: SELECT * FROM `find_group` WHERE ( 1=1 AND gid='5' ) LIMIT 1   [ RunTime:0.000475s ]
SQL: SELECT * FROM `find_group` WHERE ( 1=1 AND gid='5' ) LIMIT 1   [ RunTime:0.000436s ]
SQL: SELECT * FROM `find_group` WHERE ( 1=1 AND gid='5' ) LIMIT 1   [ RunTime:0.000568s ]
SQL: SELECT * FROM `find_group` WHERE ( 1=1 AND gid='1' ) LIMIT 1   [ RunTime:0.000431s ]
SQL: SELECT * FROM `find_group` WHERE ( 1=1 AND gid='1' ) LIMIT 1   [ RunTime:0.000379s ]
SQL: SELECT * FROM `find_group` WHERE ( 1=1 AND gid='1' ) LIMIT 1   [ RunTime:0.000365s ]
SQL: SELECT * FROM `find_group` WHERE ( 1=1 AND gid='5' ) LIMIT 1   [ RunTime:0.000351s ]
SQL: SELECT * FROM `find_group` WHERE ( 1=1 AND gid='6' ) LIMIT 1   [ RunTime:0.000358s ]
SQL: SELECT * FROM `find_group` WHERE ( 1=1 AND gid='1' ) LIMIT 1   [ RunTime:0.000355s ]
SQL: SELECT * FROM `find_group` WHERE ( 1=1 AND gid='1' ) LIMIT 1   [ RunTime:0.000358s ]
SQL: SELECT * FROM `find_group` WHERE ( 1=1 AND gid='1' ) LIMIT 1   [ RunTime:0.000375s ]
SQL: SELECT * FROM `find_group` WHERE ( 1=1 AND gid='5' ) LIMIT 1   [ RunTime:0.000343s ]
SQL: SELECT * FROM `find_group` WHERE ( 1=1 AND gid='0' ) LIMIT 1   [ RunTime:0.000453s ]
SQL: SELECT * FROM `find_group` WHERE ( 1=1 AND gid='1' ) LIMIT 1   [ RunTime:0.000458s ]
SQL: SELECT * FROM `find_group` WHERE ( 1=1 AND gid='1' ) LIMIT 1   [ RunTime:0.000431s ]
SQL: SELECT * FROM `find_group` WHERE ( 1=1 AND gid='1' ) LIMIT 1   [ RunTime:0.000387s ]
INFO: [ view_template ] --START--
INFO: Run LocationTemplate Behavior [ RunTime:0.050328s ]
INFO: [ view_template ] --END-- [ RunTime:0.050550s ]
INFO: [ view_parse ] --START--
NOTIC: [8] Use of undefined constant dianZan - assumed 'dianZan' G:\www\find\APP\Runtime\Cache\e5b19ddd3d471b21bbda02c5e4185b4b.php 第 19 行.
NOTIC: [8] Use of undefined constant index - assumed 'index' G:\www\find\APP\Runtime\Cache\e5b19ddd3d471b21bbda02c5e4185b4b.php 第 27 行.
INFO: Run ParseTemplate Behavior [ RunTime:0.316762s ]
INFO: [ view_parse ] --END-- [ RunTime:0.316921s ]
INFO: [ view_filter ] --START--
INFO: Run ContentReplace Behavior [ RunTime:0.023088s ]
INFO: Run TokenBuild Behavior [ RunTime:0.021112s ]
INFO: Run WriteHtmlCache Behavior [ RunTime:0.000879s ]
INFO: Run ShowRuntime Behavior [ RunTime:0.001110s ]
INFO: [ view_filter ] --END-- [ RunTime:0.046549s ]
INFO: [ view_end ] --START--
INFO: Run ShowPageTrace Behavior [ RunTime:0.001713s ]
INFO: [ view_end ] --END-- [ RunTime:0.001851s ]

[ 2014-10-09T19:39:56+08:00 ] 127.0.0.1 /find/index.php
INFO: [ app_begin ] --START--
INFO: Run ReadHtmlCache Behavior [ RunTime:0.001291s ]
INFO: [ app_begin ] --END-- [ RunTime:0.001451s ]
SQL: SHOW COLUMNS FROM `find_category` [ RunTime:0.006187s ]
SQL: SELECT * FROM `find_category`  [ RunTime:0.000312s ]
SQL: SHOW COLUMNS FROM `find_huati` [ RunTime:0.004452s ]
SQL: SELECT COUNT(*) AS tp_count FROM `find_huati` LIMIT 1   [ RunTime:0.000353s ]
SQL: SELECT * FROM `find_huati` ORDER BY htime desc LIMIT 0,20   [ RunTime:0.000570s ]
SQL: SHOW COLUMNS FROM `find_group` [ RunTime:0.004326s ]
SQL: SELECT * FROM `find_group` WHERE ( 1=1 AND gid='5' ) LIMIT 1   [ RunTime:0.000316s ]
SQL: SELECT * FROM `find_group` WHERE ( 1=1 AND gid='5' ) LIMIT 1   [ RunTime:0.000260s ]
SQL: SELECT * FROM `find_group` WHERE ( 1=1 AND gid='6' ) LIMIT 1   [ RunTime:0.000256s ]
SQL: SELECT * FROM `find_group` WHERE ( 1=1 AND gid='6' ) LIMIT 1   [ RunTime:0.000251s ]
SQL: SELECT * FROM `find_group` WHERE ( 1=1 AND gid='5' ) LIMIT 1   [ RunTime:0.000236s ]
SQL: SELECT * FROM `find_group` WHERE ( 1=1 AND gid='5' ) LIMIT 1   [ RunTime:0.000245s ]
SQL: SELECT * FROM `find_group` WHERE ( 1=1 AND gid='5' ) LIMIT 1   [ RunTime:0.000259s ]
SQL: SELECT * FROM `find_group` WHERE ( 1=1 AND gid='1' ) LIMIT 1   [ RunTime:0.000277s ]
SQL: SELECT * FROM `find_group` WHERE ( 1=1 AND gid='1' ) LIMIT 1   [ RunTime:0.000281s ]
SQL: SELECT * FROM `find_group` WHERE ( 1=1 AND gid='1' ) LIMIT 1   [ RunTime:0.000271s ]
SQL: SELECT * FROM `find_group` WHERE ( 1=1 AND gid='5' ) LIMIT 1   [ RunTime:0.000242s ]
SQL: SELECT * FROM `find_group` WHERE ( 1=1 AND gid='6' ) LIMIT 1   [ RunTime:0.000249s ]
SQL: SELECT * FROM `find_group` WHERE ( 1=1 AND gid='1' ) LIMIT 1   [ RunTime:0.000246s ]
SQL: SELECT * FROM `find_group` WHERE ( 1=1 AND gid='1' ) LIMIT 1   [ RunTime:0.000243s ]
SQL: SELECT * FROM `find_group` WHERE ( 1=1 AND gid='1' ) LIMIT 1   [ RunTime:0.000243s ]
SQL: SELECT * FROM `find_group` WHERE ( 1=1 AND gid='5' ) LIMIT 1   [ RunTime:0.000231s ]
SQL: SELECT * FROM `find_group` WHERE ( 1=1 AND gid='0' ) LIMIT 1   [ RunTime:0.000219s ]
SQL: SELECT * FROM `find_group` WHERE ( 1=1 AND gid='1' ) LIMIT 1   [ RunTime:0.000245s ]
SQL: SELECT * FROM `find_group` WHERE ( 1=1 AND gid='1' ) LIMIT 1   [ RunTime:0.000245s ]
SQL: SELECT * FROM `find_group` WHERE ( 1=1 AND gid='1' ) LIMIT 1   [ RunTime:0.000238s ]
INFO: [ view_template ] --START--
INFO: Run LocationTemplate Behavior [ RunTime:0.001168s ]
INFO: [ view_template ] --END-- [ RunTime:0.001283s ]
INFO: [ view_parse ] --START--
NOTIC: [8] Use of undefined constant dianZan - assumed 'dianZan' G:\www\find\APP\Runtime\Cache\e5b19ddd3d471b21bbda02c5e4185b4b.php 第 19 行.
NOTIC: [8] Use of undefined constant index - assumed 'index' G:\www\find\APP\Runtime\Cache\e5b19ddd3d471b21bbda02c5e4185b4b.php 第 27 行.
INFO: Run ParseTemplate Behavior [ RunTime:0.019113s ]
INFO: [ view_parse ] --END-- [ RunTime:0.019230s ]
INFO: [ view_filter ] --START--
INFO: Run ContentReplace Behavior [ RunTime:0.000841s ]
INFO: Run TokenBuild Behavior [ RunTime:0.000712s ]
INFO: Run WriteHtmlCache Behavior [ RunTime:0.000559s ]
INFO: Run ShowRuntime Behavior [ RunTime:0.000830s ]
INFO: [ view_filter ] --END-- [ RunTime:0.003235s ]
INFO: [ view_end ] --START--
INFO: Run ShowPageTrace Behavior [ RunTime:0.001010s ]
INFO: [ view_end ] --END-- [ RunTime:0.001131s ]

[ 2014-10-09T19:39:58+08:00 ] 127.0.0.1 /find/index.php
INFO: [ app_begin ] --START--
INFO: Run ReadHtmlCache Behavior [ RunTime:0.000783s ]
INFO: [ app_begin ] --END-- [ RunTime:0.000921s ]
SQL: SHOW COLUMNS FROM `find_category` [ RunTime:0.004411s ]
SQL: SELECT * FROM `find_category`  [ RunTime:0.000296s ]
SQL: SHOW COLUMNS FROM `find_huati` [ RunTime:0.004612s ]
SQL: SELECT COUNT(*) AS tp_count FROM `find_huati` LIMIT 1   [ RunTime:0.000789s ]
SQL: SELECT * FROM `find_huati` ORDER BY htime desc LIMIT 0,20   [ RunTime:0.000765s ]
SQL: SHOW COLUMNS FROM `find_group` [ RunTime:0.004506s ]
SQL: SELECT * FROM `find_group` WHERE ( 1=1 AND gid='5' ) LIMIT 1   [ RunTime:0.000343s ]
SQL: SELECT * FROM `find_group` WHERE ( 1=1 AND gid='5' ) LIMIT 1   [ RunTime:0.000294s ]
SQL: SELECT * FROM `find_group` WHERE ( 1=1 AND gid='6' ) LIMIT 1   [ RunTime:0.000299s ]
SQL: SELECT * FROM `find_group` WHERE ( 1=1 AND gid='6' ) LIMIT 1   [ RunTime:0.000292s ]
SQL: SELECT * FROM `find_group` WHERE ( 1=1 AND gid='5' ) LIMIT 1   [ RunTime:0.000281s ]
SQL: SELECT * FROM `find_group` WHERE ( 1=1 AND gid='5' ) LIMIT 1   [ RunTime:0.000296s ]
SQL: SELECT * FROM `find_group` WHERE ( 1=1 AND gid='5' ) LIMIT 1   [ RunTime:0.000289s ]
SQL: SELECT * FROM `find_group` WHERE ( 1=1 AND gid='1' ) LIMIT 1   [ RunTime:0.000288s ]
SQL: SELECT * FROM `find_group` WHERE ( 1=1 AND gid='1' ) LIMIT 1   [ RunTime:0.000250s ]
SQL: SELECT * FROM `find_group` WHERE ( 1=1 AND gid='1' ) LIMIT 1   [ RunTime:0.000241s ]
SQL: SELECT * FROM `find_group` WHERE ( 1=1 AND gid='5' ) LIMIT 1   [ RunTime:0.000229s ]
SQL: SELECT * FROM `find_group` WHERE ( 1=1 AND gid='6' ) LIMIT 1   [ RunTime:0.000247s ]
SQL: SELECT * FROM `find_group` WHERE ( 1=1 AND gid='1' ) LIMIT 1   [ RunTime:0.000290s ]
SQL: SELECT * FROM `find_group` WHERE ( 1=1 AND gid='1' ) LIMIT 1   [ RunTime:0.000248s ]
SQL: SELECT * FROM `find_group` WHERE ( 1=1 AND gid='1' ) LIMIT 1   [ RunTime:0.000239s ]
SQL: SELECT * FROM `find_group` WHERE ( 1=1 AND gid='5' ) LIMIT 1   [ RunTime:0.000230s ]
SQL: SELECT * FROM `find_group` WHERE ( 1=1 AND gid='0' ) LIMIT 1   [ RunTime:0.000217s ]
SQL: SELECT * FROM `find_group` WHERE ( 1=1 AND gid='1' ) LIMIT 1   [ RunTime:0.000237s ]
SQL: SELECT * FROM `find_group` WHERE ( 1=1 AND gid='1' ) LIMIT 1   [ RunTime:0.000250s ]
SQL: SELECT * FROM `find_group` WHERE ( 1=1 AND gid='1' ) LIMIT 1   [ RunTime:0.000238s ]
INFO: [ view_template ] --START--
INFO: Run LocationTemplate Behavior [ RunTime:0.000741s ]
INFO: [ view_template ] --END-- [ RunTime:0.000856s ]
INFO: [ view_parse ] --START--
NOTIC: [8] Use of undefined constant dianZan - assumed 'dianZan' G:\www\find\APP\Runtime\Cache\e5b19ddd3d471b21bbda02c5e4185b4b.php 第 19 行.
NOTIC: [8] Use of undefined constant index - assumed 'index' G:\www\find\APP\Runtime\Cache\e5b19ddd3d471b21bbda02c5e4185b4b.php 第 27 行.
INFO: Run ParseTemplate Behavior [ RunTime:0.015057s ]
INFO: [ view_parse ] --END-- [ RunTime:0.015172s ]
INFO: [ view_filter ] --START--
INFO: Run ContentReplace Behavior [ RunTime:0.000720s ]
INFO: Run TokenBuild Behavior [ RunTime:0.000593s ]
INFO: Run WriteHtmlCache Behavior [ RunTime:0.000441s ]
INFO: Run ShowRuntime Behavior [ RunTime:0.000695s ]
INFO: [ view_filter ] --END-- [ RunTime:0.002735s ]
INFO: [ view_end ] --START--
INFO: Run ShowPageTrace Behavior [ RunTime:0.000748s ]
INFO: [ view_end ] --END-- [ RunTime:0.000852s ]

[ 2014-10-09T19:39:59+08:00 ] 127.0.0.1 /find/index.php/Group/index/gid/5
INFO: [ route_check ] --START--
INFO: Run CheckRoute Behavior [ RunTime:0.025915s ]
INFO: [ route_check ] --END-- [ RunTime:0.026066s ]
INFO: [ app_begin ] --START--
INFO: Run ReadHtmlCache Behavior [ RunTime:0.000811s ]
INFO: [ app_begin ] --END-- [ RunTime:0.000923s ]
SQL: SHOW COLUMNS FROM `find_category` [ RunTime:0.007241s ]
SQL: SELECT * FROM `find_category`  [ RunTime:0.000433s ]
SQL: SHOW COLUMNS FROM `find_group` [ RunTime:0.006685s ]
SQL: SELECT * FROM `find_group` WHERE ( `gid` = 5 ) LIMIT 1   [ RunTime:0.000494s ]
SQL: SHOW COLUMNS FROM `find_huati` [ RunTime:0.007184s ]
SQL: SELECT COUNT(*) AS tp_count FROM `find_huati` LIMIT 1   [ RunTime:0.000443s ]
SQL: SELECT * FROM `find_huati` WHERE ( `gid` = 5 ) ORDER BY htime desc LIMIT 0,5   [ RunTime:0.000630s ]
INFO: [ view_template ] --START--
INFO: Run LocationTemplate Behavior [ RunTime:0.001606s ]
INFO: [ view_template ] --END-- [ RunTime:0.001792s ]
INFO: [ view_parse ] --START--
NOTIC: [8] Use of undefined constant addHuati - assumed 'addHuati' G:\www\find\APP\Runtime\Cache\c5d2135988943b3878092a0e7cd8c23f.php 第 20 行.
NOTIC: [8] Use of undefined constant index - assumed 'index' G:\www\find\APP\Runtime\Cache\c5d2135988943b3878092a0e7cd8c23f.php 第 29 行.
INFO: Run ParseTemplate Behavior [ RunTime:0.024274s ]
INFO: [ view_parse ] --END-- [ RunTime:0.024420s ]
INFO: [ view_filter ] --START--
INFO: Run ContentReplace Behavior [ RunTime:0.000617s ]
INFO: Run TokenBuild Behavior [ RunTime:0.000595s ]
INFO: Run WriteHtmlCache Behavior [ RunTime:0.000462s ]
INFO: Run ShowRuntime Behavior [ RunTime:0.000688s ]
INFO: [ view_filter ] --END-- [ RunTime:0.002655s ]
INFO: [ view_end ] --START--
INFO: Run ShowPageTrace Behavior [ RunTime:0.000768s ]
INFO: [ view_end ] --END-- [ RunTime:0.000873s ]

[ 2014-10-09T19:40:26+08:00 ] 127.0.0.1 /find/index.php/Index/checkUser
INFO: [ route_check ] --START--
INFO: Run CheckRoute Behavior [ RunTime:0.000956s ]
INFO: [ route_check ] --END-- [ RunTime:0.001091s ]
INFO: [ app_begin ] --START--
INFO: Run ReadHtmlCache Behavior [ RunTime:0.000742s ]
INFO: [ app_begin ] --END-- [ RunTime:0.000839s ]
SQL: SHOW COLUMNS FROM `find_category` [ RunTime:0.004111s ]
SQL: SELECT * FROM `find_category`  [ RunTime:0.000311s ]
SQL: SHOW COLUMNS FROM `find_user` [ RunTime:0.090584s ]
SQL: SELECT `password` FROM `find_user` WHERE ( `email` = 'yesheng@99.com' ) LIMIT 1   [ RunTime:0.047972s ]

[ 2014-10-09T19:40:29+08:00 ] 127.0.0.1 /find/index.php/Index/checkUser
INFO: [ route_check ] --START--
INFO: Run CheckRoute Behavior [ RunTime:0.001813s ]
INFO: [ route_check ] --END-- [ RunTime:0.002054s ]
INFO: [ app_begin ] --START--
INFO: Run ReadHtmlCache Behavior [ RunTime:0.001397s ]
INFO: [ app_begin ] --END-- [ RunTime:0.001581s ]
SQL: SHOW COLUMNS FROM `find_category` [ RunTime:0.004262s ]
SQL: SELECT * FROM `find_category`  [ RunTime:0.000290s ]
SQL: SHOW COLUMNS FROM `find_user` [ RunTime:0.003939s ]
SQL: SELECT `password` FROM `find_user` WHERE ( `email` = 'yesheng@99.com' ) LIMIT 1   [ RunTime:0.000301s ]

[ 2014-10-09T19:40:29+08:00 ] 127.0.0.1 /find/index.php/Index/checkUser
INFO: [ route_check ] --START--
INFO: Run CheckRoute Behavior [ RunTime:0.002188s ]
INFO: [ route_check ] --END-- [ RunTime:0.002493s ]
INFO: [ app_begin ] --START--
INFO: Run ReadHtmlCache Behavior [ RunTime:0.001723s ]
INFO: [ app_begin ] --END-- [ RunTime:0.001948s ]
SQL: SHOW COLUMNS FROM `find_category` [ RunTime:0.006132s ]
SQL: SELECT * FROM `find_category`  [ RunTime:0.000726s ]
SQL: SHOW COLUMNS FROM `find_user` [ RunTime:0.005786s ]
SQL: SELECT `password` FROM `find_user` WHERE ( `email` = 'yesheng@99.com' ) LIMIT 1   [ RunTime:0.000442s ]

[ 2014-10-09T19:40:29+08:00 ] 127.0.0.1 /find/index.php/Index/checkUser
INFO: [ route_check ] --START--
INFO: Run CheckRoute Behavior [ RunTime:0.001006s ]
INFO: [ route_check ] --END-- [ RunTime:0.001139s ]
INFO: [ app_begin ] --START--
INFO: Run ReadHtmlCache Behavior [ RunTime:0.000747s ]
INFO: [ app_begin ] --END-- [ RunTime:0.000843s ]
SQL: SHOW COLUMNS FROM `find_category` [ RunTime:0.004069s ]
SQL: SELECT * FROM `find_category`  [ RunTime:0.000293s ]
SQL: SHOW COLUMNS FROM `find_user` [ RunTime:0.003966s ]
SQL: SELECT `password` FROM `find_user` WHERE ( `email` = 'yesheng@99.com' ) LIMIT 1   [ RunTime:0.000308s ]

[ 2014-10-09T19:40:30+08:00 ] 127.0.0.1 /find/index.php/Index/checkUser
INFO: [ route_check ] --START--
INFO: Run CheckRoute Behavior [ RunTime:0.000950s ]
INFO: [ route_check ] --END-- [ RunTime:0.001084s ]
INFO: [ app_begin ] --START--
INFO: Run ReadHtmlCache Behavior [ RunTime:0.000730s ]
INFO: [ app_begin ] --END-- [ RunTime:0.000826s ]
SQL: SHOW COLUMNS FROM `find_category` [ RunTime:0.004129s ]
SQL: SELECT * FROM `find_category`  [ RunTime:0.000303s ]
SQL: SHOW COLUMNS FROM `find_user` [ RunTime:0.003970s ]
SQL: SELECT `password` FROM `find_user` WHERE ( `email` = 'yesheng@99.com' ) LIMIT 1   [ RunTime:0.000310s ]

[ 2014-10-09T19:40:30+08:00 ] 127.0.0.1 /find/index.php/Index/checkUser
INFO: [ route_check ] --START--
INFO: Run CheckRoute Behavior [ RunTime:0.001847s ]
INFO: [ route_check ] --END-- [ RunTime:0.002089s ]
INFO: [ app_begin ] --START--
INFO: Run ReadHtmlCache Behavior [ RunTime:0.000734s ]
INFO: [ app_begin ] --END-- [ RunTime:0.000829s ]
SQL: SHOW COLUMNS FROM `find_category` [ RunTime:0.004071s ]
SQL: SELECT * FROM `find_category`  [ RunTime:0.000322s ]
SQL: SHOW COLUMNS FROM `find_user` [ RunTime:0.004277s ]
SQL: SELECT `password` FROM `find_user` WHERE ( `email` = 'yesheng@99.com' ) LIMIT 1   [ RunTime:0.000345s ]

[ 2014-10-09T19:40:30+08:00 ] 127.0.0.1 /find/index.php/Index/checkUser
INFO: [ route_check ] --START--
INFO: Run CheckRoute Behavior [ RunTime:0.001785s ]
INFO: [ route_check ] --END-- [ RunTime:0.002029s ]
INFO: [ app_begin ] --START--
INFO: Run ReadHtmlCache Behavior [ RunTime:0.001399s ]
INFO: [ app_begin ] --END-- [ RunTime:0.001583s ]
SQL: SHOW COLUMNS FROM `find_category` [ RunTime:0.032030s ]
SQL: SELECT * FROM `find_category`  [ RunTime:0.000286s ]
SQL: SHOW COLUMNS FROM `find_user` [ RunTime:0.004398s ]
SQL: SELECT `password` FROM `find_user` WHERE ( `email` = 'yesheng@99.com' ) LIMIT 1   [ RunTime:0.000355s ]

[ 2014-10-09T19:40:31+08:00 ] 127.0.0.1 /find/index.php/Index/login
INFO: [ route_check ] --START--
INFO: Run CheckRoute Behavior [ RunTime:0.001020s ]
INFO: [ route_check ] --END-- [ RunTime:0.001164s ]
INFO: [ app_begin ] --START--
INFO: Run ReadHtmlCache Behavior [ RunTime:0.000859s ]
INFO: [ app_begin ] --END-- [ RunTime:0.000971s ]
SQL: SHOW COLUMNS FROM `find_category` [ RunTime:0.005754s ]
SQL: SELECT * FROM `find_category`  [ RunTime:0.000559s ]
SQL: SHOW COLUMNS FROM `find_user` [ RunTime:0.019528s ]
SQL: SELECT * FROM `find_user` WHERE ( `email` = 'yesheng@99.com' ) AND ( `password` = '111111' ) LIMIT 1   [ RunTime:0.000639s ]
SQL: SELECT * FROM `find_user` WHERE ( `id` = 46 ) AND ( `email` = 'yesheng@99.com' ) AND ( `nicheng` = '野生' ) AND ( `password` = '111111' ) LIMIT 1   [ RunTime:0.000441s ]

[ 2014-10-09T19:40:31+08:00 ] 127.0.0.1 /find/index.php/Index/checkUser
INFO: [ route_check ] --START--
INFO: Run CheckRoute Behavior [ RunTime:0.001446s ]
INFO: [ route_check ] --END-- [ RunTime:0.001611s ]
INFO: [ app_begin ] --START--
INFO: Run ReadHtmlCache Behavior [ RunTime:0.001060s ]
INFO: [ app_begin ] --END-- [ RunTime:0.001177s ]
SQL: SHOW COLUMNS FROM `find_user` [ RunTime:0.006893s ]
SQL: SELECT * FROM `find_user` WHERE ( `id` = 46 ) LIMIT 1   [ RunTime:0.000834s ]
SQL: SHOW COLUMNS FROM `find_category` [ RunTime:0.006426s ]
SQL: SELECT * FROM `find_category`  [ RunTime:0.000616s ]
SQL: SELECT `password` FROM `find_user` WHERE ( `email` = 'hhh' ) LIMIT 1   [ RunTime:0.000397s ]

[ 2014-10-09T19:40:31+08:00 ] 127.0.0.1 /find/index.php/Group/index/gid/5
INFO: [ route_check ] --START--
INFO: Run CheckRoute Behavior [ RunTime:0.000943s ]
INFO: [ route_check ] --END-- [ RunTime:0.001078s ]
INFO: [ app_begin ] --START--
INFO: Run ReadHtmlCache Behavior [ RunTime:0.000731s ]
INFO: [ app_begin ] --END-- [ RunTime:0.000847s ]
SQL: SHOW COLUMNS FROM `find_user` [ RunTime:0.004220s ]
SQL: SELECT * FROM `find_user` WHERE ( `id` = 46 ) LIMIT 1   [ RunTime:0.000280s ]
SQL: SHOW COLUMNS FROM `find_category` [ RunTime:0.004097s ]
SQL: SELECT * FROM `find_category`  [ RunTime:0.000291s ]
SQL: SHOW COLUMNS FROM `find_group` [ RunTime:0.004247s ]
SQL: SELECT * FROM `find_group` WHERE ( `gid` = 5 ) LIMIT 1   [ RunTime:0.000277s ]
SQL: SHOW COLUMNS FROM `find_huati` [ RunTime:0.004321s ]
SQL: SELECT COUNT(*) AS tp_count FROM `find_huati` LIMIT 1   [ RunTime:0.000294s ]
SQL: SELECT * FROM `find_huati` WHERE ( `gid` = 5 ) ORDER BY htime desc LIMIT 0,5   [ RunTime:0.000368s ]
INFO: [ view_template ] --START--
INFO: Run LocationTemplate Behavior [ RunTime:0.000727s ]
INFO: [ view_template ] --END-- [ RunTime:0.000858s ]
INFO: [ view_parse ] --START--
NOTIC: [8] Use of undefined constant addHuati - assumed 'addHuati' G:\www\find\APP\Runtime\Cache\c5d2135988943b3878092a0e7cd8c23f.php 第 20 行.
NOTIC: [8] Use of undefined constant index - assumed 'index' G:\www\find\APP\Runtime\Cache\c5d2135988943b3878092a0e7cd8c23f.php 第 29 行.
INFO: Run ParseTemplate Behavior [ RunTime:0.017134s ]
INFO: [ view_parse ] --END-- [ RunTime:0.017269s ]
INFO: [ view_filter ] --START--
INFO: Run ContentReplace Behavior [ RunTime:0.000689s ]
INFO: Run TokenBuild Behavior [ RunTime:0.000609s ]
INFO: Run WriteHtmlCache Behavior [ RunTime:0.000456s ]
INFO: Run ShowRuntime Behavior [ RunTime:0.000715s ]
INFO: [ view_filter ] --END-- [ RunTime:0.002805s ]
INFO: [ view_end ] --START--
INFO: Run ShowPageTrace Behavior [ RunTime:0.000790s ]
INFO: [ view_end ] --END-- [ RunTime:0.000906s ]

[ 2014-10-09T19:40:37+08:00 ] 127.0.0.1 /find/index.php/Member/index
INFO: [ route_check ] --START--
INFO: Run CheckRoute Behavior [ RunTime:0.000943s ]
INFO: [ route_check ] --END-- [ RunTime:0.001075s ]
INFO: [ app_begin ] --START--
INFO: Run ReadHtmlCache Behavior [ RunTime:0.000723s ]
INFO: [ app_begin ] --END-- [ RunTime:0.000837s ]
SQL: SHOW COLUMNS FROM `find_user` [ RunTime:0.004989s ]
SQL: SELECT * FROM `find_user` WHERE ( `id` = 46 ) LIMIT 1   [ RunTime:0.000376s ]
SQL: SHOW COLUMNS FROM `find_category` [ RunTime:0.004359s ]
SQL: SELECT * FROM `find_category`  [ RunTime:0.000326s ]
SQL: SHOW COLUMNS FROM `find_group` [ RunTime:0.004309s ]
SQL: SELECT * FROM `find_group` WHERE ( `uid` = 46 )  [ RunTime:0.000337s ]
INFO: [ view_template ] --START--
INFO: Run LocationTemplate Behavior [ RunTime:0.008305s ]
INFO: [ view_template ] --END-- [ RunTime:0.008446s ]
INFO: [ view_parse ] --START--
NOTIC: [8] Use of undefined constant checkGroup - assumed 'checkGroup' G:\www\find\APP\Runtime\Cache\0b3707b7e303f2c6deb8da69852d9ce3.php 第 19 行.
NOTIC: [8] Use of undefined constant addGroup - assumed 'addGroup' G:\www\find\APP\Runtime\Cache\0b3707b7e303f2c6deb8da69852d9ce3.php 第 20 行.
NOTIC: [8] Use of undefined constant index - assumed 'index' G:\www\find\APP\Runtime\Cache\0b3707b7e303f2c6deb8da69852d9ce3.php 第 28 行.
INFO: Run ParseTemplate Behavior [ RunTime:0.030585s ]
INFO: [ view_parse ] --END-- [ RunTime:0.030719s ]
INFO: [ view_filter ] --START--
INFO: Run ContentReplace Behavior [ RunTime:0.000657s ]
INFO: Run TokenBuild Behavior [ RunTime:0.000604s ]
INFO: Run WriteHtmlCache Behavior [ RunTime:0.000461s ]
INFO: Run ShowRuntime Behavior [ RunTime:0.000706s ]
INFO: [ view_filter ] --END-- [ RunTime:0.002762s ]
INFO: [ view_end ] --START--
INFO: Run ShowPageTrace Behavior [ RunTime:0.000756s ]
INFO: [ view_end ] --END-- [ RunTime:0.000870s ]

[ 2014-10-09T19:40:45+08:00 ] 127.0.0.1 /find/index.php/Member/index
INFO: [ route_check ] --START--
INFO: Run CheckRoute Behavior [ RunTime:0.001953s ]
INFO: [ route_check ] --END-- [ RunTime:0.002190s ]
INFO: [ app_begin ] --START--
INFO: Run ReadHtmlCache Behavior [ RunTime:0.001317s ]
INFO: [ app_begin ] --END-- [ RunTime:0.001524s ]
SQL: SHOW COLUMNS FROM `find_user` [ RunTime:0.004088s ]
SQL: SELECT * FROM `find_user` WHERE ( `id` = 46 ) LIMIT 1   [ RunTime:0.000343s ]
SQL: SHOW COLUMNS FROM `find_category` [ RunTime:0.004576s ]
SQL: SELECT * FROM `find_category`  [ RunTime:0.000355s ]
SQL: SHOW COLUMNS FROM `find_group` [ RunTime:0.006082s ]
SQL: SELECT * FROM `find_group` WHERE ( `uid` = 46 )  [ RunTime:0.000384s ]
INFO: [ view_template ] --START--
INFO: Run LocationTemplate Behavior [ RunTime:0.001169s ]
INFO: [ view_template ] --END-- [ RunTime:0.001288s ]
INFO: [ view_parse ] --START--
NOTIC: [8] Use of undefined constant checkGroup - assumed 'checkGroup' G:\www\find\APP\Runtime\Cache\0b3707b7e303f2c6deb8da69852d9ce3.php 第 19 行.
NOTIC: [8] Use of undefined constant addGroup - assumed 'addGroup' G:\www\find\APP\Runtime\Cache\0b3707b7e303f2c6deb8da69852d9ce3.php 第 20 行.
NOTIC: [8] Use of undefined constant index - assumed 'index' G:\www\find\APP\Runtime\Cache\0b3707b7e303f2c6deb8da69852d9ce3.php 第 28 行.
INFO: Run ParseTemplate Behavior [ RunTime:0.015532s ]
INFO: [ view_parse ] --END-- [ RunTime:0.015651s ]
INFO: [ view_filter ] --START--
INFO: Run ContentReplace Behavior [ RunTime:0.000784s ]
INFO: Run TokenBuild Behavior [ RunTime:0.000703s ]
INFO: Run WriteHtmlCache Behavior [ RunTime:0.000562s ]
INFO: Run ShowRuntime Behavior [ RunTime:0.000810s ]
INFO: [ view_filter ] --END-- [ RunTime:0.003152s ]
INFO: [ view_end ] --START--
INFO: Run ShowPageTrace Behavior [ RunTime:0.000868s ]
INFO: [ view_end ] --END-- [ RunTime:0.000974s ]

[ 2014-10-09T19:40:53+08:00 ] 127.0.0.1 /find/index.php
INFO: [ app_begin ] --START--
INFO: Run ReadHtmlCache Behavior [ RunTime:0.000777s ]
INFO: [ app_begin ] --END-- [ RunTime:0.000911s ]
SQL: SHOW COLUMNS FROM `find_user` [ RunTime:0.004217s ]
SQL: SELECT * FROM `find_user` WHERE ( `id` = 46 ) LIMIT 1   [ RunTime:0.000339s ]
SQL: SHOW COLUMNS FROM `find_category` [ RunTime:0.003916s ]
SQL: SELECT * FROM `find_category`  [ RunTime:0.000284s ]
SQL: SHOW COLUMNS FROM `find_huati` [ RunTime:0.004592s ]
SQL: SELECT COUNT(*) AS tp_count FROM `find_huati` LIMIT 1   [ RunTime:0.000325s ]
SQL: SELECT * FROM `find_huati` ORDER BY htime desc LIMIT 0,20   [ RunTime:0.000556s ]
SQL: SHOW COLUMNS FROM `find_group` [ RunTime:0.004205s ]
SQL: SELECT * FROM `find_group` WHERE ( 1=1 AND gid='5' ) LIMIT 1   [ RunTime:0.000307s ]
SQL: SELECT * FROM `find_group` WHERE ( 1=1 AND gid='5' ) LIMIT 1   [ RunTime:0.000256s ]
SQL: SELECT * FROM `find_group` WHERE ( 1=1 AND gid='6' ) LIMIT 1   [ RunTime:0.000248s ]
SQL: SELECT * FROM `find_group` WHERE ( 1=1 AND gid='6' ) LIMIT 1   [ RunTime:0.000248s ]
SQL: SELECT * FROM `find_group` WHERE ( 1=1 AND gid='5' ) LIMIT 1   [ RunTime:0.000237s ]
SQL: SELECT * FROM `find_group` WHERE ( 1=1 AND gid='5' ) LIMIT 1   [ RunTime:0.000243s ]
SQL: SELECT * FROM `find_group` WHERE ( 1=1 AND gid='5' ) LIMIT 1   [ RunTime:0.000241s ]
SQL: SELECT * FROM `find_group` WHERE ( 1=1 AND gid='1' ) LIMIT 1   [ RunTime:0.000232s ]
SQL: SELECT * FROM `find_group` WHERE ( 1=1 AND gid='1' ) LIMIT 1   [ RunTime:0.000263s ]
SQL: SELECT * FROM `find_group` WHERE ( 1=1 AND gid='1' ) LIMIT 1   [ RunTime:0.000233s ]
SQL: SELECT * FROM `find_group` WHERE ( 1=1 AND gid='5' ) LIMIT 1   [ RunTime:0.000239s ]
SQL: SELECT * FROM `find_group` WHERE ( 1=1 AND gid='6' ) LIMIT 1   [ RunTime:0.000277s ]
SQL: SELECT * FROM `find_group` WHERE ( 1=1 AND gid='1' ) LIMIT 1   [ RunTime:0.000328s ]
SQL: SELECT * FROM `find_group` WHERE ( 1=1 AND gid='1' ) LIMIT 1   [ RunTime:0.000407s ]
SQL: SELECT * FROM `find_group` WHERE ( 1=1 AND gid='1' ) LIMIT 1   [ RunTime:0.000382s ]
SQL: SELECT * FROM `find_group` WHERE ( 1=1 AND gid='5' ) LIMIT 1   [ RunTime:0.000263s ]
SQL: SELECT * FROM `find_group` WHERE ( 1=1 AND gid='0' ) LIMIT 1   [ RunTime:0.000251s ]
SQL: SELECT * FROM `find_group` WHERE ( 1=1 AND gid='1' ) LIMIT 1   [ RunTime:0.000370s ]
SQL: SELECT * FROM `find_group` WHERE ( 1=1 AND gid='1' ) LIMIT 1   [ RunTime:0.000255s ]
SQL: SELECT * FROM `find_group` WHERE ( 1=1 AND gid='1' ) LIMIT 1   [ RunTime:0.000288s ]
INFO: [ view_template ] --START--
INFO: Run LocationTemplate Behavior [ RunTime:0.000969s ]
INFO: [ view_template ] --END-- [ RunTime:0.001086s ]
INFO: [ view_parse ] --START--
NOTIC: [8] Use of undefined constant dianZan - assumed 'dianZan' G:\www\find\APP\Runtime\Cache\e5b19ddd3d471b21bbda02c5e4185b4b.php 第 19 行.
NOTIC: [8] Use of undefined constant index - assumed 'index' G:\www\find\APP\Runtime\Cache\e5b19ddd3d471b21bbda02c5e4185b4b.php 第 27 行.
INFO: Run ParseTemplate Behavior [ RunTime:0.015303s ]
INFO: [ view_parse ] --END-- [ RunTime:0.015419s ]
INFO: [ view_filter ] --START--
INFO: Run ContentReplace Behavior [ RunTime:0.000723s ]
INFO: Run TokenBuild Behavior [ RunTime:0.000593s ]
INFO: Run WriteHtmlCache Behavior [ RunTime:0.000446s ]
INFO: Run ShowRuntime Behavior [ RunTime:0.000699s ]
INFO: [ view_filter ] --END-- [ RunTime:0.002754s ]
INFO: [ view_end ] --START--
INFO: Run ShowPageTrace Behavior [ RunTime:0.000750s ]
INFO: [ view_end ] --END-- [ RunTime:0.000857s ]

[ 2014-10-09T19:46:18+08:00 ] 127.0.0.1 /find/index.php/Group/index/gid/5
INFO: [ route_check ] --START--
INFO: Run CheckRoute Behavior [ RunTime:0.001584s ]
INFO: [ route_check ] --END-- [ RunTime:0.001735s ]
INFO: [ app_begin ] --START--
INFO: Run ReadHtmlCache Behavior [ RunTime:0.001318s ]
INFO: [ app_begin ] --END-- [ RunTime:0.001450s ]
SQL: SHOW COLUMNS FROM `find_user` [ RunTime:0.004493s ]
SQL: SELECT * FROM `find_user` WHERE ( `id` = 46 ) LIMIT 1   [ RunTime:0.000335s ]
SQL: SHOW COLUMNS FROM `find_category` [ RunTime:0.004216s ]
SQL: SELECT * FROM `find_category`  [ RunTime:0.000309s ]
SQL: SHOW COLUMNS FROM `find_group` [ RunTime:0.004140s ]
SQL: SELECT * FROM `find_group` WHERE ( `gid` = 5 ) LIMIT 1   [ RunTime:0.000327s ]
SQL: SHOW COLUMNS FROM `find_huati` [ RunTime:0.004229s ]
SQL: SELECT COUNT(*) AS tp_count FROM `find_huati` LIMIT 1   [ RunTime:0.000321s ]
SQL: SELECT * FROM `find_huati` WHERE ( `gid` = 5 ) ORDER BY htime desc LIMIT 0,5   [ RunTime:0.000481s ]
INFO: [ view_template ] --START--
INFO: Run LocationTemplate Behavior [ RunTime:0.001857s ]
INFO: [ view_template ] --END-- [ RunTime:0.001987s ]
INFO: [ view_parse ] --START--
NOTIC: [8] Use of undefined constant addHuati - assumed 'addHuati' G:\www\find\APP\Runtime\Cache\c5d2135988943b3878092a0e7cd8c23f.php 第 20 行.
NOTIC: [8] Use of undefined constant index - assumed 'index' G:\www\find\APP\Runtime\Cache\c5d2135988943b3878092a0e7cd8c23f.php 第 29 行.
INFO: Run ParseTemplate Behavior [ RunTime:0.018357s ]
INFO: [ view_parse ] --END-- [ RunTime:0.018482s ]
INFO: [ view_filter ] --START--
INFO: Run ContentReplace Behavior [ RunTime:0.001078s ]
INFO: Run TokenBuild Behavior [ RunTime:0.001076s ]
INFO: Run WriteHtmlCache Behavior [ RunTime:0.000870s ]
INFO: Run ShowRuntime Behavior [ RunTime:0.001104s ]
INFO: [ view_filter ] --END-- [ RunTime:0.004446s ]
INFO: [ view_end ] --START--
INFO: Run ShowPageTrace Behavior [ RunTime:0.001221s ]
INFO: [ view_end ] --END-- [ RunTime:0.001333s ]

[ 2014-10-09T19:54:19+08:00 ] 127.0.0.1 /find/index.php/Group/index/gid/5
INFO: [ route_check ] --START--
INFO: Run CheckRoute Behavior [ RunTime:0.001429s ]
INFO: [ route_check ] --END-- [ RunTime:0.001584s ]
INFO: [ app_begin ] --START--
INFO: Run ReadHtmlCache Behavior [ RunTime:0.001167s ]
INFO: [ app_begin ] --END-- [ RunTime:0.001298s ]
SQL: SHOW COLUMNS FROM `find_user` [ RunTime:0.004595s ]
SQL: SELECT * FROM `find_user` WHERE ( `id` = 46 ) LIMIT 1   [ RunTime:0.000344s ]
SQL: SHOW COLUMNS FROM `find_category` [ RunTime:0.004313s ]
SQL: SELECT * FROM `find_category`  [ RunTime:0.000340s ]
SQL: SHOW COLUMNS FROM `find_group` [ RunTime:0.004232s ]
SQL: SELECT * FROM `find_group` WHERE ( `gid` = 5 ) LIMIT 1   [ RunTime:0.000321s ]
SQL: SHOW COLUMNS FROM `find_huati` [ RunTime:0.004904s ]
SQL: SELECT COUNT(*) AS tp_count FROM `find_huati` LIMIT 1   [ RunTime:0.000385s ]
SQL: SELECT * FROM `find_huati` WHERE ( `gid` = 5 ) ORDER BY htime desc LIMIT 0,5   [ RunTime:0.000469s ]
INFO: [ view_template ] --START--
INFO: Run LocationTemplate Behavior [ RunTime:0.001592s ]
INFO: [ view_template ] --END-- [ RunTime:0.001713s ]
INFO: [ view_parse ] --START--
NOTIC: [8] Use of undefined constant addHuati - assumed 'addHuati' G:\www\find\APP\Runtime\Cache\c5d2135988943b3878092a0e7cd8c23f.php 第 20 行.
NOTIC: [8] Use of undefined constant index - assumed 'index' G:\www\find\APP\Runtime\Cache\c5d2135988943b3878092a0e7cd8c23f.php 第 29 行.
INFO: Run ParseTemplate Behavior [ RunTime:0.017003s ]
INFO: [ view_parse ] --END-- [ RunTime:0.017126s ]
INFO: [ view_filter ] --START--
INFO: Run ContentReplace Behavior [ RunTime:0.000950s ]
INFO: Run TokenBuild Behavior [ RunTime:0.000837s ]
INFO: Run WriteHtmlCache Behavior [ RunTime:0.000669s ]
INFO: Run ShowRuntime Behavior [ RunTime:0.000915s ]
INFO: [ view_filter ] --END-- [ RunTime:0.003683s ]
INFO: [ view_end ] --START--
INFO: Run ShowPageTrace Behavior [ RunTime:0.001012s ]
INFO: [ view_end ] --END-- [ RunTime:0.001119s ]

[ 2014-10-09T19:54:32+08:00 ] ERR: (ThinkException) 非法操作:huati
[ 2014-10-09T19:54:57+08:00 ] 127.0.0.1 /find/index.php/Member/index
INFO: [ route_check ] --START--
INFO: Run CheckRoute Behavior [ RunTime:0.001419s ]
INFO: [ route_check ] --END-- [ RunTime:0.001585s ]
INFO: [ app_begin ] --START--
INFO: Run ReadHtmlCache Behavior [ RunTime:0.001040s ]
INFO: [ app_begin ] --END-- [ RunTime:0.001175s ]
SQL: SHOW COLUMNS FROM `find_user` [ RunTime:0.004445s ]
SQL: SELECT * FROM `find_user` WHERE ( `id` = 46 ) LIMIT 1   [ RunTime:0.000352s ]
SQL: SHOW COLUMNS FROM `find_category` [ RunTime:0.004132s ]
SQL: SELECT * FROM `find_category`  [ RunTime:0.000288s ]
SQL: SHOW COLUMNS FROM `find_group` [ RunTime:0.004287s ]
SQL: SELECT * FROM `find_group` WHERE ( `uid` = 46 )  [ RunTime:0.000352s ]
INFO: [ view_template ] --START--
INFO: Run LocationTemplate Behavior [ RunTime:0.001434s ]
INFO: [ view_template ] --END-- [ RunTime:0.001552s ]
INFO: [ view_parse ] --START--
NOTIC: [8] Use of undefined constant checkGroup - assumed 'checkGroup' G:\www\find\APP\Runtime\Cache\0b3707b7e303f2c6deb8da69852d9ce3.php 第 19 行.
NOTIC: [8] Use of undefined constant addGroup - assumed 'addGroup' G:\www\find\APP\Runtime\Cache\0b3707b7e303f2c6deb8da69852d9ce3.php 第 20 行.
NOTIC: [8] Use of undefined constant index - assumed 'index' G:\www\find\APP\Runtime\Cache\0b3707b7e303f2c6deb8da69852d9ce3.php 第 28 行.
INFO: Run ParseTemplate Behavior [ RunTime:0.017141s ]
INFO: [ view_parse ] --END-- [ RunTime:0.017264s ]
INFO: [ view_filter ] --START--
INFO: Run ContentReplace Behavior [ RunTime:0.000933s ]
INFO: Run TokenBuild Behavior [ RunTime:0.000738s ]
INFO: Run WriteHtmlCache Behavior [ RunTime:0.000665s ]
INFO: Run ShowRuntime Behavior [ RunTime:0.000930s ]
INFO: [ view_filter ] --END-- [ RunTime:0.003572s ]
INFO: [ view_end ] --START--
INFO: Run ShowPageTrace Behavior [ RunTime:0.000990s ]
INFO: [ view_end ] --END-- [ RunTime:0.001108s ]

[ 2014-10-09T19:55:06+08:00 ] 127.0.0.1 /find/index.php/Member/index
INFO: [ route_check ] --START--
INFO: Run CheckRoute Behavior [ RunTime:0.001167s ]
INFO: [ route_check ] --END-- [ RunTime:0.001325s ]
INFO: [ app_begin ] --START--
INFO: Run ReadHtmlCache Behavior [ RunTime:0.000998s ]
INFO: [ app_begin ] --END-- [ RunTime:0.001127s ]
SQL: SHOW COLUMNS FROM `find_user` [ RunTime:0.004211s ]
SQL: SELECT * FROM `find_user` WHERE ( `id` = 46 ) LIMIT 1   [ RunTime:0.000374s ]
SQL: SHOW COLUMNS FROM `find_category` [ RunTime:0.003955s ]
SQL: SELECT * FROM `find_category`  [ RunTime:0.000291s ]
SQL: SHOW COLUMNS FROM `find_group` [ RunTime:0.003959s ]
SQL: SELECT * FROM `find_group` WHERE ( `uid` = 46 )  [ RunTime:0.000328s ]
INFO: [ view_template ] --START--
INFO: Run LocationTemplate Behavior [ RunTime:0.001405s ]
INFO: [ view_template ] --END-- [ RunTime:0.001520s ]
INFO: [ view_parse ] --START--
NOTIC: [8] Use of undefined constant checkGroup - assumed 'checkGroup' G:\www\find\APP\Runtime\Cache\0b3707b7e303f2c6deb8da69852d9ce3.php 第 19 行.
NOTIC: [8] Use of undefined constant addGroup - assumed 'addGroup' G:\www\find\APP\Runtime\Cache\0b3707b7e303f2c6deb8da69852d9ce3.php 第 20 行.
NOTIC: [8] Use of undefined constant index - assumed 'index' G:\www\find\APP\Runtime\Cache\0b3707b7e303f2c6deb8da69852d9ce3.php 第 28 行.
INFO: Run ParseTemplate Behavior [ RunTime:0.016667s ]
INFO: [ view_parse ] --END-- [ RunTime:0.016789s ]
INFO: [ view_filter ] --START--
INFO: Run ContentReplace Behavior [ RunTime:0.000926s ]
INFO: Run TokenBuild Behavior [ RunTime:0.000690s ]
INFO: Run WriteHtmlCache Behavior [ RunTime:0.000684s ]
INFO: Run ShowRuntime Behavior [ RunTime:0.000935s ]
INFO: [ view_filter ] --END-- [ RunTime:0.003557s ]
INFO: [ view_end ] --START--
INFO: Run ShowPageTrace Behavior [ RunTime:0.000987s ]
INFO: [ view_end ] --END-- [ RunTime:0.001104s ]

[ 2014-10-09T19:55:16+08:00 ] 127.0.0.1 /find/index.php
INFO: [ app_begin ] --START--
INFO: Run ReadHtmlCache Behavior [ RunTime:0.001474s ]
INFO: [ app_begin ] --END-- [ RunTime:0.001674s ]
SQL: SHOW COLUMNS FROM `find_user` [ RunTime:0.004215s ]
SQL: SELECT * FROM `find_user` WHERE ( `id` = 46 ) LIMIT 1   [ RunTime:0.000334s ]
SQL: SHOW COLUMNS FROM `find_category` [ RunTime:0.003904s ]
SQL: SELECT * FROM `find_category`  [ RunTime:0.000282s ]
SQL: SHOW COLUMNS FROM `find_huati` [ RunTime:0.004555s ]
SQL: SELECT COUNT(*) AS tp_count FROM `find_huati` LIMIT 1   [ RunTime:0.000332s ]
SQL: SELECT * FROM `find_huati` ORDER BY htime desc LIMIT 0,20   [ RunTime:0.000554s ]
SQL: SHOW COLUMNS FROM `find_group` [ RunTime:0.003993s ]
SQL: SELECT * FROM `find_group` WHERE ( 1=1 AND gid='5' ) LIMIT 1   [ RunTime:0.000336s ]
SQL: SELECT * FROM `find_group` WHERE ( 1=1 AND gid='5' ) LIMIT 1   [ RunTime:0.000263s ]
SQL: SELECT * FROM `find_group` WHERE ( 1=1 AND gid='6' ) LIMIT 1   [ RunTime:0.000255s ]
SQL: SELECT * FROM `find_group` WHERE ( 1=1 AND gid='6' ) LIMIT 1   [ RunTime:0.000257s ]
SQL: SELECT * FROM `find_group` WHERE ( 1=1 AND gid='5' ) LIMIT 1   [ RunTime:0.000241s ]
SQL: SELECT * FROM `find_group` WHERE ( 1=1 AND gid='5' ) LIMIT 1   [ RunTime:0.000249s ]
SQL: SELECT * FROM `find_group` WHERE ( 1=1 AND gid='5' ) LIMIT 1   [ RunTime:0.000249s ]
SQL: SELECT * FROM `find_group` WHERE ( 1=1 AND gid='1' ) LIMIT 1   [ RunTime:0.000247s ]
SQL: SELECT * FROM `find_group` WHERE ( 1=1 AND gid='1' ) LIMIT 1   [ RunTime:0.000248s ]
SQL: SELECT * FROM `find_group` WHERE ( 1=1 AND gid='1' ) LIMIT 1   [ RunTime:0.000234s ]
SQL: SELECT * FROM `find_group` WHERE ( 1=1 AND gid='5' ) LIMIT 1   [ RunTime:0.000243s ]
SQL: SELECT * FROM `find_group` WHERE ( 1=1 AND gid='6' ) LIMIT 1   [ RunTime:0.000243s ]
SQL: SELECT * FROM `find_group` WHERE ( 1=1 AND gid='1' ) LIMIT 1   [ RunTime:0.000241s ]
SQL: SELECT * FROM `find_group` WHERE ( 1=1 AND gid='1' ) LIMIT 1   [ RunTime:0.000241s ]
SQL: SELECT * FROM `find_group` WHERE ( 1=1 AND gid='1' ) LIMIT 1   [ RunTime:0.000284s ]
SQL: SELECT * FROM `find_group` WHERE ( 1=1 AND gid='5' ) LIMIT 1   [ RunTime:0.000283s ]
SQL: SELECT * FROM `find_group` WHERE ( 1=1 AND gid='0' ) LIMIT 1   [ RunTime:0.000277s ]
SQL: SELECT * FROM `find_group` WHERE ( 1=1 AND gid='1' ) LIMIT 1   [ RunTime:0.000306s ]
SQL: SELECT * FROM `find_group` WHERE ( 1=1 AND gid='1' ) LIMIT 1   [ RunTime:0.000284s ]
SQL: SELECT * FROM `find_group` WHERE ( 1=1 AND gid='1' ) LIMIT 1   [ RunTime:0.000261s ]
INFO: [ view_template ] --START--
INFO: Run LocationTemplate Behavior [ RunTime:0.001402s ]
INFO: [ view_template ] --END-- [ RunTime:0.001533s ]
INFO: [ view_parse ] --START--
NOTIC: [8] Use of undefined constant dianZan - assumed 'dianZan' G:\www\find\APP\Runtime\Cache\e5b19ddd3d471b21bbda02c5e4185b4b.php 第 19 行.
NOTIC: [8] Use of undefined constant index - assumed 'index' G:\www\find\APP\Runtime\Cache\e5b19ddd3d471b21bbda02c5e4185b4b.php 第 27 行.
INFO: Run ParseTemplate Behavior [ RunTime:0.018326s ]
INFO: [ view_parse ] --END-- [ RunTime:0.018455s ]
INFO: [ view_filter ] --START--
INFO: Run ContentReplace Behavior [ RunTime:0.000966s ]
INFO: Run TokenBuild Behavior [ RunTime:0.000772s ]
INFO: Run WriteHtmlCache Behavior [ RunTime:0.000699s ]
INFO: Run ShowRuntime Behavior [ RunTime:0.000934s ]
INFO: [ view_filter ] --END-- [ RunTime:0.003709s ]
INFO: [ view_end ] --START--
INFO: Run ShowPageTrace Behavior [ RunTime:0.000987s ]
INFO: [ view_end ] --END-- [ RunTime:0.001103s ]

[ 2014-10-09T20:05:57+08:00 ] 127.0.0.1 /find/index.php
INFO: [ app_begin ] --START--
INFO: Run ReadHtmlCache Behavior [ RunTime:0.001960s ]
INFO: [ app_begin ] --END-- [ RunTime:0.002154s ]
SQL: SHOW COLUMNS FROM `find_user` [ RunTime:0.004734s ]
SQL: SELECT * FROM `find_user` WHERE ( `id` = 46 ) LIMIT 1   [ RunTime:0.000534s ]
SQL: SHOW COLUMNS FROM `find_category` [ RunTime:0.004617s ]
SQL: SELECT * FROM `find_category`  [ RunTime:0.000410s ]
SQL: SHOW COLUMNS FROM `find_huati` [ RunTime:0.004603s ]
SQL: SELECT COUNT(*) AS tp_count FROM `find_huati` LIMIT 1   [ RunTime:0.000341s ]
SQL: SELECT * FROM `find_huati` ORDER BY htime desc LIMIT 0,20   [ RunTime:0.000593s ]
SQL: SHOW COLUMNS FROM `find_group` [ RunTime:0.004191s ]
SQL: SELECT * FROM `find_group` WHERE ( 1=1 AND gid='5' ) LIMIT 1   [ RunTime:0.000319s ]
SQL: SELECT * FROM `find_group` WHERE ( 1=1 AND gid='5' ) LIMIT 1   [ RunTime:0.000337s ]
SQL: SELECT * FROM `find_group` WHERE ( 1=1 AND gid='6' ) LIMIT 1   [ RunTime:0.000297s ]
SQL: SELECT * FROM `find_group` WHERE ( 1=1 AND gid='6' ) LIMIT 1   [ RunTime:0.000264s ]
SQL: SELECT * FROM `find_group` WHERE ( 1=1 AND gid='5' ) LIMIT 1   [ RunTime:0.000247s ]
SQL: SELECT * FROM `find_group` WHERE ( 1=1 AND gid='5' ) LIMIT 1   [ RunTime:0.000253s ]
SQL: SELECT * FROM `find_group` WHERE ( 1=1 AND gid='5' ) LIMIT 1   [ RunTime:0.000249s ]
SQL: SELECT * FROM `find_group` WHERE ( 1=1 AND gid='1' ) LIMIT 1   [ RunTime:0.000298s ]
SQL: SELECT * FROM `find_group` WHERE ( 1=1 AND gid='1' ) LIMIT 1   [ RunTime:0.000326s ]
SQL: SELECT * FROM `find_group` WHERE ( 1=1 AND gid='1' ) LIMIT 1   [ RunTime:0.000277s ]
SQL: SELECT * FROM `find_group` WHERE ( 1=1 AND gid='5' ) LIMIT 1   [ RunTime:0.000258s ]
SQL: SELECT * FROM `find_group` WHERE ( 1=1 AND gid='6' ) LIMIT 1   [ RunTime:0.000253s ]
SQL: SELECT * FROM `find_group` WHERE ( 1=1 AND gid='1' ) LIMIT 1   [ RunTime:0.000253s ]
SQL: SELECT * FROM `find_group` WHERE ( 1=1 AND gid='1' ) LIMIT 1   [ RunTime:0.000250s ]
SQL: SELECT * FROM `find_group` WHERE ( 1=1 AND gid='1' ) LIMIT 1   [ RunTime:0.000237s ]
SQL: SELECT * FROM `find_group` WHERE ( 1=1 AND gid='5' ) LIMIT 1   [ RunTime:0.000259s ]
SQL: SELECT * FROM `find_group` WHERE ( 1=1 AND gid='0' ) LIMIT 1   [ RunTime:0.000226s ]
SQL: SELECT * FROM `find_group` WHERE ( 1=1 AND gid='1' ) LIMIT 1   [ RunTime:0.000244s ]
SQL: SELECT * FROM `find_group` WHERE ( 1=1 AND gid='1' ) LIMIT 1   [ RunTime:0.000245s ]
SQL: SELECT * FROM `find_group` WHERE ( 1=1 AND gid='1' ) LIMIT 1   [ RunTime:0.000234s ]
INFO: [ view_template ] --START--
INFO: Run LocationTemplate Behavior [ RunTime:0.001842s ]
INFO: [ view_template ] --END-- [ RunTime:0.001982s ]
INFO: [ view_parse ] --START--
NOTIC: [8] Use of undefined constant dianZan - assumed 'dianZan' G:\www\find\APP\Runtime\Cache\e5b19ddd3d471b21bbda02c5e4185b4b.php 第 19 行.
NOTIC: [8] Use of undefined constant index - assumed 'index' G:\www\find\APP\Runtime\Cache\e5b19ddd3d471b21bbda02c5e4185b4b.php 第 27 行.
INFO: Run ParseTemplate Behavior [ RunTime:0.018545s ]
INFO: [ view_parse ] --END-- [ RunTime:0.018679s ]
INFO: [ view_filter ] --START--
INFO: Run ContentReplace Behavior [ RunTime:0.001094s ]
INFO: Run TokenBuild Behavior [ RunTime:0.000961s ]
INFO: Run WriteHtmlCache Behavior [ RunTime:0.000809s ]
INFO: Run ShowRuntime Behavior [ RunTime:0.001070s ]
INFO: [ view_filter ] --END-- [ RunTime:0.004275s ]
INFO: [ view_end ] --START--
INFO: Run ShowPageTrace Behavior [ RunTime:0.001127s ]
INFO: [ view_end ] --END-- [ RunTime:0.001247s ]

[ 2014-10-09T20:05:59+08:00 ] 127.0.0.1 /find/index.php/Group/index/gid/5
INFO: [ route_check ] --START--
INFO: Run CheckRoute Behavior [ RunTime:0.001327s ]
INFO: [ route_check ] --END-- [ RunTime:0.001465s ]
INFO: [ app_begin ] --START--
INFO: Run ReadHtmlCache Behavior [ RunTime:0.001015s ]
INFO: [ app_begin ] --END-- [ RunTime:0.001152s ]
SQL: SHOW COLUMNS FROM `find_user` [ RunTime:0.005761s ]
SQL: SELECT * FROM `find_user` WHERE ( `id` = 46 ) LIMIT 1   [ RunTime:0.000355s ]
SQL: SHOW COLUMNS FROM `find_category` [ RunTime:0.004265s ]
SQL: SELECT * FROM `find_category`  [ RunTime:0.000291s ]
SQL: SHOW COLUMNS FROM `find_group` [ RunTime:0.004541s ]
SQL: SELECT * FROM `find_group` WHERE ( `gid` = 5 ) LIMIT 1   [ RunTime:0.000349s ]
SQL: SHOW COLUMNS FROM `find_huati` [ RunTime:0.004332s ]
SQL: SELECT COUNT(*) AS tp_count FROM `find_huati` LIMIT 1   [ RunTime:0.000313s ]
SQL: SELECT * FROM `find_huati` WHERE ( `gid` = 5 ) ORDER BY htime desc LIMIT 0,5   [ RunTime:0.000409s ]
INFO: [ view_template ] --START--
INFO: Run LocationTemplate Behavior [ RunTime:0.001453s ]
INFO: [ view_template ] --END-- [ RunTime:0.001585s ]
INFO: [ view_parse ] --START--
NOTIC: [8] Use of undefined constant addHuati - assumed 'addHuati' G:\www\find\APP\Runtime\Cache\c5d2135988943b3878092a0e7cd8c23f.php 第 20 行.
NOTIC: [8] Use of undefined constant index - assumed 'index' G:\www\find\APP\Runtime\Cache\c5d2135988943b3878092a0e7cd8c23f.php 第 29 行.
INFO: Run ParseTemplate Behavior [ RunTime:0.017492s ]
INFO: [ view_parse ] --END-- [ RunTime:0.017624s ]
INFO: [ view_filter ] --START--
INFO: Run ContentReplace Behavior [ RunTime:0.000868s ]
INFO: Run TokenBuild Behavior [ RunTime:0.000822s ]
INFO: Run WriteHtmlCache Behavior [ RunTime:0.000663s ]
INFO: Run ShowRuntime Behavior [ RunTime:0.000932s ]
INFO: [ view_filter ] --END-- [ RunTime:0.003624s ]
INFO: [ view_end ] --START--
INFO: Run ShowPageTrace Behavior [ RunTime:0.001018s ]
INFO: [ view_end ] --END-- [ RunTime:0.001136s ]

[ 2014-10-09T20:06:00+08:00 ] 127.0.0.1 /find/index.php/Group/index/gid/5
INFO: [ route_check ] --START--
INFO: Run CheckRoute Behavior [ RunTime:0.001408s ]
INFO: [ route_check ] --END-- [ RunTime:0.001552s ]
INFO: [ app_begin ] --START--
INFO: Run ReadHtmlCache Behavior [ RunTime:0.000957s ]
INFO: [ app_begin ] --END-- [ RunTime:0.001082s ]
SQL: SHOW COLUMNS FROM `find_user` [ RunTime:0.004834s ]
SQL: SELECT * FROM `find_user` WHERE ( `id` = 46 ) LIMIT 1   [ RunTime:0.000367s ]
SQL: SHOW COLUMNS FROM `find_category` [ RunTime:0.004105s ]
SQL: SELECT * FROM `find_category`  [ RunTime:0.000294s ]
SQL: SHOW COLUMNS FROM `find_group` [ RunTime:0.016919s ]
SQL: SELECT * FROM `find_group` WHERE ( `gid` = 5 ) LIMIT 1   [ RunTime:0.000346s ]
SQL: SHOW COLUMNS FROM `find_huati` [ RunTime:0.004736s ]
SQL: SELECT COUNT(*) AS tp_count FROM `find_huati` LIMIT 1   [ RunTime:0.000331s ]
SQL: SELECT * FROM `find_huati` WHERE ( `gid` = 5 ) ORDER BY htime desc LIMIT 0,5   [ RunTime:0.000410s ]
INFO: [ view_template ] --START--
INFO: Run LocationTemplate Behavior [ RunTime:0.001454s ]
INFO: [ view_template ] --END-- [ RunTime:0.001593s ]
INFO: [ view_parse ] --START--
NOTIC: [8] Use of undefined constant addHuati - assumed 'addHuati' G:\www\find\APP\Runtime\Cache\c5d2135988943b3878092a0e7cd8c23f.php 第 20 行.
NOTIC: [8] Use of undefined constant index - assumed 'index' G:\www\find\APP\Runtime\Cache\c5d2135988943b3878092a0e7cd8c23f.php 第 29 行.
INFO: Run ParseTemplate Behavior [ RunTime:0.019136s ]
INFO: [ view_parse ] --END-- [ RunTime:0.019277s ]
INFO: [ view_filter ] --START--
INFO: Run ContentReplace Behavior [ RunTime:0.000890s ]
INFO: Run TokenBuild Behavior [ RunTime:0.000857s ]
INFO: Run WriteHtmlCache Behavior [ RunTime:0.000681s ]
INFO: Run ShowRuntime Behavior [ RunTime:0.000946s ]
INFO: [ view_filter ] --END-- [ RunTime:0.003751s ]
INFO: [ view_end ] --START--
INFO: Run ShowPageTrace Behavior [ RunTime:0.001024s ]
INFO: [ view_end ] --END-- [ RunTime:0.001152s ]

[ 2014-10-09T20:06:02+08:00 ] 127.0.0.1 /find/index.php/Member/index
INFO: [ route_check ] --START--
INFO: Run CheckRoute Behavior [ RunTime:0.001261s ]
INFO: [ route_check ] --END-- [ RunTime:0.001404s ]
INFO: [ app_begin ] --START--
INFO: Run ReadHtmlCache Behavior [ RunTime:0.000872s ]
INFO: [ app_begin ] --END-- [ RunTime:0.001006s ]
SQL: SHOW COLUMNS FROM `find_user` [ RunTime:0.005297s ]
SQL: SELECT * FROM `find_user` WHERE ( `id` = 46 ) LIMIT 1   [ RunTime:0.000363s ]
SQL: SHOW COLUMNS FROM `find_category` [ RunTime:0.004016s ]
SQL: SELECT * FROM `find_category`  [ RunTime:0.000294s ]
SQL: SHOW COLUMNS FROM `find_group` [ RunTime:0.004013s ]
SQL: SELECT * FROM `find_group` WHERE ( `uid` = 46 )  [ RunTime:0.000338s ]
INFO: [ view_template ] --START--
INFO: Run LocationTemplate Behavior [ RunTime:0.001187s ]
INFO: [ view_template ] --END-- [ RunTime:0.001316s ]
INFO: [ view_parse ] --START--
NOTIC: [8] Use of undefined constant checkGroup - assumed 'checkGroup' G:\www\find\APP\Runtime\Cache\0b3707b7e303f2c6deb8da69852d9ce3.php 第 19 行.
NOTIC: [8] Use of undefined constant addGroup - assumed 'addGroup' G:\www\find\APP\Runtime\Cache\0b3707b7e303f2c6deb8da69852d9ce3.php 第 20 行.
NOTIC: [8] Use of undefined constant index - assumed 'index' G:\www\find\APP\Runtime\Cache\0b3707b7e303f2c6deb8da69852d9ce3.php 第 28 行.
INFO: Run ParseTemplate Behavior [ RunTime:0.015862s ]
INFO: [ view_parse ] --END-- [ RunTime:0.015998s ]
INFO: [ view_filter ] --START--
INFO: Run ContentReplace Behavior [ RunTime:0.000784s ]
INFO: Run TokenBuild Behavior [ RunTime:0.000714s ]
INFO: Run WriteHtmlCache Behavior [ RunTime:0.000567s ]
INFO: Run ShowRuntime Behavior [ RunTime:0.000819s ]
INFO: [ view_filter ] --END-- [ RunTime:0.003221s ]
INFO: [ view_end ] --START--
INFO: Run ShowPageTrace Behavior [ RunTime:0.000885s ]
INFO: [ view_end ] --END-- [ RunTime:0.000996s ]

[ 2014-10-09T20:06:03+08:00 ] 127.0.0.1 /find/index.php/Member/index
INFO: [ route_check ] --START--
INFO: Run CheckRoute Behavior [ RunTime:0.001632s ]
INFO: [ route_check ] --END-- [ RunTime:0.001856s ]
INFO: [ app_begin ] --START--
INFO: Run ReadHtmlCache Behavior [ RunTime:0.001280s ]
INFO: [ app_begin ] --END-- [ RunTime:0.001495s ]
SQL: SHOW COLUMNS FROM `find_user` [ RunTime:0.004522s ]
SQL: SELECT * FROM `find_user` WHERE ( `id` = 46 ) LIMIT 1   [ RunTime:0.000361s ]
SQL: SHOW COLUMNS FROM `find_category` [ RunTime:0.005808s ]
SQL: SELECT * FROM `find_category`  [ RunTime:0.000426s ]
SQL: SHOW COLUMNS FROM `find_group` [ RunTime:0.004471s ]
SQL: SELECT * FROM `find_group` WHERE ( `uid` = 46 )  [ RunTime:0.000351s ]
INFO: [ view_template ] --START--
INFO: Run LocationTemplate Behavior [ RunTime:0.000741s ]
INFO: [ view_template ] --END-- [ RunTime:0.000868s ]
INFO: [ view_parse ] --START--
NOTIC: [8] Use of undefined constant checkGroup - assumed 'checkGroup' G:\www\find\APP\Runtime\Cache\0b3707b7e303f2c6deb8da69852d9ce3.php 第 19 行.
NOTIC: [8] Use of undefined constant addGroup - assumed 'addGroup' G:\www\find\APP\Runtime\Cache\0b3707b7e303f2c6deb8da69852d9ce3.php 第 20 行.
NOTIC: [8] Use of undefined constant index - assumed 'index' G:\www\find\APP\Runtime\Cache\0b3707b7e303f2c6deb8da69852d9ce3.php 第 28 行.
INFO: Run ParseTemplate Behavior [ RunTime:0.014828s ]
INFO: [ view_parse ] --END-- [ RunTime:0.014959s ]
INFO: [ view_filter ] --START--
INFO: Run ContentReplace Behavior [ RunTime:0.000643s ]
INFO: Run TokenBuild Behavior [ RunTime:0.000770s ]
INFO: Run WriteHtmlCache Behavior [ RunTime:0.000650s ]
INFO: Run ShowRuntime Behavior [ RunTime:0.000886s ]
INFO: [ view_filter ] --END-- [ RunTime:0.003369s ]
INFO: [ view_end ] --START--
INFO: Run ShowPageTrace Behavior [ RunTime:0.001165s ]
INFO: [ view_end ] --END-- [ RunTime:0.001330s ]

[ 2014-10-09T20:06:04+08:00 ] 127.0.0.1 /find/index.php/Member/index
INFO: [ route_check ] --START--
INFO: Run CheckRoute Behavior [ RunTime:0.003587s ]
INFO: [ route_check ] --END-- [ RunTime:0.003747s ]
INFO: [ app_begin ] --START--
INFO: Run ReadHtmlCache Behavior [ RunTime:0.001060s ]
INFO: [ app_begin ] --END-- [ RunTime:0.001197s ]
SQL: SHOW COLUMNS FROM `find_user` [ RunTime:0.004521s ]
SQL: SELECT * FROM `find_user` WHERE ( `id` = 46 ) LIMIT 1   [ RunTime:0.000349s ]
SQL: SHOW COLUMNS FROM `find_category` [ RunTime:0.004028s ]
SQL: SELECT * FROM `find_category`  [ RunTime:0.000395s ]
SQL: SHOW COLUMNS FROM `find_group` [ RunTime:0.004597s ]
SQL: SELECT * FROM `find_group` WHERE ( `uid` = 46 )  [ RunTime:0.000354s ]
INFO: [ view_template ] --START--
INFO: Run LocationTemplate Behavior [ RunTime:0.001458s ]
INFO: [ view_template ] --END-- [ RunTime:0.001600s ]
INFO: [ view_parse ] --START--
NOTIC: [8] Use of undefined constant checkGroup - assumed 'checkGroup' G:\www\find\APP\Runtime\Cache\0b3707b7e303f2c6deb8da69852d9ce3.php 第 19 行.
NOTIC: [8] Use of undefined constant addGroup - assumed 'addGroup' G:\www\find\APP\Runtime\Cache\0b3707b7e303f2c6deb8da69852d9ce3.php 第 20 行.
NOTIC: [8] Use of undefined constant index - assumed 'index' G:\www\find\APP\Runtime\Cache\0b3707b7e303f2c6deb8da69852d9ce3.php 第 28 行.
INFO: Run ParseTemplate Behavior [ RunTime:0.016834s ]
INFO: [ view_parse ] --END-- [ RunTime:0.016981s ]
INFO: [ view_filter ] --START--
INFO: Run ContentReplace Behavior [ RunTime:0.001075s ]
INFO: Run TokenBuild Behavior [ RunTime:0.000914s ]
INFO: Run WriteHtmlCache Behavior [ RunTime:0.000686s ]
INFO: Run ShowRuntime Behavior [ RunTime:0.000944s ]
INFO: [ view_filter ] --END-- [ RunTime:0.003976s ]
INFO: [ view_end ] --START--
INFO: Run ShowPageTrace Behavior [ RunTime:0.000987s ]
INFO: [ view_end ] --END-- [ RunTime:0.001107s ]

[ 2014-10-09T20:06:04+08:00 ] 127.0.0.1 /find/index.php/Member/index
INFO: [ route_check ] --START--
INFO: Run CheckRoute Behavior [ RunTime:0.000990s ]
INFO: [ route_check ] --END-- [ RunTime:0.001126s ]
INFO: [ app_begin ] --START--
INFO: Run ReadHtmlCache Behavior [ RunTime:0.000743s ]
INFO: [ app_begin ] --END-- [ RunTime:0.000871s ]
SQL: SHOW COLUMNS FROM `find_user` [ RunTime:0.005284s ]
SQL: SELECT * FROM `find_user` WHERE ( `id` = 46 ) LIMIT 1   [ RunTime:0.000373s ]
SQL: SHOW COLUMNS FROM `find_category` [ RunTime:0.004344s ]
SQL: SELECT * FROM `find_category`  [ RunTime:0.000280s ]
SQL: SHOW COLUMNS FROM `find_group` [ RunTime:0.004399s ]
SQL: SELECT * FROM `find_group` WHERE ( `uid` = 46 )  [ RunTime:0.000342s ]
INFO: [ view_template ] --START--
INFO: Run LocationTemplate Behavior [ RunTime:0.000772s ]
INFO: [ view_template ] --END-- [ RunTime:0.000904s ]
INFO: [ view_parse ] --START--
NOTIC: [8] Use of undefined constant checkGroup - assumed 'checkGroup' G:\www\find\APP\Runtime\Cache\0b3707b7e303f2c6deb8da69852d9ce3.php 第 19 行.
NOTIC: [8] Use of undefined constant addGroup - assumed 'addGroup' G:\www\find\APP\Runtime\Cache\0b3707b7e303f2c6deb8da69852d9ce3.php 第 20 行.
NOTIC: [8] Use of undefined constant index - assumed 'index' G:\www\find\APP\Runtime\Cache\0b3707b7e303f2c6deb8da69852d9ce3.php 第 28 行.
INFO: Run ParseTemplate Behavior [ RunTime:0.015170s ]
INFO: [ view_parse ] --END-- [ RunTime:0.015303s ]
INFO: [ view_filter ] --START--
INFO: Run ContentReplace Behavior [ RunTime:0.000676s ]
INFO: Run TokenBuild Behavior [ RunTime:0.000621s ]
INFO: Run WriteHtmlCache Behavior [ RunTime:0.000453s ]
INFO: Run ShowRuntime Behavior [ RunTime:0.001742s ]
INFO: [ view_filter ] --END-- [ RunTime:0.003867s ]
INFO: [ view_end ] --START--
INFO: Run ShowPageTrace Behavior [ RunTime:0.001211s ]
INFO: [ view_end ] --END-- [ RunTime:0.001351s ]

[ 2014-10-09T20:06:05+08:00 ] 127.0.0.1 /find/index.php
INFO: [ app_begin ] --START--
INFO: Run ReadHtmlCache Behavior [ RunTime:0.000987s ]
INFO: [ app_begin ] --END-- [ RunTime:0.001130s ]
SQL: SHOW COLUMNS FROM `find_user` [ RunTime:0.030701s ]
SQL: SELECT * FROM `find_user` WHERE ( `id` = 46 ) LIMIT 1   [ RunTime:0.001309s ]
SQL: SHOW COLUMNS FROM `find_category` [ RunTime:0.015085s ]
SQL: SELECT * FROM `find_category`  [ RunTime:0.000543s ]
SQL: SHOW COLUMNS FROM `find_huati` [ RunTime:0.006402s ]
SQL: SELECT COUNT(*) AS tp_count FROM `find_huati` LIMIT 1   [ RunTime:0.000626s ]
SQL: SELECT * FROM `find_huati` ORDER BY htime desc LIMIT 0,20   [ RunTime:0.000799s ]
SQL: SHOW COLUMNS FROM `find_group` [ RunTime:0.006039s ]
SQL: SELECT * FROM `find_group` WHERE ( 1=1 AND gid='5' ) LIMIT 1   [ RunTime:0.000429s ]
SQL: SELECT * FROM `find_group` WHERE ( 1=1 AND gid='5' ) LIMIT 1   [ RunTime:0.000358s ]
SQL: SELECT * FROM `find_group` WHERE ( 1=1 AND gid='6' ) LIMIT 1   [ RunTime:0.000258s ]
SQL: SELECT * FROM `find_group` WHERE ( 1=1 AND gid='6' ) LIMIT 1   [ RunTime:0.000258s ]
SQL: SELECT * FROM `find_group` WHERE ( 1=1 AND gid='5' ) LIMIT 1   [ RunTime:0.000238s ]
SQL: SELECT * FROM `find_group` WHERE ( 1=1 AND gid='5' ) LIMIT 1   [ RunTime:0.000294s ]
SQL: SELECT * FROM `find_group` WHERE ( 1=1 AND gid='5' ) LIMIT 1   [ RunTime:0.000268s ]
SQL: SELECT * FROM `find_group` WHERE ( 1=1 AND gid='1' ) LIMIT 1   [ RunTime:0.000254s ]
SQL: SELECT * FROM `find_group` WHERE ( 1=1 AND gid='1' ) LIMIT 1   [ RunTime:0.000303s ]
SQL: SELECT * FROM `find_group` WHERE ( 1=1 AND gid='1' ) LIMIT 1   [ RunTime:0.000273s ]
SQL: SELECT * FROM `find_group` WHERE ( 1=1 AND gid='5' ) LIMIT 1   [ RunTime:0.000254s ]
SQL: SELECT * FROM `find_group` WHERE ( 1=1 AND gid='6' ) LIMIT 1   [ RunTime:0.000249s ]
SQL: SELECT * FROM `find_group` WHERE ( 1=1 AND gid='1' ) LIMIT 1   [ RunTime:0.000246s ]
SQL: SELECT * FROM `find_group` WHERE ( 1=1 AND gid='1' ) LIMIT 1   [ RunTime:0.000245s ]
SQL: SELECT * FROM `find_group` WHERE ( 1=1 AND gid='1' ) LIMIT 1   [ RunTime:0.000235s ]
SQL: SELECT * FROM `find_group` WHERE ( 1=1 AND gid='5' ) LIMIT 1   [ RunTime:0.000250s ]
SQL: SELECT * FROM `find_group` WHERE ( 1=1 AND gid='0' ) LIMIT 1   [ RunTime:0.000229s ]
SQL: SELECT * FROM `find_group` WHERE ( 1=1 AND gid='1' ) LIMIT 1   [ RunTime:0.000243s ]
SQL: SELECT * FROM `find_group` WHERE ( 1=1 AND gid='1' ) LIMIT 1   [ RunTime:0.000244s ]
SQL: SELECT * FROM `find_group` WHERE ( 1=1 AND gid='1' ) LIMIT 1   [ RunTime:0.000239s ]
INFO: [ view_template ] --START--
INFO: Run LocationTemplate Behavior [ RunTime:0.001272s ]
INFO: [ view_template ] --END-- [ RunTime:0.001403s ]
INFO: [ view_parse ] --START--
NOTIC: [8] Use of undefined constant dianZan - assumed 'dianZan' G:\www\find\APP\Runtime\Cache\e5b19ddd3d471b21bbda02c5e4185b4b.php 第 19 行.
NOTIC: [8] Use of undefined constant index - assumed 'index' G:\www\find\APP\Runtime\Cache\e5b19ddd3d471b21bbda02c5e4185b4b.php 第 27 行.
INFO: Run ParseTemplate Behavior [ RunTime:0.017603s ]
INFO: [ view_parse ] --END-- [ RunTime:0.017735s ]
INFO: [ view_filter ] --START--
INFO: Run ContentReplace Behavior [ RunTime:0.001055s ]
INFO: Run TokenBuild Behavior [ RunTime:0.000829s ]
INFO: Run WriteHtmlCache Behavior [ RunTime:0.000640s ]
INFO: Run ShowRuntime Behavior [ RunTime:0.000954s ]
INFO: [ view_filter ] --END-- [ RunTime:0.003807s ]
INFO: [ view_end ] --START--
INFO: Run ShowPageTrace Behavior [ RunTime:0.001027s ]
INFO: [ view_end ] --END-- [ RunTime:0.001154s ]

[ 2014-10-09T20:06:06+08:00 ] 127.0.0.1 /find/index.php
INFO: [ app_begin ] --START--
INFO: Run ReadHtmlCache Behavior [ RunTime:0.001009s ]
INFO: [ app_begin ] --END-- [ RunTime:0.001156s ]
SQL: SHOW COLUMNS FROM `find_user` [ RunTime:0.004366s ]
SQL: SELECT * FROM `find_user` WHERE ( `id` = 46 ) LIMIT 1   [ RunTime:0.000396s ]
SQL: SHOW COLUMNS FROM `find_category` [ RunTime:0.004292s ]
SQL: SELECT * FROM `find_category`  [ RunTime:0.000375s ]
SQL: SHOW COLUMNS FROM `find_huati` [ RunTime:0.004461s ]
SQL: SELECT COUNT(*) AS tp_count FROM `find_huati` LIMIT 1   [ RunTime:0.000311s ]
SQL: SELECT * FROM `find_huati` ORDER BY htime desc LIMIT 0,20   [ RunTime:0.000528s ]
SQL: SHOW COLUMNS FROM `find_group` [ RunTime:0.004554s ]
SQL: SELECT * FROM `find_group` WHERE ( 1=1 AND gid='5' ) LIMIT 1   [ RunTime:0.000324s ]
SQL: SELECT * FROM `find_group` WHERE ( 1=1 AND gid='5' ) LIMIT 1   [ RunTime:0.000257s ]
SQL: SELECT * FROM `find_group` WHERE ( 1=1 AND gid='6' ) LIMIT 1   [ RunTime:0.000266s ]
SQL: SELECT * FROM `find_group` WHERE ( 1=1 AND gid='6' ) LIMIT 1   [ RunTime:0.000256s ]
SQL: SELECT * FROM `find_group` WHERE ( 1=1 AND gid='5' ) LIMIT 1   [ RunTime:0.000241s ]
SQL: SELECT * FROM `find_group` WHERE ( 1=1 AND gid='5' ) LIMIT 1   [ RunTime:0.000250s ]
SQL: SELECT * FROM `find_group` WHERE ( 1=1 AND gid='5' ) LIMIT 1   [ RunTime:0.000248s ]
SQL: SELECT * FROM `find_group` WHERE ( 1=1 AND gid='1' ) LIMIT 1   [ RunTime:0.000246s ]
SQL: SELECT * FROM `find_group` WHERE ( 1=1 AND gid='1' ) LIMIT 1   [ RunTime:0.000246s ]
SQL: SELECT * FROM `find_group` WHERE ( 1=1 AND gid='1' ) LIMIT 1   [ RunTime:0.000233s ]
SQL: SELECT * FROM `find_group` WHERE ( 1=1 AND gid='5' ) LIMIT 1   [ RunTime:0.000244s ]
SQL: SELECT * FROM `find_group` WHERE ( 1=1 AND gid='6' ) LIMIT 1   [ RunTime:0.000244s ]
SQL: SELECT * FROM `find_group` WHERE ( 1=1 AND gid='1' ) LIMIT 1   [ RunTime:0.000250s ]
SQL: SELECT * FROM `find_group` WHERE ( 1=1 AND gid='1' ) LIMIT 1   [ RunTime:0.000244s ]
SQL: SELECT * FROM `find_group` WHERE ( 1=1 AND gid='1' ) LIMIT 1   [ RunTime:0.000236s ]
SQL: SELECT * FROM `find_group` WHERE ( 1=1 AND gid='5' ) LIMIT 1   [ RunTime:0.000322s ]
SQL: SELECT * FROM `find_group` WHERE ( 1=1 AND gid='0' ) LIMIT 1   [ RunTime:0.000252s ]
SQL: SELECT * FROM `find_group` WHERE ( 1=1 AND gid='1' ) LIMIT 1   [ RunTime:0.000264s ]
SQL: SELECT * FROM `find_group` WHERE ( 1=1 AND gid='1' ) LIMIT 1   [ RunTime:0.000254s ]
SQL: SELECT * FROM `find_group` WHERE ( 1=1 AND gid='1' ) LIMIT 1   [ RunTime:0.000250s ]
INFO: [ view_template ] --START--
INFO: Run LocationTemplate Behavior [ RunTime:0.001183s ]
INFO: [ view_template ] --END-- [ RunTime:0.001311s ]
INFO: [ view_parse ] --START--
NOTIC: [8] Use of undefined constant dianZan - assumed 'dianZan' G:\www\find\APP\Runtime\Cache\e5b19ddd3d471b21bbda02c5e4185b4b.php 第 19 行.
NOTIC: [8] Use of undefined constant index - assumed 'index' G:\www\find\APP\Runtime\Cache\e5b19ddd3d471b21bbda02c5e4185b4b.php 第 27 行.
INFO: Run ParseTemplate Behavior [ RunTime:0.020095s ]
INFO: [ view_parse ] --END-- [ RunTime:0.020224s ]
INFO: [ view_filter ] --START--
INFO: Run ContentReplace Behavior [ RunTime:0.000975s ]
INFO: Run TokenBuild Behavior [ RunTime:0.000785s ]
INFO: Run WriteHtmlCache Behavior [ RunTime:0.000631s ]
INFO: Run ShowRuntime Behavior [ RunTime:0.000940s ]
INFO: [ view_filter ] --END-- [ RunTime:0.003649s ]
INFO: [ view_end ] --START--
INFO: Run ShowPageTrace Behavior [ RunTime:0.000993s ]
INFO: [ view_end ] --END-- [ RunTime:0.001113s ]

[ 2014-10-09T20:06:08+08:00 ] 127.0.0.1 /find/index.php
INFO: [ app_begin ] --START--
INFO: Run ReadHtmlCache Behavior [ RunTime:0.001102s ]
INFO: [ app_begin ] --END-- [ RunTime:0.001234s ]
SQL: SHOW COLUMNS FROM `find_user` [ RunTime:0.004763s ]
SQL: SELECT * FROM `find_user` WHERE ( `id` = 46 ) LIMIT 1   [ RunTime:0.000356s ]
SQL: SHOW COLUMNS FROM `find_category` [ RunTime:0.004281s ]
SQL: SELECT * FROM `find_category`  [ RunTime:0.000301s ]
SQL: SHOW COLUMNS FROM `find_huati` [ RunTime:0.004628s ]
SQL: SELECT COUNT(*) AS tp_count FROM `find_huati` LIMIT 1   [ RunTime:0.000344s ]
SQL: SELECT * FROM `find_huati` ORDER BY htime desc LIMIT 0,20   [ RunTime:0.000534s ]
SQL: SHOW COLUMNS FROM `find_group` [ RunTime:0.004172s ]
SQL: SELECT * FROM `find_group` WHERE ( 1=1 AND gid='5' ) LIMIT 1   [ RunTime:0.000352s ]
SQL: SELECT * FROM `find_group` WHERE ( 1=1 AND gid='5' ) LIMIT 1   [ RunTime:0.000277s ]
SQL: SELECT * FROM `find_group` WHERE ( 1=1 AND gid='6' ) LIMIT 1   [ RunTime:0.000271s ]
SQL: SELECT * FROM `find_group` WHERE ( 1=1 AND gid='6' ) LIMIT 1   [ RunTime:0.000258s ]
SQL: SELECT * FROM `find_group` WHERE ( 1=1 AND gid='5' ) LIMIT 1   [ RunTime:0.000248s ]
SQL: SELECT * FROM `find_group` WHERE ( 1=1 AND gid='5' ) LIMIT 1   [ RunTime:0.000261s ]
SQL: SELECT * FROM `find_group` WHERE ( 1=1 AND gid='5' ) LIMIT 1   [ RunTime:0.000264s ]
SQL: SELECT * FROM `find_group` WHERE ( 1=1 AND gid='1' ) LIMIT 1   [ RunTime:0.000253s ]
SQL: SELECT * FROM `find_group` WHERE ( 1=1 AND gid='1' ) LIMIT 1   [ RunTime:0.000253s ]
SQL: SELECT * FROM `find_group` WHERE ( 1=1 AND gid='1' ) LIMIT 1   [ RunTime:0.000240s ]
SQL: SELECT * FROM `find_group` WHERE ( 1=1 AND gid='5' ) LIMIT 1   [ RunTime:0.000250s ]
SQL: SELECT * FROM `find_group` WHERE ( 1=1 AND gid='6' ) LIMIT 1   [ RunTime:0.000261s ]
SQL: SELECT * FROM `find_group` WHERE ( 1=1 AND gid='1' ) LIMIT 1   [ RunTime:0.000358s ]
SQL: SELECT * FROM `find_group` WHERE ( 1=1 AND gid='1' ) LIMIT 1   [ RunTime:0.000284s ]
SQL: SELECT * FROM `find_group` WHERE ( 1=1 AND gid='1' ) LIMIT 1   [ RunTime:0.000263s ]
SQL: SELECT * FROM `find_group` WHERE ( 1=1 AND gid='5' ) LIMIT 1   [ RunTime:0.000332s ]
SQL: SELECT * FROM `find_group` WHERE ( 1=1 AND gid='0' ) LIMIT 1   [ RunTime:0.000392s ]
SQL: SELECT * FROM `find_group` WHERE ( 1=1 AND gid='1' ) LIMIT 1   [ RunTime:0.000407s ]
SQL: SELECT * FROM `find_group` WHERE ( 1=1 AND gid='1' ) LIMIT 1   [ RunTime:0.000300s ]
SQL: SELECT * FROM `find_group` WHERE ( 1=1 AND gid='1' ) LIMIT 1   [ RunTime:0.000295s ]
INFO: [ view_template ] --START--
INFO: Run LocationTemplate Behavior [ RunTime:0.002168s ]
INFO: [ view_template ] --END-- [ RunTime:0.002326s ]
INFO: [ view_parse ] --START--
NOTIC: [8] Use of undefined constant dianZan - assumed 'dianZan' G:\www\find\APP\Runtime\Cache\e5b19ddd3d471b21bbda02c5e4185b4b.php 第 19 行.
NOTIC: [8] Use of undefined constant index - assumed 'index' G:\www\find\APP\Runtime\Cache\e5b19ddd3d471b21bbda02c5e4185b4b.php 第 27 行.
INFO: Run ParseTemplate Behavior [ RunTime:0.018388s ]
INFO: [ view_parse ] --END-- [ RunTime:0.018523s ]
INFO: [ view_filter ] --START--
INFO: Run ContentReplace Behavior [ RunTime:0.001087s ]
INFO: Run TokenBuild Behavior [ RunTime:0.000958s ]
INFO: Run WriteHtmlCache Behavior [ RunTime:0.000857s ]
INFO: Run ShowRuntime Behavior [ RunTime:0.001137s ]
INFO: [ view_filter ] --END-- [ RunTime:0.004402s ]
INFO: [ view_end ] --START--
INFO: Run ShowPageTrace Behavior [ RunTime:0.001273s ]
INFO: [ view_end ] --END-- [ RunTime:0.001415s ]

[ 2014-10-09T20:06:09+08:00 ] 127.0.0.1 /find/index.php/Group/index/gid/5
INFO: [ route_check ] --START--
INFO: Run CheckRoute Behavior [ RunTime:0.001333s ]
INFO: [ route_check ] --END-- [ RunTime:0.001544s ]
INFO: [ app_begin ] --START--
INFO: Run ReadHtmlCache Behavior [ RunTime:0.000921s ]
INFO: [ app_begin ] --END-- [ RunTime:0.001058s ]
SQL: SHOW COLUMNS FROM `find_user` [ RunTime:0.005228s ]
SQL: SELECT * FROM `find_user` WHERE ( `id` = 46 ) LIMIT 1   [ RunTime:0.000443s ]
SQL: SHOW COLUMNS FROM `find_category` [ RunTime:0.004198s ]
SQL: SELECT * FROM `find_category`  [ RunTime:0.000296s ]
SQL: SHOW COLUMNS FROM `find_group` [ RunTime:0.004142s ]
SQL: SELECT * FROM `find_group` WHERE ( `gid` = 5 ) LIMIT 1   [ RunTime:0.000324s ]
SQL: SHOW COLUMNS FROM `find_huati` [ RunTime:0.004581s ]
SQL: SELECT COUNT(*) AS tp_count FROM `find_huati` LIMIT 1   [ RunTime:0.000319s ]
SQL: SELECT * FROM `find_huati` WHERE ( `gid` = 5 ) ORDER BY htime desc LIMIT 0,5   [ RunTime:0.000414s ]
INFO: [ view_template ] --START--
INFO: Run LocationTemplate Behavior [ RunTime:0.000960s ]
INFO: [ view_template ] --END-- [ RunTime:0.001090s ]
INFO: [ view_parse ] --START--
NOTIC: [8] Use of undefined constant addHuati - assumed 'addHuati' G:\www\find\APP\Runtime\Cache\c5d2135988943b3878092a0e7cd8c23f.php 第 20 行.
NOTIC: [8] Use of undefined constant index - assumed 'index' G:\www\find\APP\Runtime\Cache\c5d2135988943b3878092a0e7cd8c23f.php 第 29 行.
INFO: Run ParseTemplate Behavior [ RunTime:0.015168s ]
INFO: [ view_parse ] --END-- [ RunTime:0.015300s ]
INFO: [ view_filter ] --START--
INFO: Run ContentReplace Behavior [ RunTime:0.000688s ]
INFO: Run TokenBuild Behavior [ RunTime:0.000609s ]
INFO: Run WriteHtmlCache Behavior [ RunTime:0.000452s ]
INFO: Run ShowRuntime Behavior [ RunTime:0.000726s ]
INFO: [ view_filter ] --END-- [ RunTime:0.002810s ]
INFO: [ view_end ] --START--
INFO: Run ShowPageTrace Behavior [ RunTime:0.000840s ]
INFO: [ view_end ] --END-- [ RunTime:0.000956s ]

[ 2014-10-09T20:06:13+08:00 ] 127.0.0.1 /find/index.php/Group/addHuati
INFO: [ route_check ] --START--
INFO: Run CheckRoute Behavior [ RunTime:0.001575s ]
INFO: [ route_check ] --END-- [ RunTime:0.001787s ]
INFO: [ app_begin ] --START--
INFO: Run ReadHtmlCache Behavior [ RunTime:0.001271s ]
INFO: [ app_begin ] --END-- [ RunTime:0.001451s ]
SQL: SHOW COLUMNS FROM `find_user` [ RunTime:0.007208s ]
SQL: SELECT * FROM `find_user` WHERE ( `id` = 46 ) LIMIT 1   [ RunTime:0.000552s ]
SQL: SHOW COLUMNS FROM `find_category` [ RunTime:0.007082s ]
SQL: SELECT * FROM `find_category`  [ RunTime:0.000555s ]
SQL: SHOW COLUMNS FROM `find_huati` [ RunTime:0.007011s ]
SQL: INSERT INTO `find_huati` (`title`,`content`,`gid`,`uid`,`htime`) VALUES ('fas','afsd',5,46,'2014-10-09 20:10:13') [ RunTime:0.070527s ]

[ 2014-10-09T20:06:13+08:00 ] 127.0.0.1 /find/index.php/Group/index/gid/5
INFO: [ route_check ] --START--
INFO: Run CheckRoute Behavior [ RunTime:0.001036s ]
INFO: [ route_check ] --END-- [ RunTime:0.001178s ]
INFO: [ app_begin ] --START--
INFO: Run ReadHtmlCache Behavior [ RunTime:0.000793s ]
INFO: [ app_begin ] --END-- [ RunTime:0.000925s ]
SQL: SHOW COLUMNS FROM `find_user` [ RunTime:0.004253s ]
SQL: SELECT * FROM `find_user` WHERE ( `id` = 46 ) LIMIT 1   [ RunTime:0.000365s ]
SQL: SHOW COLUMNS FROM `find_category` [ RunTime:0.006672s ]
SQL: SELECT * FROM `find_category`  [ RunTime:0.000566s ]
SQL: SHOW COLUMNS FROM `find_group` [ RunTime:0.004545s ]
SQL: SELECT * FROM `find_group` WHERE ( `gid` = 5 ) LIMIT 1   [ RunTime:0.000419s ]
SQL: SHOW COLUMNS FROM `find_huati` [ RunTime:0.004348s ]
SQL: SELECT COUNT(*) AS tp_count FROM `find_huati` LIMIT 1   [ RunTime:0.000326s ]
SQL: SELECT * FROM `find_huati` WHERE ( `gid` = 5 ) ORDER BY htime desc LIMIT 0,5   [ RunTime:0.000433s ]
INFO: [ view_template ] --START--
INFO: Run LocationTemplate Behavior [ RunTime:0.000747s ]
INFO: [ view_template ] --END-- [ RunTime:0.000876s ]
INFO: [ view_parse ] --START--
NOTIC: [8] Use of undefined constant addHuati - assumed 'addHuati' G:\www\find\APP\Runtime\Cache\c5d2135988943b3878092a0e7cd8c23f.php 第 20 行.
NOTIC: [8] Use of undefined constant index - assumed 'index' G:\www\find\APP\Runtime\Cache\c5d2135988943b3878092a0e7cd8c23f.php 第 29 行.
INFO: Run ParseTemplate Behavior [ RunTime:0.014757s ]
INFO: [ view_parse ] --END-- [ RunTime:0.014888s ]
INFO: [ view_filter ] --START--
INFO: Run ContentReplace Behavior [ RunTime:0.000651s ]
INFO: Run TokenBuild Behavior [ RunTime:0.000607s ]
INFO: Run WriteHtmlCache Behavior [ RunTime:0.000459s ]
INFO: Run ShowRuntime Behavior [ RunTime:0.000720s ]
INFO: [ view_filter ] --END-- [ RunTime:0.002773s ]
INFO: [ view_end ] --START--
INFO: Run ShowPageTrace Behavior [ RunTime:0.000799s ]
INFO: [ view_end ] --END-- [ RunTime:0.000916s ]

[ 2014-10-09T20:06:18+08:00 ] 127.0.0.1 /find/index.php
INFO: [ app_begin ] --START--
INFO: Run ReadHtmlCache Behavior [ RunTime:0.001297s ]
INFO: [ app_begin ] --END-- [ RunTime:0.001519s ]
SQL: SHOW COLUMNS FROM `find_user` [ RunTime:0.004450s ]
SQL: SELECT * FROM `find_user` WHERE ( `id` = 46 ) LIMIT 1   [ RunTime:0.000351s ]
SQL: SHOW COLUMNS FROM `find_category` [ RunTime:0.004201s ]
SQL: SELECT * FROM `find_category`  [ RunTime:0.000307s ]
SQL: SHOW COLUMNS FROM `find_huati` [ RunTime:0.004685s ]
SQL: SELECT COUNT(*) AS tp_count FROM `find_huati` LIMIT 1   [ RunTime:0.000320s ]
SQL: SELECT * FROM `find_huati` ORDER BY htime desc LIMIT 0,20   [ RunTime:0.000567s ]
SQL: SHOW COLUMNS FROM `find_group` [ RunTime:0.004573s ]
SQL: SELECT * FROM `find_group` WHERE ( 1=1 AND gid='5' ) LIMIT 1   [ RunTime:0.000338s ]
SQL: SELECT * FROM `find_group` WHERE ( 1=1 AND gid='5' ) LIMIT 1   [ RunTime:0.000268s ]
SQL: SELECT * FROM `find_group` WHERE ( 1=1 AND gid='5' ) LIMIT 1   [ RunTime:0.000282s ]
SQL: SELECT * FROM `find_group` WHERE ( 1=1 AND gid='6' ) LIMIT 1   [ RunTime:0.000265s ]
SQL: SELECT * FROM `find_group` WHERE ( 1=1 AND gid='6' ) LIMIT 1   [ RunTime:0.000245s ]
SQL: SELECT * FROM `find_group` WHERE ( 1=1 AND gid='5' ) LIMIT 1   [ RunTime:0.000251s ]
SQL: SELECT * FROM `find_group` WHERE ( 1=1 AND gid='5' ) LIMIT 1   [ RunTime:0.000249s ]
SQL: SELECT * FROM `find_group` WHERE ( 1=1 AND gid='5' ) LIMIT 1   [ RunTime:0.000246s ]
SQL: SELECT * FROM `find_group` WHERE ( 1=1 AND gid='1' ) LIMIT 1   [ RunTime:0.000245s ]
SQL: SELECT * FROM `find_group` WHERE ( 1=1 AND gid='1' ) LIMIT 1   [ RunTime:0.000236s ]
SQL: SELECT * FROM `find_group` WHERE ( 1=1 AND gid='1' ) LIMIT 1   [ RunTime:0.000240s ]
SQL: SELECT * FROM `find_group` WHERE ( 1=1 AND gid='5' ) LIMIT 1   [ RunTime:0.000242s ]
SQL: SELECT * FROM `find_group` WHERE ( 1=1 AND gid='6' ) LIMIT 1   [ RunTime:0.000241s ]
SQL: SELECT * FROM `find_group` WHERE ( 1=1 AND gid='1' ) LIMIT 1   [ RunTime:0.000241s ]
SQL: SELECT * FROM `find_group` WHERE ( 1=1 AND gid='1' ) LIMIT 1   [ RunTime:0.000235s ]
SQL: SELECT * FROM `find_group` WHERE ( 1=1 AND gid='1' ) LIMIT 1   [ RunTime:0.000245s ]
SQL: SELECT * FROM `find_group` WHERE ( 1=1 AND gid='5' ) LIMIT 1   [ RunTime:0.000246s ]
SQL: SELECT * FROM `find_group` WHERE ( 1=1 AND gid='0' ) LIMIT 1   [ RunTime:0.000221s ]
SQL: SELECT * FROM `find_group` WHERE ( 1=1 AND gid='1' ) LIMIT 1   [ RunTime:0.000243s ]
SQL: SELECT * FROM `find_group` WHERE ( 1=1 AND gid='1' ) LIMIT 1   [ RunTime:0.000231s ]
INFO: [ view_template ] --START--
INFO: Run LocationTemplate Behavior [ RunTime:0.000966s ]
INFO: [ view_template ] --END-- [ RunTime:0.001090s ]
INFO: [ view_parse ] --START--
NOTIC: [8] Use of undefined constant dianZan - assumed 'dianZan' G:\www\find\APP\Runtime\Cache\e5b19ddd3d471b21bbda02c5e4185b4b.php 第 19 行.
NOTIC: [8] Use of undefined constant index - assumed 'index' G:\www\find\APP\Runtime\Cache\e5b19ddd3d471b21bbda02c5e4185b4b.php 第 27 行.
INFO: Run ParseTemplate Behavior [ RunTime:0.016971s ]
INFO: [ view_parse ] --END-- [ RunTime:0.017096s ]
INFO: [ view_filter ] --START--
INFO: Run ContentReplace Behavior [ RunTime:0.000787s ]
INFO: Run TokenBuild Behavior [ RunTime:0.000612s ]
INFO: Run WriteHtmlCache Behavior [ RunTime:0.000454s ]
INFO: Run ShowRuntime Behavior [ RunTime:0.000719s ]
INFO: [ view_filter ] --END-- [ RunTime:0.002876s ]
INFO: [ view_end ] --START--
INFO: Run ShowPageTrace Behavior [ RunTime:0.000768s ]
INFO: [ view_end ] --END-- [ RunTime:0.000885s ]

